<?xml version="1.0" encoding="UTF-8"?>
<coverage generated="1786733176299" clover="3.2.0">
  <project timestamp="1786733176300" name="All files">
    <metrics statements="1171" coveredstatements="375" conditionals="598" coveredconditionals="103" methods="191" coveredmethods="67" elements="1960" coveredelements="545" complexity="0" loc="1171" ncloc="1171" packages="1" files="4" classes="4"/>
    <file name="essay-coach.js" path="C:\Users\User\OneDrive\Desktop\SchoolAI\js\essay-coach.js">
      <metrics statements="66" coveredstatements="63" conditionals="54" coveredconditionals="24" methods="11" coveredmethods="10"/>
      <line num="7" count="1" type="stmt"/>
      <line num="11" count="2" type="cond" truecount="1" falsecount="1"/>
      <line num="13" count="2" type="stmt"/>
      <line num="14" count="2" type="stmt"/>
      <line num="15" count="2" type="stmt"/>
      <line num="16" count="2" type="stmt"/>
      <line num="111" count="2" type="stmt"/>
      <line num="112" count="2" type="stmt"/>
      <line num="116" count="2" type="stmt"/>
      <line num="117" count="2" type="stmt"/>
      <line num="118" count="2" type="cond" truecount="1" falsecount="1"/>
      <line num="120" count="2" type="stmt"/>
      <line num="121" count="0" type="cond" truecount="0" falsecount="4"/>
      <line num="124" count="2" type="stmt"/>
      <line num="125" count="2" type="stmt"/>
      <line num="127" count="2" type="stmt"/>
      <line num="128" count="2" type="stmt"/>
      <line num="132" count="1" type="stmt"/>
      <line num="133" count="1" type="cond" truecount="1" falsecount="1"/>
      <line num="134" count="1" type="stmt"/>
      <line num="136" count="1" type="cond" truecount="1" falsecount="1"/>
      <line num="137" count="1" type="cond" truecount="2" falsecount="2"/>
      <line num="138" count="1" type="stmt"/>
      <line num="140" count="1" type="stmt"/>
      <line num="141" count="1" type="stmt"/>
      <line num="142" count="1" type="stmt"/>
      <line num="146" count="1" type="stmt"/>
      <line num="147" count="1" type="cond" truecount="1" falsecount="1"/>
      <line num="148" count="1" type="stmt"/>
      <line num="150" count="1" type="cond" truecount="1" falsecount="1"/>
      <line num="151" count="0" type="cond" truecount="0" falsecount="2"/>
      <line num="152" count="0" type="stmt"/>
      <line num="155" count="1" type="stmt"/>
      <line num="156" count="4" type="stmt"/>
      <line num="159" count="1" type="cond" truecount="2" falsecount="2"/>
      <line num="160" count="1" type="cond" truecount="4" falsecount="2"/>
      <line num="161" count="1" type="cond" truecount="1" falsecount="3"/>
      <line num="162" count="1" type="cond" truecount="1" falsecount="1"/>
      <line num="164" count="1" type="stmt"/>
      <line num="167" count="1" type="stmt"/>
      <line num="168" count="1" type="cond" truecount="2" falsecount="2"/>
      <line num="170" count="1" type="stmt"/>
      <line num="171" count="1" type="stmt"/>
      <line num="173" count="1" type="stmt"/>
      <line num="174" count="1" type="stmt"/>
      <line num="176" count="1" type="stmt"/>
      <line num="177" count="1" type="stmt"/>
      <line num="179" count="1" type="stmt"/>
      <line num="180" count="1" type="stmt"/>
      <line num="183" count="1" type="stmt"/>
      <line num="184" count="1" type="cond" truecount="1" falsecount="1"/>
      <line num="185" count="1" type="stmt"/>
      <line num="194" count="1" type="stmt"/>
      <line num="195" count="1" type="stmt"/>
      <line num="196" count="1" type="cond" truecount="1" falsecount="1"/>
      <line num="197" count="1" type="cond" truecount="1" falsecount="1"/>
      <line num="198" count="1" type="stmt"/>
      <line num="206" count="1" type="stmt"/>
      <line num="207" count="1" type="stmt"/>
      <line num="211" count="2" type="stmt"/>
      <line num="212" count="2" type="stmt"/>
      <line num="213" count="2" type="cond" truecount="1" falsecount="1"/>
      <line num="217" count="1" type="stmt"/>
      <line num="218" count="1" type="cond" truecount="1" falsecount="1"/>
      <line num="221" count="1" type="stmt"/>
      <line num="223" count="1" type="stmt"/>
    </file>
    <file name="interactive-lab.js" path="C:\Users\User\OneDrive\Desktop\SchoolAI\js\interactive-lab.js">
      <metrics statements="737" coveredstatements="209" conditionals="346" coveredconditionals="57" methods="104" coveredmethods="39"/>
      <line num="13" count="1" type="stmt"/>
      <line num="16" count="1" type="stmt"/>
      <line num="17" count="1" type="stmt"/>
      <line num="18" count="1" type="stmt"/>
      <line num="19" count="1" type="stmt"/>
      <line num="20" count="1" type="stmt"/>
      <line num="26" count="3" type="cond" truecount="2" falsecount="0"/>
      <line num="28" count="2" type="stmt"/>
      <line num="29" count="2" type="stmt"/>
      <line num="30" count="2" type="stmt"/>
      <line num="31" count="2" type="stmt"/>
      <line num="353" count="2" type="stmt"/>
      <line num="354" count="2" type="stmt"/>
      <line num="355" count="2" type="stmt"/>
      <line num="356" count="2" type="stmt"/>
      <line num="357" count="2" type="stmt"/>
      <line num="358" count="2" type="stmt"/>
      <line num="359" count="2" type="stmt"/>
      <line num="360" count="2" type="stmt"/>
      <line num="361" count="2" type="stmt"/>
      <line num="368" count="2" type="stmt"/>
      <line num="369" count="2" type="stmt"/>
      <line num="370" count="2" type="cond" truecount="0" falsecount="2"/>
      <line num="372" count="2" type="stmt"/>
      <line num="373" count="0" type="cond" truecount="0" falsecount="4"/>
      <line num="376" count="2" type="stmt"/>
      <line num="377" count="16" type="stmt"/>
      <line num="378" count="0" type="stmt"/>
      <line num="379" count="0" type="stmt"/>
      <line num="380" count="0" type="stmt"/>
      <line num="381" count="0" type="stmt"/>
      <line num="382" count="0" type="cond" truecount="0" falsecount="2"/>
      <line num="383" count="0" type="cond" truecount="0" falsecount="2"/>
      <line num="384" count="0" type="cond" truecount="0" falsecount="2"/>
      <line num="385" count="0" type="cond" truecount="0" falsecount="2"/>
      <line num="390" count="2" type="stmt"/>
      <line num="391" count="0" type="stmt"/>
      <line num="393" count="2" type="stmt"/>
      <line num="394" count="0" type="stmt"/>
      <line num="396" count="2" type="stmt"/>
      <line num="397" count="0" type="stmt"/>
      <line num="399" count="2" type="stmt"/>
      <line num="402" count="2" type="stmt"/>
      <line num="403" count="2" type="stmt"/>
      <line num="406" count="2" type="stmt"/>
      <line num="409" count="2" type="stmt"/>
      <line num="410" count="2" type="stmt"/>
      <line num="411" count="0" type="cond" truecount="0" falsecount="2"/>
      <line num="413" count="2" type="stmt"/>
      <line num="414" count="14" type="stmt"/>
      <line num="415" count="0" type="stmt"/>
      <line num="416" count="0" type="cond" truecount="0" falsecount="2"/>
      <line num="421" count="2" type="stmt"/>
      <line num="422" count="2" type="stmt"/>
      <line num="424" count="2" type="stmt"/>
      <line num="425" count="8" type="stmt"/>
      <line num="426" count="0" type="stmt"/>
      <line num="427" count="0" type="stmt"/>
      <line num="428" count="0" type="cond" truecount="0" falsecount="2"/>
      <line num="429" count="0" type="stmt"/>
      <line num="430" count="0" type="stmt"/>
      <line num="435" count="2" type="stmt"/>
      <line num="436" count="0" type="cond" truecount="0" falsecount="2"/>
      <line num="437" count="0" type="stmt"/>
      <line num="438" count="0" type="stmt"/>
      <line num="439" count="0" type="stmt"/>
      <line num="443" count="2" type="stmt"/>
      <line num="444" count="0" type="cond" truecount="0" falsecount="2"/>
      <line num="445" count="0" type="stmt"/>
      <line num="446" count="0" type="stmt"/>
      <line num="447" count="0" type="stmt"/>
      <line num="451" count="2" type="stmt"/>
      <line num="452" count="0" type="stmt"/>
      <line num="453" count="0" type="cond" truecount="0" falsecount="2"/>
      <line num="456" count="2" type="stmt"/>
      <line num="457" count="0" type="stmt"/>
      <line num="458" count="0" type="cond" truecount="0" falsecount="2"/>
      <line num="461" count="2" type="stmt"/>
      <line num="462" count="0" type="stmt"/>
      <line num="463" count="0" type="cond" truecount="0" falsecount="2"/>
      <line num="464" count="0" type="stmt"/>
      <line num="465" count="0" type="stmt"/>
      <line num="470" count="2" type="stmt"/>
      <line num="471" count="12" type="stmt"/>
      <line num="472" count="0" type="stmt"/>
      <line num="473" count="0" type="stmt"/>
      <line num="474" count="0" type="stmt"/>
      <line num="478" count="2" type="stmt"/>
      <line num="479" count="0" type="stmt"/>
      <line num="480" count="0" type="stmt"/>
      <line num="484" count="2" type="stmt"/>
      <line num="485" count="2" type="stmt"/>
      <line num="486" count="0" type="stmt"/>
      <line num="487" count="0" type="stmt"/>
      <line num="488" count="0" type="stmt"/>
      <line num="489" count="0" type="cond" truecount="0" falsecount="2"/>
      <line num="490" count="0" type="cond" truecount="0" falsecount="2"/>
      <line num="491" count="0" type="stmt"/>
      <line num="493" count="2" type="stmt"/>
      <line num="494" count="0" type="stmt"/>
      <line num="495" count="0" type="stmt"/>
      <line num="496" count="0" type="stmt"/>
      <line num="497" count="0" type="cond" truecount="0" falsecount="4"/>
      <line num="499" count="2" type="stmt"/>
      <line num="500" count="0" type="stmt"/>
      <line num="501" count="0" type="stmt"/>
      <line num="502" count="0" type="stmt"/>
      <line num="503" count="0" type="stmt"/>
      <line num="505" count="2" type="stmt"/>
      <line num="506" count="0" type="stmt"/>
      <line num="507" count="0" type="cond" truecount="0" falsecount="4"/>
      <line num="515" count="0" type="stmt"/>
      <line num="516" count="0" type="cond" truecount="0" falsecount="2"/>
      <line num="517" count="0" type="stmt"/>
      <line num="518" count="0" type="cond" truecount="0" falsecount="2"/>
      <line num="519" count="0" type="stmt"/>
      <line num="521" count="0" type="cond" truecount="0" falsecount="2"/>
      <line num="522" count="0" type="cond" truecount="0" falsecount="2"/>
      <line num="523" count="0" type="cond" truecount="0" falsecount="2"/>
      <line num="524" count="0" type="stmt"/>
      <line num="525" count="0" type="stmt"/>
      <line num="526" count="0" type="stmt"/>
      <line num="528" count="0" type="stmt"/>
      <line num="529" count="0" type="stmt"/>
      <line num="530" count="0" type="stmt"/>
      <line num="532" count="0" type="stmt"/>
      <line num="533" count="0" type="cond" truecount="0" falsecount="2"/>
      <line num="534" count="0" type="stmt"/>
      <line num="537" count="0" type="stmt"/>
      <line num="538" count="0" type="stmt"/>
      <line num="539" count="0" type="stmt"/>
      <line num="540" count="0" type="stmt"/>
      <line num="542" count="0" type="cond" truecount="0" falsecount="2"/>
      <line num="544" count="0" type="stmt"/>
      <line num="545" count="0" type="stmt"/>
      <line num="546" count="0" type="stmt"/>
      <line num="549" count="0" type="stmt"/>
      <line num="550" count="0" type="stmt"/>
      <line num="552" count="0" type="stmt"/>
      <line num="553" count="0" type="stmt"/>
      <line num="554" count="0" type="stmt"/>
      <line num="555" count="0" type="stmt"/>
      <line num="557" count="0" type="stmt"/>
      <line num="558" count="0" type="stmt"/>
      <line num="559" count="0" type="stmt"/>
      <line num="560" count="0" type="stmt"/>
      <line num="561" count="0" type="stmt"/>
      <line num="562" count="0" type="stmt"/>
      <line num="564" count="0" type="stmt"/>
      <line num="565" count="0" type="stmt"/>
      <line num="566" count="0" type="stmt"/>
      <line num="567" count="0" type="stmt"/>
      <line num="568" count="0" type="stmt"/>
      <line num="569" count="0" type="stmt"/>
      <line num="570" count="0" type="cond" truecount="0" falsecount="2"/>
      <line num="571" count="0" type="stmt"/>
      <line num="573" count="0" type="stmt"/>
      <line num="575" count="0" type="stmt"/>
      <line num="576" count="0" type="stmt"/>
      <line num="578" count="0" type="cond" truecount="0" falsecount="4"/>
      <line num="579" count="0" type="stmt"/>
      <line num="580" count="0" type="stmt"/>
      <line num="581" count="0" type="stmt"/>
      <line num="583" count="0" type="stmt"/>
      <line num="584" count="0" type="stmt"/>
      <line num="585" count="0" type="stmt"/>
      <line num="586" count="0" type="stmt"/>
      <line num="587" count="0" type="stmt"/>
      <line num="588" count="0" type="stmt"/>
      <line num="589" count="0" type="stmt"/>
      <line num="591" count="0" type="stmt"/>
      <line num="592" count="0" type="stmt"/>
      <line num="594" count="0" type="stmt"/>
      <line num="595" count="0" type="stmt"/>
      <line num="596" count="0" type="stmt"/>
      <line num="597" count="0" type="stmt"/>
      <line num="598" count="0" type="stmt"/>
      <line num="599" count="0" type="stmt"/>
      <line num="601" count="0" type="stmt"/>
      <line num="602" count="0" type="stmt"/>
      <line num="603" count="0" type="stmt"/>
      <line num="607" count="0" type="stmt"/>
      <line num="615" count="2" type="stmt"/>
      <line num="616" count="2" type="stmt"/>
      <line num="617" count="2" type="stmt"/>
      <line num="618" count="2" type="stmt"/>
      <line num="619" count="2" type="stmt"/>
      <line num="620" count="2" type="stmt"/>
      <line num="621" count="2" type="stmt"/>
      <line num="622" count="2" type="stmt"/>
      <line num="623" count="2" type="stmt"/>
      <line num="624" count="2" type="stmt"/>
      <line num="625" count="2" type="stmt"/>
      <line num="626" count="2" type="stmt"/>
      <line num="630" count="2" type="stmt"/>
      <line num="631" count="2" type="stmt"/>
      <line num="632" count="2" type="stmt"/>
      <line num="633" count="24" type="stmt"/>
      <line num="635" count="2" type="stmt"/>
      <line num="637" count="2" type="stmt"/>
      <line num="638" count="2" type="stmt"/>
      <line num="639" count="12" type="stmt"/>
      <line num="641" count="2" type="stmt"/>
      <line num="645" count="0" type="stmt"/>
      <line num="646" count="0" type="stmt"/>
      <line num="650" count="2" type="stmt"/>
      <line num="651" count="2" type="stmt"/>
      <line num="652" count="2" type="cond" truecount="1" falsecount="1"/>
      <line num="653" count="2" type="stmt"/>
      <line num="654" count="120" type="stmt"/>
      <line num="655" count="120" type="stmt"/>
      <line num="656" count="120" type="stmt"/>
      <line num="658" count="2" type="stmt"/>
      <line num="659" count="120" type="stmt"/>
      <line num="660" count="120" type="stmt"/>
      <line num="661" count="120" type="stmt"/>
      <line num="663" count="0" type="cond" truecount="0" falsecount="2"/>
      <line num="664" count="0" type="stmt"/>
      <line num="665" count="0" type="stmt"/>
      <line num="667" count="0" type="stmt"/>
      <line num="668" count="0" type="stmt"/>
      <line num="670" count="0" type="cond" truecount="0" falsecount="2"/>
      <line num="671" count="0" type="stmt"/>
      <line num="672" count="0" type="stmt"/>
      <line num="673" count="0" type="stmt"/>
      <line num="674" count="0" type="cond" truecount="0" falsecount="2"/>
      <line num="675" count="0" type="stmt"/>
      <line num="677" count="0" type="cond" truecount="0" falsecount="2"/>
      <line num="678" count="0" type="stmt"/>
      <line num="679" count="0" type="stmt"/>
      <line num="680" count="0" type="stmt"/>
      <line num="681" count="0" type="stmt"/>
      <line num="683" count="0" type="stmt"/>
      <line num="684" count="0" type="stmt"/>
      <line num="685" count="0" type="stmt"/>
      <line num="686" count="0" type="stmt"/>
      <line num="692" count="0" type="cond" truecount="0" falsecount="2"/>
      <line num="693" count="0" type="cond" truecount="0" falsecount="2"/>
      <line num="694" count="0" type="cond" truecount="0" falsecount="2"/>
      <line num="695" count="0" type="cond" truecount="0" falsecount="4"/>
      <line num="696" count="0" type="stmt"/>
      <line num="700" count="0" type="cond" truecount="0" falsecount="4"/>
      <line num="701" count="0" type="cond" truecount="0" falsecount="2"/>
      <line num="702" count="0" type="cond" truecount="0" falsecount="2"/>
      <line num="703" count="0" type="cond" truecount="0" falsecount="4"/>
      <line num="704" count="0" type="stmt"/>
      <line num="708" count="0" type="stmt"/>
      <line num="712" count="0" type="stmt"/>
      <line num="713" count="0" type="stmt"/>
      <line num="714" count="0" type="stmt"/>
      <line num="715" count="0" type="stmt"/>
      <line num="716" count="0" type="stmt"/>
      <line num="718" count="0" type="stmt"/>
      <line num="719" count="0" type="stmt"/>
      <line num="720" count="0" type="stmt"/>
      <line num="722" count="0" type="stmt"/>
      <line num="723" count="0" type="stmt"/>
      <line num="727" count="0" type="stmt"/>
      <line num="731" count="0" type="stmt"/>
      <line num="732" count="0" type="stmt"/>
      <line num="734" count="0" type="stmt"/>
      <line num="735" count="0" type="stmt"/>
      <line num="736" count="0" type="stmt"/>
      <line num="737" count="0" type="stmt"/>
      <line num="739" count="0" type="stmt"/>
      <line num="740" count="0" type="stmt"/>
      <line num="741" count="0" type="stmt"/>
      <line num="744" count="0" type="stmt"/>
      <line num="745" count="0" type="stmt"/>
      <line num="746" count="0" type="stmt"/>
      <line num="749" count="0" type="stmt"/>
      <line num="751" count="0" type="stmt"/>
      <line num="752" count="0" type="stmt"/>
      <line num="754" count="0" type="stmt"/>
      <line num="757" count="0" type="stmt"/>
      <line num="758" count="0" type="stmt"/>
      <line num="759" count="0" type="stmt"/>
      <line num="761" count="0" type="stmt"/>
      <line num="762" count="0" type="stmt"/>
      <line num="763" count="0" type="stmt"/>
      <line num="768" count="0" type="cond" truecount="0" falsecount="2"/>
      <line num="769" count="0" type="stmt"/>
      <line num="770" count="0" type="stmt"/>
      <line num="771" count="0" type="stmt"/>
      <line num="772" count="0" type="stmt"/>
      <line num="774" count="0" type="cond" truecount="0" falsecount="2"/>
      <line num="775" count="0" type="stmt"/>
      <line num="776" count="0" type="stmt"/>
      <line num="777" count="0" type="stmt"/>
      <line num="778" count="0" type="stmt"/>
      <line num="783" count="0" type="stmt"/>
      <line num="784" count="0" type="stmt"/>
      <line num="785" count="0" type="stmt"/>
      <line num="786" count="0" type="stmt"/>
      <line num="787" count="0" type="stmt"/>
      <line num="789" count="0" type="stmt"/>
      <line num="791" count="0" type="stmt"/>
      <line num="792" count="0" type="stmt"/>
      <line num="797" count="2" type="stmt"/>
      <line num="798" count="2" type="stmt"/>
      <line num="802" count="0" type="stmt"/>
      <line num="803" count="0" type="stmt"/>
      <line num="804" count="0" type="cond" truecount="0" falsecount="2"/>
      <line num="805" count="0" type="cond" truecount="0" falsecount="2"/>
      <line num="806" count="0" type="cond" truecount="0" falsecount="2"/>
      <line num="808" count="0" type="cond" truecount="0" falsecount="2"/>
      <line num="809" count="0" type="stmt"/>
      <line num="814" count="0" type="cond" truecount="0" falsecount="2"/>
      <line num="815" count="0" type="stmt"/>
      <line num="816" count="0" type="stmt"/>
      <line num="817" count="0" type="stmt"/>
      <line num="818" count="0" type="stmt"/>
      <line num="823" count="0" type="cond" truecount="0" falsecount="4"/>
      <line num="826" count="0" type="stmt"/>
      <line num="827" count="0" type="stmt"/>
      <line num="828" count="0" type="stmt"/>
      <line num="831" count="0" type="stmt"/>
      <line num="832" count="0" type="stmt"/>
      <line num="833" count="0" type="cond" truecount="0" falsecount="2"/>
      <line num="834" count="0" type="cond" truecount="0" falsecount="2"/>
      <line num="836" count="0" type="stmt"/>
      <line num="837" count="0" type="stmt"/>
      <line num="841" count="3" type="stmt"/>
      <line num="842" count="3" type="cond" truecount="3" falsecount="1"/>
      <line num="843" count="3" type="stmt"/>
      <line num="844" count="3" type="cond" truecount="1" falsecount="1"/>
      <line num="846" count="0" type="stmt"/>
      <line num="847" count="0" type="stmt"/>
      <line num="848" count="0" type="stmt"/>
      <line num="849" count="0" type="stmt"/>
      <line num="852" count="0" type="stmt"/>
      <line num="853" count="0" type="stmt"/>
      <line num="854" count="0" type="stmt"/>
      <line num="855" count="0" type="stmt"/>
      <line num="856" count="0" type="stmt"/>
      <line num="859" count="0" type="stmt"/>
      <line num="860" count="0" type="stmt"/>
      <line num="861" count="0" type="stmt"/>
      <line num="863" count="0" type="stmt"/>
      <line num="864" count="0" type="stmt"/>
      <line num="869" count="0" type="stmt"/>
      <line num="870" count="0" type="stmt"/>
      <line num="871" count="0" type="stmt"/>
      <line num="872" count="0" type="stmt"/>
      <line num="873" count="0" type="stmt"/>
      <line num="874" count="0" type="stmt"/>
      <line num="877" count="0" type="stmt"/>
      <line num="878" count="0" type="stmt"/>
      <line num="879" count="0" type="stmt"/>
      <line num="881" count="0" type="stmt"/>
      <line num="882" count="0" type="stmt"/>
      <line num="883" count="0" type="cond" truecount="0" falsecount="2"/>
      <line num="884" count="0" type="stmt"/>
      <line num="885" count="0" type="stmt"/>
      <line num="886" count="0" type="stmt"/>
      <line num="887" count="0" type="stmt"/>
      <line num="892" count="0" type="stmt"/>
      <line num="893" count="0" type="cond" truecount="0" falsecount="4"/>
      <line num="895" count="0" type="cond" truecount="0" falsecount="4"/>
      <line num="896" count="0" type="stmt"/>
      <line num="897" count="0" type="cond" truecount="0" falsecount="4"/>
      <line num="898" count="0" type="stmt"/>
      <line num="899" count="0" type="cond" truecount="0" falsecount="2"/>
      <line num="900" count="0" type="stmt"/>
      <line num="902" count="0" type="stmt"/>
      <line num="909" count="1" type="stmt"/>
      <line num="911" count="0" type="stmt"/>
      <line num="912" count="0" type="cond" truecount="0" falsecount="2"/>
      <line num="917" count="0" type="stmt"/>
      <line num="918" count="0" type="stmt"/>
      <line num="923" count="0" type="stmt"/>
      <line num="924" count="0" type="stmt"/>
      <line num="929" count="0" type="cond" truecount="0" falsecount="2"/>
      <line num="930" count="0" type="cond" truecount="0" falsecount="2"/>
      <line num="935" count="0" type="stmt"/>
      <line num="937" count="0" type="stmt"/>
      <line num="938" count="0" type="stmt"/>
      <line num="939" count="0" type="stmt"/>
      <line num="945" count="0" type="stmt"/>
      <line num="946" count="0" type="stmt"/>
      <line num="953" count="3" type="stmt"/>
      <line num="954" count="3" type="cond" truecount="1" falsecount="1"/>
      <line num="955" count="3" type="stmt"/>
      <line num="956" count="3" type="cond" truecount="1" falsecount="1"/>
      <line num="958" count="0" type="stmt"/>
      <line num="959" count="0" type="stmt"/>
      <line num="960" count="0" type="cond" truecount="0" falsecount="2"/>
      <line num="961" count="0" type="cond" truecount="0" falsecount="2"/>
      <line num="963" count="0" type="cond" truecount="0" falsecount="2"/>
      <line num="964" count="0" type="stmt"/>
      <line num="965" count="0" type="stmt"/>
      <line num="967" count="0" type="stmt"/>
      <line num="968" count="0" type="stmt"/>
      <line num="969" count="0" type="stmt"/>
      <line num="970" count="0" type="stmt"/>
      <line num="973" count="0" type="stmt"/>
      <line num="974" count="0" type="stmt"/>
      <line num="976" count="0" type="stmt"/>
      <line num="977" count="0" type="stmt"/>
      <line num="978" count="0" type="stmt"/>
      <line num="981" count="0" type="stmt"/>
      <line num="982" count="0" type="stmt"/>
      <line num="983" count="0" type="stmt"/>
      <line num="984" count="0" type="stmt"/>
      <line num="985" count="0" type="stmt"/>
      <line num="987" count="0" type="stmt"/>
      <line num="988" count="0" type="stmt"/>
      <line num="989" count="0" type="stmt"/>
      <line num="993" count="0" type="stmt"/>
      <line num="994" count="0" type="stmt"/>
      <line num="995" count="0" type="stmt"/>
      <line num="996" count="0" type="stmt"/>
      <line num="999" count="0" type="stmt"/>
      <line num="1000" count="0" type="stmt"/>
      <line num="1001" count="0" type="stmt"/>
      <line num="1002" count="0" type="stmt"/>
      <line num="1003" count="0" type="stmt"/>
      <line num="1004" count="0" type="stmt"/>
      <line num="1005" count="0" type="stmt"/>
      <line num="1006" count="0" type="stmt"/>
      <line num="1007" count="0" type="cond" truecount="0" falsecount="2"/>
      <line num="1008" count="0" type="stmt"/>
      <line num="1010" count="0" type="stmt"/>
      <line num="1011" count="0" type="stmt"/>
      <line num="1014" count="0" type="stmt"/>
      <line num="1015" count="0" type="stmt"/>
      <line num="1016" count="0" type="stmt"/>
      <line num="1017" count="0" type="stmt"/>
      <line num="1018" count="0" type="stmt"/>
      <line num="1019" count="0" type="stmt"/>
      <line num="1020" count="0" type="stmt"/>
      <line num="1021" count="0" type="cond" truecount="0" falsecount="2"/>
      <line num="1022" count="0" type="stmt"/>
      <line num="1024" count="0" type="stmt"/>
      <line num="1027" count="0" type="stmt"/>
      <line num="1028" count="0" type="stmt"/>
      <line num="1029" count="0" type="stmt"/>
      <line num="1030" count="0" type="stmt"/>
      <line num="1031" count="0" type="stmt"/>
      <line num="1032" count="0" type="stmt"/>
      <line num="1033" count="0" type="stmt"/>
      <line num="1034" count="0" type="stmt"/>
      <line num="1035" count="0" type="stmt"/>
      <line num="1038" count="0" type="stmt"/>
      <line num="1039" count="0" type="stmt"/>
      <line num="1040" count="0" type="stmt"/>
      <line num="1041" count="0" type="stmt"/>
      <line num="1042" count="0" type="stmt"/>
      <line num="1049" count="2" type="cond" truecount="1" falsecount="1"/>
      <line num="1050" count="2" type="cond" truecount="1" falsecount="1"/>
      <line num="1051" count="2" type="stmt"/>
      <line num="1052" count="2" type="stmt"/>
      <line num="1053" count="2" type="cond" truecount="1" falsecount="1"/>
      <line num="1055" count="2" type="cond" truecount="1" falsecount="1"/>
      <line num="1056" count="2" type="cond" truecount="1" falsecount="1"/>
      <line num="1058" count="2" type="stmt"/>
      <line num="1059" count="2" type="stmt"/>
      <line num="1060" count="2" type="stmt"/>
      <line num="1062" count="2" type="stmt"/>
      <line num="1063" count="2" type="stmt"/>
      <line num="1064" count="4" type="stmt"/>
      <line num="1066" count="2" type="stmt"/>
      <line num="1067" count="4" type="stmt"/>
      <line num="1068" count="4" type="stmt"/>
      <line num="1069" count="4" type="stmt"/>
      <line num="1070" count="8" type="stmt"/>
      <line num="1071" count="8" type="stmt"/>
      <line num="1072" count="8" type="stmt"/>
      <line num="1073" count="8" type="stmt"/>
      <line num="1074" count="8" type="stmt"/>
      <line num="1075" count="8" type="cond" truecount="2" falsecount="0"/>
      <line num="1076" count="8" type="stmt"/>
      <line num="1080" count="2" type="stmt"/>
      <line num="1081" count="2" type="stmt"/>
      <line num="1083" count="2" type="stmt"/>
      <line num="1084" count="8" type="cond" truecount="2" falsecount="0"/>
      <line num="1086" count="8" type="stmt"/>
      <line num="1087" count="2" type="stmt"/>
      <line num="1089" count="2" type="cond" truecount="1" falsecount="1"/>
      <line num="1090" count="2" type="stmt"/>
      <line num="1091" count="8" type="stmt"/>
      <line num="1100" count="1" type="stmt"/>
      <line num="1115" count="2" type="stmt"/>
      <line num="1116" count="2" type="stmt"/>
      <line num="1117" count="2" type="stmt"/>
      <line num="1118" count="2" type="stmt"/>
      <line num="1119" count="2" type="cond" truecount="1" falsecount="1"/>
      <line num="1121" count="2" type="stmt"/>
      <line num="1122" count="2" type="cond" truecount="1" falsecount="1"/>
      <line num="1123" count="2" type="cond" truecount="1" falsecount="1"/>
      <line num="1125" count="12" type="cond" truecount="3" falsecount="1"/>
      <line num="1127" count="2" type="cond" truecount="1" falsecount="1"/>
      <line num="1128" count="2" type="cond" truecount="2" falsecount="2"/>
      <line num="1129" count="2" type="stmt"/>
      <line num="1140" count="2" type="stmt"/>
      <line num="1141" count="2" type="stmt"/>
      <line num="1142" count="2" type="cond" truecount="3" falsecount="1"/>
      <line num="1143" count="2" type="stmt"/>
      <line num="1144" count="2" type="cond" truecount="1" falsecount="1"/>
      <line num="1145" count="0" type="stmt"/>
      <line num="1146" count="0" type="cond" truecount="0" falsecount="2"/>
      <line num="1148" count="0" type="stmt"/>
      <line num="1149" count="0" type="stmt"/>
      <line num="1151" count="0" type="stmt"/>
      <line num="1152" count="0" type="stmt"/>
      <line num="1155" count="0" type="stmt"/>
      <line num="1156" count="0" type="stmt"/>
      <line num="1157" count="0" type="stmt"/>
      <line num="1158" count="0" type="stmt"/>
      <line num="1161" count="0" type="stmt"/>
      <line num="1162" count="0" type="stmt"/>
      <line num="1163" count="0" type="stmt"/>
      <line num="1164" count="0" type="stmt"/>
      <line num="1167" count="0" type="stmt"/>
      <line num="1168" count="0" type="stmt"/>
      <line num="1169" count="0" type="stmt"/>
      <line num="1170" count="0" type="cond" truecount="0" falsecount="2"/>
      <line num="1171" count="0" type="stmt"/>
      <line num="1172" count="0" type="cond" truecount="0" falsecount="4"/>
      <line num="1173" count="0" type="stmt"/>
      <line num="1174" count="0" type="cond" truecount="0" falsecount="4"/>
      <line num="1178" count="0" type="stmt"/>
      <line num="1179" count="0" type="stmt"/>
      <line num="1180" count="0" type="stmt"/>
      <line num="1181" count="0" type="stmt"/>
      <line num="1182" count="0" type="stmt"/>
      <line num="1184" count="0" type="stmt"/>
      <line num="1185" count="0" type="stmt"/>
      <line num="1187" count="0" type="stmt"/>
      <line num="1189" count="0" type="stmt"/>
      <line num="1190" count="0" type="stmt"/>
      <line num="1192" count="0" type="cond" truecount="0" falsecount="4"/>
      <line num="1193" count="0" type="stmt"/>
      <line num="1194" count="0" type="stmt"/>
      <line num="1197" count="0" type="stmt"/>
      <line num="1198" count="0" type="cond" truecount="0" falsecount="2"/>
      <line num="1199" count="0" type="stmt"/>
      <line num="1201" count="0" type="stmt"/>
      <line num="1203" count="0" type="stmt"/>
      <line num="1204" count="0" type="stmt"/>
      <line num="1205" count="0" type="stmt"/>
      <line num="1207" count="0" type="stmt"/>
      <line num="1208" count="0" type="stmt"/>
      <line num="1209" count="0" type="stmt"/>
      <line num="1216" count="1" type="stmt"/>
      <line num="1232" count="2" type="stmt"/>
      <line num="1233" count="2" type="cond" truecount="1" falsecount="1"/>
      <line num="1235" count="24" type="stmt"/>
      <line num="1248" count="1" type="stmt"/>
      <line num="1249" count="1" type="stmt"/>
      <line num="1250" count="1" type="stmt"/>
      <line num="1251" count="1" type="stmt"/>
      <line num="1252" count="1" type="stmt"/>
      <line num="1255" count="2" type="stmt"/>
      <line num="1259" count="2" type="stmt"/>
      <line num="1260" count="2" type="stmt"/>
      <line num="1261" count="36" type="stmt"/>
      <line num="1263" count="2" type="stmt"/>
      <line num="1264" count="2" type="stmt"/>
      <line num="1265" count="2" type="stmt"/>
      <line num="1266" count="2" type="stmt"/>
      <line num="1270" count="2" type="stmt"/>
      <line num="1271" count="2" type="cond" truecount="1" falsecount="1"/>
      <line num="1272" count="2" type="stmt"/>
      <line num="1273" count="36" type="stmt"/>
      <line num="1274" count="36" type="stmt"/>
      <line num="1275" count="36" type="stmt"/>
      <line num="1276" count="36" type="stmt"/>
      <line num="1278" count="36" type="stmt"/>
      <line num="1279" count="36" type="cond" truecount="1" falsecount="1"/>
      <line num="1280" count="36" type="cond" truecount="1" falsecount="1"/>
      <line num="1281" count="36" type="cond" truecount="1" falsecount="1"/>
      <line num="1282" count="36" type="cond" truecount="1" falsecount="1"/>
      <line num="1284" count="36" type="stmt"/>
      <line num="1289" count="2" type="stmt"/>
      <line num="1290" count="2" type="stmt"/>
      <line num="1291" count="2" type="cond" truecount="1" falsecount="1"/>
      <line num="1292" count="2" type="cond" truecount="1" falsecount="1"/>
      <line num="1296" count="0" type="stmt"/>
      <line num="1297" count="0" type="cond" truecount="0" falsecount="2"/>
      <line num="1300" count="1" type="stmt"/>
      <line num="1303" count="0" type="cond" truecount="0" falsecount="2"/>
      <line num="1304" count="0" type="stmt"/>
      <line num="1305" count="0" type="stmt"/>
      <line num="1306" count="0" type="stmt"/>
      <line num="1307" count="0" type="cond" truecount="0" falsecount="2"/>
      <line num="1308" count="0" type="stmt"/>
      <line num="1311" count="0" type="cond" truecount="0" falsecount="2"/>
      <line num="1312" count="0" type="stmt"/>
      <line num="1313" count="0" type="stmt"/>
      <line num="1314" count="0" type="stmt"/>
      <line num="1315" count="0" type="stmt"/>
      <line num="1316" count="0" type="stmt"/>
      <line num="1318" count="0" type="stmt"/>
      <line num="1319" count="0" type="cond" truecount="0" falsecount="2"/>
      <line num="1321" count="0" type="cond" truecount="0" falsecount="2"/>
      <line num="1322" count="0" type="cond" truecount="0" falsecount="2"/>
      <line num="1323" count="0" type="cond" truecount="0" falsecount="2"/>
      <line num="1324" count="0" type="cond" truecount="0" falsecount="2"/>
      <line num="1326" count="0" type="stmt"/>
      <line num="1327" count="0" type="cond" truecount="0" falsecount="2"/>
      <line num="1328" count="0" type="cond" truecount="0" falsecount="2"/>
      <line num="1329" count="0" type="stmt"/>
      <line num="1334" count="0" type="stmt"/>
      <line num="1335" count="0" type="stmt"/>
      <line num="1336" count="0" type="stmt"/>
      <line num="1337" count="0" type="stmt"/>
      <line num="1338" count="0" type="cond" truecount="0" falsecount="2"/>
      <line num="1339" count="0" type="stmt"/>
      <line num="1340" count="0" type="stmt"/>
      <line num="1341" count="0" type="stmt"/>
      <line num="1342" count="0" type="stmt"/>
      <line num="1344" count="0" type="cond" truecount="0" falsecount="2"/>
      <line num="1345" count="0" type="stmt"/>
      <line num="1346" count="0" type="stmt"/>
      <line num="1347" count="0" type="stmt"/>
      <line num="1348" count="0" type="stmt"/>
      <line num="1349" count="0" type="stmt"/>
      <line num="1350" count="0" type="stmt"/>
      <line num="1351" count="0" type="stmt"/>
      <line num="1354" count="0" type="stmt"/>
      <line num="1359" count="0" type="stmt"/>
      <line num="1360" count="0" type="stmt"/>
      <line num="1361" count="0" type="stmt"/>
      <line num="1362" count="0" type="stmt"/>
      <line num="1363" count="0" type="stmt"/>
      <line num="1364" count="0" type="cond" truecount="0" falsecount="2"/>
      <line num="1365" count="0" type="stmt"/>
      <line num="1366" count="0" type="stmt"/>
      <line num="1367" count="0" type="stmt"/>
      <line num="1368" count="0" type="stmt"/>
      <line num="1370" count="0" type="cond" truecount="0" falsecount="2"/>
      <line num="1371" count="0" type="stmt"/>
      <line num="1374" count="0" type="cond" truecount="0" falsecount="2"/>
      <line num="1375" count="0" type="stmt"/>
      <line num="1376" count="0" type="stmt"/>
      <line num="1377" count="0" type="stmt"/>
      <line num="1378" count="0" type="stmt"/>
      <line num="1379" count="0" type="stmt"/>
      <line num="1380" count="0" type="stmt"/>
      <line num="1381" count="0" type="stmt"/>
      <line num="1383" count="0" type="stmt"/>
      <line num="1388" count="0" type="cond" truecount="0" falsecount="4"/>
      <line num="1389" count="0" type="stmt"/>
      <line num="1390" count="0" type="stmt"/>
      <line num="1391" count="0" type="stmt"/>
      <line num="1396" count="0" type="stmt"/>
      <line num="1397" count="0" type="stmt"/>
      <line num="1398" count="0" type="stmt"/>
      <line num="1399" count="0" type="cond" truecount="0" falsecount="2"/>
      <line num="1400" count="0" type="stmt"/>
      <line num="1401" count="0" type="stmt"/>
      <line num="1402" count="0" type="stmt"/>
      <line num="1403" count="0" type="stmt"/>
      <line num="1405" count="0" type="cond" truecount="0" falsecount="2"/>
      <line num="1406" count="0" type="stmt"/>
      <line num="1407" count="0" type="stmt"/>
      <line num="1408" count="0" type="stmt"/>
      <line num="1409" count="0" type="stmt"/>
      <line num="1410" count="0" type="stmt"/>
      <line num="1411" count="0" type="stmt"/>
      <line num="1412" count="0" type="stmt"/>
      <line num="1413" count="0" type="stmt"/>
      <line num="1416" count="0" type="stmt"/>
      <line num="1417" count="0" type="stmt"/>
      <line num="1418" count="0" type="stmt"/>
      <line num="1419" count="0" type="stmt"/>
      <line num="1420" count="0" type="stmt"/>
      <line num="1421" count="0" type="stmt"/>
      <line num="1422" count="0" type="stmt"/>
      <line num="1423" count="0" type="stmt"/>
      <line num="1427" count="0" type="stmt"/>
      <line num="1428" count="0" type="stmt"/>
      <line num="1429" count="0" type="stmt"/>
      <line num="1431" count="0" type="stmt"/>
      <line num="1432" count="0" type="stmt"/>
      <line num="1434" count="0" type="cond" truecount="0" falsecount="2"/>
      <line num="1435" count="0" type="stmt"/>
      <line num="1436" count="0" type="stmt"/>
      <line num="1437" count="0" type="stmt"/>
      <line num="1438" count="0" type="stmt"/>
      <line num="1439" count="0" type="stmt"/>
      <line num="1441" count="0" type="cond" truecount="0" falsecount="2"/>
      <line num="1442" count="0" type="stmt"/>
      <line num="1443" count="0" type="stmt"/>
      <line num="1445" count="0" type="cond" truecount="0" falsecount="2"/>
      <line num="1446" count="0" type="stmt"/>
      <line num="1448" count="0" type="stmt"/>
      <line num="1454" count="0" type="cond" truecount="0" falsecount="2"/>
      <line num="1455" count="0" type="stmt"/>
      <line num="1456" count="0" type="stmt"/>
      <line num="1457" count="0" type="stmt"/>
      <line num="1459" count="0" type="cond" truecount="0" falsecount="2"/>
      <line num="1460" count="0" type="cond" truecount="0" falsecount="2"/>
      <line num="1461" count="0" type="cond" truecount="0" falsecount="2"/>
      <line num="1462" count="0" type="cond" truecount="0" falsecount="2"/>
      <line num="1463" count="0" type="cond" truecount="0" falsecount="2"/>
      <line num="1464" count="0" type="cond" truecount="0" falsecount="2"/>
      <line num="1465" count="0" type="cond" truecount="0" falsecount="2"/>
      <line num="1466" count="0" type="cond" truecount="0" falsecount="2"/>
      <line num="1467" count="0" type="cond" truecount="0" falsecount="2"/>
      <line num="1468" count="0" type="cond" truecount="0" falsecount="2"/>
      <line num="1469" count="0" type="cond" truecount="0" falsecount="2"/>
      <line num="1470" count="0" type="cond" truecount="0" falsecount="2"/>
      <line num="1471" count="0" type="cond" truecount="0" falsecount="2"/>
      <line num="1472" count="0" type="cond" truecount="0" falsecount="2"/>
      <line num="1473" count="0" type="cond" truecount="0" falsecount="2"/>
      <line num="1474" count="0" type="cond" truecount="0" falsecount="2"/>
      <line num="1482" count="3" type="stmt"/>
      <line num="1483" count="3" type="stmt"/>
      <line num="1484" count="3" type="cond" truecount="1" falsecount="1"/>
      <line num="1485" count="3" type="stmt"/>
      <line num="1486" count="3" type="cond" truecount="1" falsecount="1"/>
      <line num="1487" count="24" type="stmt"/>
      <line num="1488" count="24" type="stmt"/>
      <line num="1489" count="3" type="stmt"/>
      <line num="1490" count="3" type="cond" truecount="2" falsecount="0"/>
      <line num="1491" count="3" type="cond" truecount="2" falsecount="0"/>
      <line num="1492" count="3" type="cond" truecount="1" falsecount="1"/>
      <line num="1493" count="3" type="cond" truecount="1" falsecount="1"/>
      <line num="1498" count="2" type="stmt"/>
      <line num="1499" count="2" type="cond" truecount="1" falsecount="1"/>
      <line num="1500" count="2" type="cond" truecount="1" falsecount="1"/>
      <line num="1501" count="2" type="cond" truecount="1" falsecount="1"/>
      <line num="1502" count="2" type="stmt"/>
      <line num="1503" count="2" type="stmt"/>
      <line num="1504" count="2" type="stmt"/>
      <line num="1505" count="2" type="stmt"/>
      <line num="1506" count="2" type="cond" truecount="1" falsecount="1"/>
      <line num="1507" count="2" type="stmt"/>
      <line num="1508" count="2" type="cond" truecount="1" falsecount="1"/>
      <line num="1511" count="1" type="stmt"/>
      <line num="1514" count="1" type="stmt"/>
      <line num="1515" count="0" type="cond" truecount="0" falsecount="7"/>
      <line num="1516" count="0" type="stmt"/>
      <line num="1517" count="0" type="stmt"/>
      <line num="1521" count="1" type="stmt"/>
    </file>
    <file name="school-os.js" path="C:\Users\User\OneDrive\Desktop\SchoolAI\js\school-os.js">
      <metrics statements="311" coveredstatements="91" conditionals="164" coveredconditionals="19" methods="65" coveredmethods="15"/>
      <line num="13" count="1" type="stmt"/>
      <line num="19" count="1" type="stmt"/>
      <line num="26" count="1" type="stmt"/>
      <line num="27" count="1" type="stmt"/>
      <line num="28" count="1" type="stmt"/>
      <line num="29" count="1" type="stmt"/>
      <line num="30" count="1" type="stmt"/>
      <line num="33" count="1" type="stmt"/>
      <line num="34" count="1" type="stmt"/>
      <line num="35" count="1" type="stmt"/>
      <line num="36" count="1" type="stmt"/>
      <line num="39" count="1" type="stmt"/>
      <line num="65" count="1" type="stmt"/>
      <line num="66" count="1" type="stmt"/>
      <line num="72" count="4" type="cond" truecount="1" falsecount="1"/>
      <line num="74" count="4" type="stmt"/>
      <line num="75" count="4" type="stmt"/>
      <line num="76" count="4" type="stmt"/>
      <line num="77" count="4" type="stmt"/>
      <line num="302" count="4" type="stmt"/>
      <line num="303" count="4" type="stmt"/>
      <line num="304" count="4" type="stmt"/>
      <line num="311" count="4" type="stmt"/>
      <line num="312" count="4" type="stmt"/>
      <line num="314" count="4" type="stmt"/>
      <line num="315" count="4" type="stmt"/>
      <line num="316" count="0" type="cond" truecount="0" falsecount="2"/>
      <line num="320" count="4" type="stmt"/>
      <line num="321" count="0" type="cond" truecount="0" falsecount="4"/>
      <line num="322" count="0" type="stmt"/>
      <line num="327" count="4" type="stmt"/>
      <line num="328" count="24" type="stmt"/>
      <line num="329" count="0" type="stmt"/>
      <line num="330" count="0" type="stmt"/>
      <line num="335" count="4" type="stmt"/>
      <line num="336" count="12" type="stmt"/>
      <line num="337" count="0" type="stmt"/>
      <line num="338" count="0" type="stmt"/>
      <line num="339" count="0" type="stmt"/>
      <line num="343" count="4" type="stmt"/>
      <line num="344" count="4" type="stmt"/>
      <line num="347" count="4" type="stmt"/>
      <line num="348" count="4" type="stmt"/>
      <line num="349" count="1" type="stmt"/>
      <line num="352" count="4" type="stmt"/>
      <line num="353" count="0" type="stmt"/>
      <line num="354" count="0" type="cond" truecount="0" falsecount="2"/>
      <line num="355" count="0" type="stmt"/>
      <line num="356" count="0" type="stmt"/>
      <line num="358" count="0" type="stmt"/>
      <line num="359" count="0" type="stmt"/>
      <line num="360" count="0" type="cond" truecount="0" falsecount="2"/>
      <line num="361" count="0" type="stmt"/>
      <line num="362" count="0" type="stmt"/>
      <line num="366" count="4" type="stmt"/>
      <line num="367" count="0" type="cond" truecount="0" falsecount="2"/>
      <line num="368" count="0" type="stmt"/>
      <line num="369" count="0" type="stmt"/>
      <line num="373" count="4" type="stmt"/>
      <line num="374" count="0" type="cond" truecount="0" falsecount="2"/>
      <line num="375" count="0" type="stmt"/>
      <line num="376" count="0" type="stmt"/>
      <line num="381" count="4" type="stmt"/>
      <line num="382" count="4" type="stmt"/>
      <line num="383" count="0" type="stmt"/>
      <line num="386" count="4" type="stmt"/>
      <line num="387" count="0" type="stmt"/>
      <line num="390" count="4" type="stmt"/>
      <line num="391" count="4" type="stmt"/>
      <line num="393" count="4" type="stmt"/>
      <line num="394" count="0" type="stmt"/>
      <line num="395" count="0" type="stmt"/>
      <line num="396" count="0" type="stmt"/>
      <line num="400" count="4" type="stmt"/>
      <line num="401" count="16" type="stmt"/>
      <line num="402" count="0" type="stmt"/>
      <line num="403" count="0" type="stmt"/>
      <line num="407" count="4" type="stmt"/>
      <line num="408" count="4" type="stmt"/>
      <line num="409" count="0" type="cond" truecount="0" falsecount="2"/>
      <line num="413" count="4" type="stmt"/>
      <line num="414" count="20" type="stmt"/>
      <line num="415" count="0" type="stmt"/>
      <line num="416" count="0" type="stmt"/>
      <line num="417" count="0" type="stmt"/>
      <line num="421" count="4" type="stmt"/>
      <line num="422" count="4" type="stmt"/>
      <line num="423" count="4" type="stmt"/>
      <line num="426" count="4" type="stmt"/>
      <line num="427" count="4" type="stmt"/>
      <line num="428" count="0" type="cond" truecount="0" falsecount="2"/>
      <line num="436" count="3" type="stmt"/>
      <line num="437" count="3" type="stmt"/>
      <line num="438" count="18" type="stmt"/>
      <line num="440" count="3" type="stmt"/>
      <line num="441" count="18" type="stmt"/>
      <line num="444" count="3" type="cond" truecount="2" falsecount="0"/>
      <line num="445" count="3" type="cond" truecount="1" falsecount="1"/>
      <line num="446" count="3" type="cond" truecount="1" falsecount="1"/>
      <line num="453" count="0" type="stmt"/>
      <line num="454" count="0" type="stmt"/>
      <line num="455" count="0" type="stmt"/>
      <line num="456" count="0" type="stmt"/>
      <line num="458" count="0" type="cond" truecount="0" falsecount="2"/>
      <line num="459" count="0" type="cond" truecount="0" falsecount="2"/>
      <line num="460" count="0" type="cond" truecount="0" falsecount="2"/>
      <line num="462" count="0" type="stmt"/>
      <line num="466" count="0" type="stmt"/>
      <line num="467" count="0" type="stmt"/>
      <line num="468" count="0" type="stmt"/>
      <line num="469" count="0" type="cond" truecount="0" falsecount="2"/>
      <line num="473" count="0" type="stmt"/>
      <line num="474" count="0" type="cond" truecount="0" falsecount="2"/>
      <line num="475" count="0" type="stmt"/>
      <line num="476" count="0" type="stmt"/>
      <line num="477" count="0" type="cond" truecount="0" falsecount="2"/>
      <line num="479" count="0" type="stmt"/>
      <line num="480" count="0" type="cond" truecount="0" falsecount="2"/>
      <line num="481" count="0" type="stmt"/>
      <line num="482" count="0" type="cond" truecount="0" falsecount="2"/>
      <line num="483" count="0" type="stmt"/>
      <line num="484" count="0" type="stmt"/>
      <line num="486" count="0" type="stmt"/>
      <line num="487" count="0" type="stmt"/>
      <line num="488" count="0" type="stmt"/>
      <line num="489" count="0" type="cond" truecount="0" falsecount="2"/>
      <line num="490" count="0" type="cond" truecount="0" falsecount="2"/>
      <line num="497" count="0" type="stmt"/>
      <line num="498" count="0" type="stmt"/>
      <line num="499" count="0" type="stmt"/>
      <line num="503" count="0" type="stmt"/>
      <line num="504" count="0" type="cond" truecount="0" falsecount="2"/>
      <line num="505" count="0" type="stmt"/>
      <line num="506" count="0" type="stmt"/>
      <line num="507" count="0" type="stmt"/>
      <line num="508" count="0" type="stmt"/>
      <line num="509" count="0" type="stmt"/>
      <line num="510" count="0" type="stmt"/>
      <line num="511" count="0" type="stmt"/>
      <line num="512" count="0" type="stmt"/>
      <line num="513" count="0" type="stmt"/>
      <line num="514" count="0" type="stmt"/>
      <line num="515" count="0" type="stmt"/>
      <line num="523" count="1" type="cond" truecount="1" falsecount="1"/>
      <line num="524" count="1" type="cond" truecount="1" falsecount="1"/>
      <line num="525" count="1" type="cond" truecount="1" falsecount="1"/>
      <line num="527" count="1" type="stmt"/>
      <line num="528" count="1" type="stmt"/>
      <line num="529" count="1" type="cond" truecount="1" falsecount="1"/>
      <line num="531" count="1" type="stmt"/>
      <line num="532" count="1" type="stmt"/>
      <line num="533" count="1" type="stmt"/>
      <line num="535" count="1" type="cond" truecount="1" falsecount="1"/>
      <line num="536" count="1" type="cond" truecount="1" falsecount="1"/>
      <line num="537" count="1" type="cond" truecount="1" falsecount="1"/>
      <line num="541" count="0" type="cond" truecount="0" falsecount="2"/>
      <line num="542" count="0" type="stmt"/>
      <line num="543" count="0" type="stmt"/>
      <line num="550" count="0" type="stmt"/>
      <line num="551" count="0" type="stmt"/>
      <line num="552" count="0" type="cond" truecount="0" falsecount="2"/>
      <line num="553" count="0" type="stmt"/>
      <line num="554" count="0" type="cond" truecount="0" falsecount="2"/>
      <line num="555" count="0" type="stmt"/>
      <line num="556" count="0" type="stmt"/>
      <line num="558" count="0" type="cond" truecount="0" falsecount="5"/>
      <line num="560" count="0" type="stmt"/>
      <line num="561" count="0" type="stmt"/>
      <line num="562" count="0" type="stmt"/>
      <line num="563" count="0" type="stmt"/>
      <line num="565" count="0" type="stmt"/>
      <line num="566" count="0" type="stmt"/>
      <line num="568" count="0" type="stmt"/>
      <line num="569" count="0" type="stmt"/>
      <line num="570" count="0" type="stmt"/>
      <line num="571" count="0" type="stmt"/>
      <line num="572" count="0" type="stmt"/>
      <line num="573" count="0" type="stmt"/>
      <line num="574" count="0" type="stmt"/>
      <line num="575" count="0" type="stmt"/>
      <line num="578" count="0" type="stmt"/>
      <line num="579" count="0" type="stmt"/>
      <line num="580" count="0" type="stmt"/>
      <line num="582" count="0" type="stmt"/>
      <line num="583" count="0" type="cond" truecount="0" falsecount="4"/>
      <line num="584" count="0" type="cond" truecount="0" falsecount="4"/>
      <line num="586" count="0" type="stmt"/>
      <line num="587" count="0" type="stmt"/>
      <line num="588" count="0" type="stmt"/>
      <line num="589" count="0" type="stmt"/>
      <line num="590" count="0" type="cond" truecount="0" falsecount="2"/>
      <line num="592" count="0" type="stmt"/>
      <line num="593" count="0" type="stmt"/>
      <line num="594" count="0" type="stmt"/>
      <line num="595" count="0" type="stmt"/>
      <line num="596" count="0" type="stmt"/>
      <line num="597" count="0" type="stmt"/>
      <line num="600" count="0" type="stmt"/>
      <line num="601" count="0" type="stmt"/>
      <line num="602" count="0" type="stmt"/>
      <line num="604" count="0" type="stmt"/>
      <line num="605" count="0" type="cond" truecount="0" falsecount="2"/>
      <line num="607" count="0" type="stmt"/>
      <line num="612" count="0" type="cond" truecount="0" falsecount="2"/>
      <line num="613" count="0" type="stmt"/>
      <line num="614" count="0" type="stmt"/>
      <line num="616" count="0" type="cond" truecount="0" falsecount="2"/>
      <line num="617" count="0" type="stmt"/>
      <line num="618" count="0" type="stmt"/>
      <line num="620" count="0" type="stmt"/>
      <line num="621" count="0" type="stmt"/>
      <line num="622" count="0" type="stmt"/>
      <line num="623" count="0" type="cond" truecount="0" falsecount="2"/>
      <line num="629" count="1" type="stmt"/>
      <line num="665" count="1" type="stmt"/>
      <line num="668" count="0" type="stmt"/>
      <line num="669" count="0" type="cond" truecount="0" falsecount="2"/>
      <line num="670" count="0" type="stmt"/>
      <line num="671" count="0" type="stmt"/>
      <line num="673" count="0" type="cond" truecount="0" falsecount="4"/>
      <line num="675" count="0" type="stmt"/>
      <line num="676" count="0" type="cond" truecount="0" falsecount="2"/>
      <line num="678" count="0" type="stmt"/>
      <line num="682" count="0" type="cond" truecount="0" falsecount="2"/>
      <line num="683" count="0" type="stmt"/>
      <line num="684" count="0" type="stmt"/>
      <line num="685" count="0" type="stmt"/>
      <line num="687" count="0" type="cond" truecount="0" falsecount="4"/>
      <line num="689" count="0" type="cond" truecount="0" falsecount="2"/>
      <line num="690" count="0" type="stmt"/>
      <line num="691" count="0" type="cond" truecount="0" falsecount="2"/>
      <line num="692" count="0" type="cond" truecount="0" falsecount="2"/>
      <line num="694" count="0" type="stmt"/>
      <line num="695" count="0" type="cond" truecount="0" falsecount="2"/>
      <line num="696" count="0" type="cond" truecount="0" falsecount="2"/>
      <line num="698" count="0" type="stmt"/>
      <line num="699" count="0" type="stmt"/>
      <line num="702" count="0" type="cond" truecount="0" falsecount="2"/>
      <line num="703" count="0" type="stmt"/>
      <line num="704" count="0" type="stmt"/>
      <line num="706" count="0" type="cond" truecount="0" falsecount="4"/>
      <line num="707" count="0" type="stmt"/>
      <line num="708" count="0" type="stmt"/>
      <line num="709" count="0" type="stmt"/>
      <line num="717" count="0" type="stmt"/>
      <line num="718" count="0" type="stmt"/>
      <line num="719" count="0" type="cond" truecount="0" falsecount="2"/>
      <line num="724" count="0" type="stmt"/>
      <line num="729" count="0" type="stmt"/>
      <line num="733" count="0" type="stmt"/>
      <line num="734" count="0" type="stmt"/>
      <line num="735" count="0" type="stmt"/>
      <line num="737" count="0" type="stmt"/>
      <line num="738" count="0" type="cond" truecount="0" falsecount="2"/>
      <line num="740" count="0" type="stmt"/>
      <line num="741" count="0" type="stmt"/>
      <line num="749" count="0" type="stmt"/>
      <line num="750" count="0" type="stmt"/>
      <line num="751" count="0" type="stmt"/>
      <line num="752" count="0" type="stmt"/>
      <line num="756" count="0" type="stmt"/>
      <line num="757" count="0" type="cond" truecount="0" falsecount="2"/>
      <line num="759" count="0" type="stmt"/>
      <line num="760" count="0" type="cond" truecount="0" falsecount="2"/>
      <line num="761" count="0" type="stmt"/>
      <line num="762" count="0" type="stmt"/>
      <line num="765" count="0" type="stmt"/>
      <line num="785" count="0" type="stmt"/>
      <line num="786" count="0" type="stmt"/>
      <line num="787" count="0" type="stmt"/>
      <line num="788" count="0" type="stmt"/>
      <line num="789" count="0" type="stmt"/>
      <line num="790" count="0" type="cond" truecount="0" falsecount="2"/>
      <line num="791" count="0" type="stmt"/>
      <line num="792" count="0" type="stmt"/>
      <line num="793" count="0" type="stmt"/>
      <line num="794" count="0" type="cond" truecount="0" falsecount="2"/>
      <line num="795" count="0" type="stmt"/>
      <line num="796" count="0" type="cond" truecount="0" falsecount="2"/>
      <line num="803" count="0" type="stmt"/>
      <line num="804" count="0" type="stmt"/>
      <line num="805" count="0" type="stmt"/>
      <line num="806" count="0" type="stmt"/>
      <line num="807" count="0" type="cond" truecount="0" falsecount="2"/>
      <line num="808" count="0" type="stmt"/>
      <line num="809" count="0" type="stmt"/>
      <line num="810" count="0" type="cond" truecount="0" falsecount="2"/>
      <line num="811" count="0" type="stmt"/>
      <line num="812" count="0" type="stmt"/>
      <line num="819" count="0" type="stmt"/>
      <line num="820" count="0" type="stmt"/>
      <line num="821" count="0" type="stmt"/>
      <line num="822" count="0" type="stmt"/>
      <line num="823" count="0" type="stmt"/>
      <line num="824" count="0" type="stmt"/>
      <line num="833" count="4" type="stmt"/>
      <line num="834" count="4" type="cond" truecount="1" falsecount="1"/>
      <line num="835" count="4" type="cond" truecount="2" falsecount="0"/>
      <line num="840" count="4" type="stmt"/>
      <line num="841" count="4" type="stmt"/>
      <line num="842" count="4" type="cond" truecount="1" falsecount="1"/>
      <line num="843" count="4" type="stmt"/>
      <line num="844" count="4" type="cond" truecount="2" falsecount="0"/>
      <line num="849" count="1" type="stmt"/>
      <line num="850" count="1" type="cond" truecount="1" falsecount="1"/>
      <line num="854" count="1" type="stmt"/>
      <line num="861" count="1" type="stmt"/>
      <line num="862" count="0" type="cond" truecount="0" falsecount="7"/>
      <line num="863" count="0" type="stmt"/>
      <line num="864" count="0" type="stmt"/>
      <line num="868" count="1" type="stmt"/>
    </file>
    <file name="socratic-tutor.js" path="C:\Users\User\OneDrive\Desktop\SchoolAI\js\socratic-tutor.js">
      <metrics statements="57" coveredstatements="12" conditionals="34" coveredconditionals="3" methods="11" coveredmethods="3"/>
      <line num="7" count="1" type="stmt"/>
      <line num="10" count="1" type="stmt"/>
      <line num="12" count="1" type="stmt"/>
      <line num="15" count="1" type="stmt"/>
      <line num="31" count="1" type="stmt"/>
      <line num="55" count="2" type="cond" truecount="1" falsecount="1"/>
      <line num="56" count="2" type="stmt"/>
      <line num="57" count="4" type="cond" truecount="2" falsecount="0"/>
      <line num="58" count="2" type="stmt"/>
      <line num="61" count="0" type="stmt"/>
      <line num="68" count="0" type="stmt"/>
      <line num="69" count="0" type="stmt"/>
      <line num="70" count="0" type="stmt"/>
      <line num="83" count="0" type="stmt"/>
      <line num="84" count="0" type="stmt"/>
      <line num="85" count="0" type="stmt"/>
      <line num="86" count="0" type="stmt"/>
      <line num="87" count="0" type="stmt"/>
      <line num="89" count="0" type="stmt"/>
      <line num="90" count="0" type="cond" truecount="0" falsecount="2"/>
      <line num="92" count="0" type="stmt"/>
      <line num="93" count="0" type="cond" truecount="0" falsecount="2"/>
      <line num="94" count="0" type="stmt"/>
      <line num="95" count="0" type="cond" truecount="0" falsecount="2"/>
      <line num="96" count="0" type="stmt"/>
      <line num="97" count="0" type="cond" truecount="0" falsecount="2"/>
      <line num="98" count="0" type="stmt"/>
      <line num="99" count="0" type="cond" truecount="0" falsecount="2"/>
      <line num="100" count="0" type="stmt"/>
      <line num="103" count="0" type="stmt"/>
      <line num="104" count="0" type="stmt"/>
      <line num="105" count="0" type="cond" truecount="0" falsecount="2"/>
      <line num="106" count="0" type="stmt"/>
      <line num="111" count="0" type="stmt"/>
      <line num="119" count="0" type="stmt"/>
      <line num="120" count="0" type="cond" truecount="0" falsecount="4"/>
      <line num="121" count="0" type="stmt"/>
      <line num="122" count="0" type="stmt"/>
      <line num="123" count="0" type="cond" truecount="0" falsecount="2"/>
      <line num="124" count="0" type="stmt"/>
      <line num="125" count="0" type="stmt"/>
      <line num="127" count="0" type="stmt"/>
      <line num="128" count="0" type="stmt"/>
      <line num="129" count="0" type="stmt"/>
      <line num="130" count="0" type="cond" truecount="0" falsecount="2"/>
      <line num="131" count="0" type="stmt"/>
      <line num="132" count="0" type="cond" truecount="0" falsecount="2"/>
      <line num="135" count="0" type="stmt"/>
      <line num="141" count="0" type="cond" truecount="0" falsecount="2"/>
      <line num="145" count="1" type="stmt"/>
      <line num="149" count="0" type="cond" truecount="0" falsecount="2"/>
      <line num="150" count="0" type="cond" truecount="0" falsecount="2"/>
      <line num="151" count="0" type="stmt"/>
      <line num="152" count="0" type="cond" truecount="0" falsecount="2"/>
      <line num="153" count="0" type="stmt"/>
      <line num="157" count="1" type="stmt"/>
      <line num="165" count="1" type="stmt"/>
    </file>
  </project>
</coverage>
