{"C:\\Users\\User\\OneDrive\\Desktop\\SchoolAI\\js\\essay-coach.js": {"path":"C:\\Users\\User\\OneDrive\\Desktop\\SchoolAI\\js\\essay-coach.js","statementMap":{"0":{"start":{"line":7,"column":0},"end":{"line":224,"column":5}},"1":{"start":{"line":11,"column":4},"end":{"line":11,"column":62}},"2":{"start":{"line":11,"column":55},"end":{"line":11,"column":62}},"3":{"start":{"line":13,"column":20},"end":{"line":13,"column":49}},"4":{"start":{"line":14,"column":4},"end":{"line":14,"column":38}},"5":{"start":{"line":15,"column":4},"end":{"line":15,"column":47}},"6":{"start":{"line":16,"column":4},"end":{"line":109,"column":6}},"7":{"start":{"line":111,"column":4},"end":{"line":111,"column":39}},"8":{"start":{"line":112,"column":4},"end":{"line":112,"column":17}},"9":{"start":{"line":116,"column":20},"end":{"line":116,"column":65}},"10":{"start":{"line":117,"column":4},"end":{"line":117,"column":85}},"11":{"start":{"line":118,"column":4},"end":{"line":118,"column":86}},"12":{"start":{"line":118,"column":48},"end":{"line":118,"column":82}},"13":{"start":{"line":118,"column":74},"end":{"line":118,"column":82}},"14":{"start":{"line":120,"column":4},"end":{"line":122,"column":7}},"15":{"start":{"line":121,"column":6},"end":{"line":121,"column":75}},"16":{"start":{"line":121,"column":67},"end":{"line":121,"column":75}},"17":{"start":{"line":124,"column":21},"end":{"line":124,"column":63}},"18":{"start":{"line":125,"column":4},"end":{"line":125,"column":59}},"19":{"start":{"line":127,"column":4},"end":{"line":127,"column":88}},"20":{"start":{"line":128,"column":4},"end":{"line":128,"column":90}},"21":{"start":{"line":132,"column":21},"end":{"line":132,"column":63}},"22":{"start":{"line":133,"column":4},"end":{"line":133,"column":26}},"23":{"start":{"line":133,"column":19},"end":{"line":133,"column":26}},"24":{"start":{"line":134,"column":17},"end":{"line":134,"column":38}},"25":{"start":{"line":136,"column":18},"end":{"line":136,"column":60}},"26":{"start":{"line":137,"column":22},"end":{"line":137,"column":83}},"27":{"start":{"line":138,"column":21},"end":{"line":138,"column":43}},"28":{"start":{"line":140,"column":4},"end":{"line":140,"column":74}},"29":{"start":{"line":141,"column":4},"end":{"line":141,"column":82}},"30":{"start":{"line":142,"column":4},"end":{"line":142,"column":77}},"31":{"start":{"line":146,"column":21},"end":{"line":146,"column":63}},"32":{"start":{"line":147,"column":4},"end":{"line":147,"column":26}},"33":{"start":{"line":147,"column":19},"end":{"line":147,"column":26}},"34":{"start":{"line":148,"column":17},"end":{"line":148,"column":38}},"35":{"start":{"line":150,"column":4},"end":{"line":153,"column":5}},"36":{"start":{"line":151,"column":6},"end":{"line":151,"column":106}},"37":{"start":{"line":151,"column":31},"end":{"line":151,"column":106}},"38":{"start":{"line":152,"column":6},"end":{"line":152,"column":13}},"39":{"start":{"line":155,"column":18},"end":{"line":155,"column":42}},"40":{"start":{"line":156,"column":23},"end":{"line":156,"column":80}},"41":{"start":{"line":156,"column":53},"end":{"line":156,"column":72}},"42":{"start":{"line":159,"column":22},"end":{"line":159,"column":106}},"43":{"start":{"line":160,"column":24},"end":{"line":160,"column":174}},"44":{"start":{"line":161,"column":25},"end":{"line":161,"column":109}},"45":{"start":{"line":162,"column":21},"end":{"line":162,"column":77}},"46":{"start":{"line":164,"column":25},"end":{"line":164,"column":100}},"47":{"start":{"line":167,"column":4},"end":{"line":167,"column":81}},"48":{"start":{"line":168,"column":4},"end":{"line":168,"column":191}},"49":{"start":{"line":170,"column":4},"end":{"line":170,"column":84}},"50":{"start":{"line":171,"column":4},"end":{"line":171,"column":80}},"51":{"start":{"line":173,"column":4},"end":{"line":173,"column":88}},"52":{"start":{"line":174,"column":4},"end":{"line":174,"column":84}},"53":{"start":{"line":176,"column":4},"end":{"line":176,"column":90}},"54":{"start":{"line":177,"column":4},"end":{"line":177,"column":86}},"55":{"start":{"line":179,"column":4},"end":{"line":179,"column":82}},"56":{"start":{"line":180,"column":4},"end":{"line":180,"column":78}},"57":{"start":{"line":183,"column":23},"end":{"line":183,"column":67}},"58":{"start":{"line":184,"column":4},"end":{"line":190,"column":5}},"59":{"start":{"line":185,"column":6},"end":{"line":189,"column":8}},"60":{"start":{"line":194,"column":23},"end":{"line":194,"column":65}},"61":{"start":{"line":195,"column":21},"end":{"line":195,"column":63}},"62":{"start":{"line":196,"column":4},"end":{"line":196,"column":92}},"63":{"start":{"line":196,"column":20},"end":{"line":196,"column":92}},"64":{"start":{"line":197,"column":4},"end":{"line":205,"column":5}},"65":{"start":{"line":198,"column":6},"end":{"line":204,"column":182}},"66":{"start":{"line":206,"column":4},"end":{"line":206,"column":24}},"67":{"start":{"line":207,"column":4},"end":{"line":207,"column":19}},"68":{"start":{"line":211,"column":4},"end":{"line":211,"column":11}},"69":{"start":{"line":212,"column":20},"end":{"line":212,"column":65}},"70":{"start":{"line":213,"column":4},"end":{"line":213,"column":48}},"71":{"start":{"line":213,"column":17},"end":{"line":213,"column":48}},"72":{"start":{"line":217,"column":20},"end":{"line":217,"column":65}},"73":{"start":{"line":218,"column":4},"end":{"line":218,"column":48}},"74":{"start":{"line":218,"column":17},"end":{"line":218,"column":48}},"75":{"start":{"line":221,"column":2},"end":{"line":221,"column":38}},"76":{"start":{"line":223,"column":2},"end":{"line":223,"column":54}}},"fnMap":{"0":{"name":"(anonymous_0)","decl":{"start":{"line":7,"column":1},"end":{"line":7,"column":2}},"loc":{"start":{"line":7,"column":13},"end":{"line":224,"column":1}},"line":7},"1":{"name":"init","decl":{"start":{"line":10,"column":11},"end":{"line":10,"column":15}},"loc":{"start":{"line":10,"column":18},"end":{"line":113,"column":3}},"line":10},"2":{"name":"wireEvents","decl":{"start":{"line":115,"column":11},"end":{"line":115,"column":21}},"loc":{"start":{"line":115,"column":24},"end":{"line":129,"column":3}},"line":115},"3":{"name":"(anonymous_3)","decl":{"start":{"line":118,"column":39},"end":{"line":118,"column":40}},"loc":{"start":{"line":118,"column":46},"end":{"line":118,"column":84}},"line":118},"4":{"name":"(anonymous_4)","decl":{"start":{"line":120,"column":39},"end":{"line":120,"column":40}},"loc":{"start":{"line":120,"column":46},"end":{"line":122,"column":5}},"line":120},"5":{"name":"updateTextMetrics","decl":{"start":{"line":131,"column":11},"end":{"line":131,"column":28}},"loc":{"start":{"line":131,"column":31},"end":{"line":143,"column":3}},"line":131},"6":{"name":"analyzeEssay","decl":{"start":{"line":145,"column":11},"end":{"line":145,"column":23}},"loc":{"start":{"line":145,"column":26},"end":{"line":191,"column":3}},"line":145},"7":{"name":"(anonymous_7)","decl":{"start":{"line":156,"column":48},"end":{"line":156,"column":49}},"loc":{"start":{"line":156,"column":53},"end":{"line":156,"column":72}},"line":156},"8":{"name":"loadSampleEssay","decl":{"start":{"line":193,"column":11},"end":{"line":193,"column":26}},"loc":{"start":{"line":193,"column":29},"end":{"line":208,"column":3}},"line":193},"9":{"name":"open","decl":{"start":{"line":210,"column":11},"end":{"line":210,"column":15}},"loc":{"start":{"line":210,"column":18},"end":{"line":214,"column":3}},"line":210},"10":{"name":"close","decl":{"start":{"line":216,"column":11},"end":{"line":216,"column":16}},"loc":{"start":{"line":216,"column":19},"end":{"line":219,"column":3}},"line":216}},"branchMap":{"0":{"loc":{"start":{"line":11,"column":4},"end":{"line":11,"column":62}},"type":"if","locations":[{"start":{"line":11,"column":4},"end":{"line":11,"column":62}},{"start":{},"end":{}}],"line":11},"1":{"loc":{"start":{"line":118,"column":48},"end":{"line":118,"column":82}},"type":"if","locations":[{"start":{"line":118,"column":48},"end":{"line":118,"column":82}},{"start":{},"end":{}}],"line":118},"2":{"loc":{"start":{"line":121,"column":6},"end":{"line":121,"column":75}},"type":"if","locations":[{"start":{"line":121,"column":6},"end":{"line":121,"column":75}},{"start":{},"end":{}}],"line":121},"3":{"loc":{"start":{"line":121,"column":10},"end":{"line":121,"column":65}},"type":"binary-expr","locations":[{"start":{"line":121,"column":10},"end":{"line":121,"column":28}},{"start":{"line":121,"column":32},"end":{"line":121,"column":65}}],"line":121},"4":{"loc":{"start":{"line":133,"column":4},"end":{"line":133,"column":26}},"type":"if","locations":[{"start":{"line":133,"column":4},"end":{"line":133,"column":26}},{"start":{},"end":{}}],"line":133},"5":{"loc":{"start":{"line":136,"column":18},"end":{"line":136,"column":60}},"type":"cond-expr","locations":[{"start":{"line":136,"column":32},"end":{"line":136,"column":56}},{"start":{"line":136,"column":59},"end":{"line":136,"column":60}}],"line":136},"6":{"loc":{"start":{"line":137,"column":22},"end":{"line":137,"column":83}},"type":"cond-expr","locations":[{"start":{"line":137,"column":36},"end":{"line":137,"column":79}},{"start":{"line":137,"column":82},"end":{"line":137,"column":83}}],"line":137},"7":{"loc":{"start":{"line":137,"column":37},"end":{"line":137,"column":71}},"type":"binary-expr","locations":[{"start":{"line":137,"column":37},"end":{"line":137,"column":65}},{"start":{"line":137,"column":69},"end":{"line":137,"column":71}}],"line":137},"8":{"loc":{"start":{"line":147,"column":4},"end":{"line":147,"column":26}},"type":"if","locations":[{"start":{"line":147,"column":4},"end":{"line":147,"column":26}},{"start":{},"end":{}}],"line":147},"9":{"loc":{"start":{"line":150,"column":4},"end":{"line":153,"column":5}},"type":"if","locations":[{"start":{"line":150,"column":4},"end":{"line":153,"column":5}},{"start":{},"end":{}}],"line":150},"10":{"loc":{"start":{"line":151,"column":6},"end":{"line":151,"column":106}},"type":"if","locations":[{"start":{"line":151,"column":6},"end":{"line":151,"column":106}},{"start":{},"end":{}}],"line":151},"11":{"loc":{"start":{"line":159,"column":54},"end":{"line":159,"column":78}},"type":"cond-expr","locations":[{"start":{"line":159,"column":72},"end":{"line":159,"column":74}},{"start":{"line":159,"column":77},"end":{"line":159,"column":78}}],"line":159},"12":{"loc":{"start":{"line":159,"column":83},"end":{"line":159,"column":103}},"type":"cond-expr","locations":[{"start":{"line":159,"column":97},"end":{"line":159,"column":99}},{"start":{"line":159,"column":102},"end":{"line":159,"column":103}}],"line":159},"13":{"loc":{"start":{"line":160,"column":56},"end":{"line":160,"column":171}},"type":"cond-expr","locations":[{"start":{"line":160,"column":165},"end":{"line":160,"column":167}},{"start":{"line":160,"column":170},"end":{"line":160,"column":171}}],"line":160},"14":{"loc":{"start":{"line":160,"column":56},"end":{"line":160,"column":162}},"type":"binary-expr","locations":[{"start":{"line":160,"column":56},"end":{"line":160,"column":85}},{"start":{"line":160,"column":89},"end":{"line":160,"column":111}},{"start":{"line":160,"column":115},"end":{"line":160,"column":137}},{"start":{"line":160,"column":141},"end":{"line":160,"column":162}}],"line":160},"15":{"loc":{"start":{"line":161,"column":57},"end":{"line":161,"column":106}},"type":"cond-expr","locations":[{"start":{"line":161,"column":75},"end":{"line":161,"column":77}},{"start":{"line":161,"column":81},"end":{"line":161,"column":105}}],"line":161},"16":{"loc":{"start":{"line":161,"column":81},"end":{"line":161,"column":105}},"type":"cond-expr","locations":[{"start":{"line":161,"column":99},"end":{"line":161,"column":101}},{"start":{"line":161,"column":104},"end":{"line":161,"column":105}}],"line":161},"17":{"loc":{"start":{"line":162,"column":53},"end":{"line":162,"column":74}},"type":"cond-expr","locations":[{"start":{"line":162,"column":67},"end":{"line":162,"column":69}},{"start":{"line":162,"column":72},"end":{"line":162,"column":74}}],"line":162},"18":{"loc":{"start":{"line":168,"column":61},"end":{"line":168,"column":190}},"type":"cond-expr","locations":[{"start":{"line":168,"column":82},"end":{"line":168,"column":106}},{"start":{"line":168,"column":110},"end":{"line":168,"column":189}}],"line":168},"19":{"loc":{"start":{"line":168,"column":110},"end":{"line":168,"column":189}},"type":"cond-expr","locations":[{"start":{"line":168,"column":131},"end":{"line":168,"column":157}},{"start":{"line":168,"column":160},"end":{"line":168,"column":189}}],"line":168},"20":{"loc":{"start":{"line":184,"column":4},"end":{"line":190,"column":5}},"type":"if","locations":[{"start":{"line":184,"column":4},"end":{"line":190,"column":5}},{"start":{},"end":{}}],"line":184},"21":{"loc":{"start":{"line":187,"column":75},"end":{"line":187,"column":263}},"type":"cond-expr","locations":[{"start":{"line":187,"column":92},"end":{"line":187,"column":179}},{"start":{"line":187,"column":182},"end":{"line":187,"column":263}}],"line":187},"22":{"loc":{"start":{"line":196,"column":4},"end":{"line":196,"column":92}},"type":"if","locations":[{"start":{"line":196,"column":4},"end":{"line":196,"column":92}},{"start":{},"end":{}}],"line":196},"23":{"loc":{"start":{"line":197,"column":4},"end":{"line":205,"column":5}},"type":"if","locations":[{"start":{"line":197,"column":4},"end":{"line":205,"column":5}},{"start":{},"end":{}}],"line":197},"24":{"loc":{"start":{"line":213,"column":4},"end":{"line":213,"column":48}},"type":"if","locations":[{"start":{"line":213,"column":4},"end":{"line":213,"column":48}},{"start":{},"end":{}}],"line":213},"25":{"loc":{"start":{"line":218,"column":4},"end":{"line":218,"column":48}},"type":"if","locations":[{"start":{"line":218,"column":4},"end":{"line":218,"column":48}},{"start":{},"end":{}}],"line":218}},"s":{"0":1,"1":2,"2":0,"3":2,"4":2,"5":2,"6":2,"7":2,"8":2,"9":2,"10":2,"11":2,"12":1,"13":0,"14":2,"15":0,"16":0,"17":2,"18":2,"19":2,"20":2,"21":1,"22":1,"23":0,"24":1,"25":1,"26":1,"27":1,"28":1,"29":1,"30":1,"31":1,"32":1,"33":0,"34":1,"35":1,"36":0,"37":0,"38":0,"39":1,"40":1,"41":4,"42":1,"43":1,"44":1,"45":1,"46":1,"47":1,"48":1,"49":1,"50":1,"51":1,"52":1,"53":1,"54":1,"55":1,"56":1,"57":1,"58":1,"59":1,"60":1,"61":1,"62":1,"63":1,"64":1,"65":1,"66":1,"67":1,"68":2,"69":2,"70":2,"71":2,"72":1,"73":1,"74":1,"75":1,"76":1},"f":{"0":1,"1":2,"2":2,"3":1,"4":0,"5":1,"6":1,"7":4,"8":1,"9":2,"10":1},"b":{"0":[0,2],"1":[0,1],"2":[0,0],"3":[0,0],"4":[0,1],"5":[1,0],"6":[1,0],"7":[1,0],"8":[0,1],"9":[0,1],"10":[0,0],"11":[1,0],"12":[0,1],"13":[1,0],"14":[1,1,1,0],"15":[1,0],"16":[0,0],"17":[0,1],"18":[0,1],"19":[1,0],"20":[1,0],"21":[0,1],"22":[1,0],"23":[1,0],"24":[2,0],"25":[1,0]},"_coverageSchema":"1a1c01bbd47fc00a2c39e90264f33305004495a9","hash":"6a8047481299247c4e02cc185e94984aa88f50da"}
,"C:\\Users\\User\\OneDrive\\Desktop\\SchoolAI\\js\\interactive-lab.js": {"path":"C:\\Users\\User\\OneDrive\\Desktop\\SchoolAI\\js\\interactive-lab.js","statementMap":{"0":{"start":{"line":13,"column":0},"end":{"line":1522,"column":5}},"1":{"start":{"line":16,"column":21},"end":{"line":16,"column":30}},"2":{"start":{"line":17,"column":25},"end":{"line":17,"column":29}},"3":{"start":{"line":18,"column":28},"end":{"line":18,"column":32}},"4":{"start":{"line":19,"column":18},"end":{"line":19,"column":22}},"5":{"start":{"line":20,"column":19},"end":{"line":20,"column":24}},"6":{"start":{"line":26,"column":4},"end":{"line":26,"column":65}},"7":{"start":{"line":26,"column":58},"end":{"line":26,"column":65}},"8":{"start":{"line":28,"column":20},"end":{"line":28,"column":49}},"9":{"start":{"line":29,"column":4},"end":{"line":29,"column":41}},"10":{"start":{"line":30,"column":4},"end":{"line":30,"column":44}},"11":{"start":{"line":31,"column":4},"end":{"line":352,"column":6}},"12":{"start":{"line":353,"column":4},"end":{"line":353,"column":39}},"13":{"start":{"line":354,"column":4},"end":{"line":354,"column":17}},"14":{"start":{"line":355,"column":4},"end":{"line":355,"column":26}},"15":{"start":{"line":356,"column":4},"end":{"line":356,"column":22}},"16":{"start":{"line":357,"column":4},"end":{"line":357,"column":21}},"17":{"start":{"line":358,"column":4},"end":{"line":358,"column":23}},"18":{"start":{"line":359,"column":4},"end":{"line":359,"column":16}},"19":{"start":{"line":360,"column":4},"end":{"line":360,"column":28}},"20":{"start":{"line":361,"column":4},"end":{"line":361,"column":18}},"21":{"start":{"line":368,"column":20},"end":{"line":368,"column":68}},"22":{"start":{"line":369,"column":4},"end":{"line":369,"column":77}},"23":{"start":{"line":370,"column":4},"end":{"line":370,"column":86}},"24":{"start":{"line":370,"column":48},"end":{"line":370,"column":82}},"25":{"start":{"line":370,"column":74},"end":{"line":370,"column":82}},"26":{"start":{"line":372,"column":4},"end":{"line":374,"column":7}},"27":{"start":{"line":373,"column":6},"end":{"line":373,"column":75}},"28":{"start":{"line":373,"column":67},"end":{"line":373,"column":75}},"29":{"start":{"line":376,"column":4},"end":{"line":387,"column":7}},"30":{"start":{"line":377,"column":6},"end":{"line":386,"column":9}},"31":{"start":{"line":378,"column":20},"end":{"line":378,"column":35}},"32":{"start":{"line":379,"column":8},"end":{"line":379,"column":116}},"33":{"start":{"line":379,"column":63},"end":{"line":379,"column":114}},"34":{"start":{"line":380,"column":8},"end":{"line":380,"column":124}},"35":{"start":{"line":380,"column":71},"end":{"line":380,"column":122}},"36":{"start":{"line":381,"column":8},"end":{"line":381,"column":27}},"37":{"start":{"line":382,"column":8},"end":{"line":382,"column":47}},"38":{"start":{"line":382,"column":28},"end":{"line":382,"column":47}},"39":{"start":{"line":383,"column":8},"end":{"line":383,"column":49}},"40":{"start":{"line":383,"column":26},"end":{"line":383,"column":49}},"41":{"start":{"line":384,"column":8},"end":{"line":384,"column":59}},"42":{"start":{"line":384,"column":35},"end":{"line":384,"column":59}},"43":{"start":{"line":385,"column":8},"end":{"line":385,"column":51}},"44":{"start":{"line":385,"column":34},"end":{"line":385,"column":51}},"45":{"start":{"line":390,"column":4},"end":{"line":392,"column":7}},"46":{"start":{"line":391,"column":6},"end":{"line":391,"column":73}},"47":{"start":{"line":393,"column":4},"end":{"line":395,"column":7}},"48":{"start":{"line":394,"column":6},"end":{"line":394,"column":73}},"49":{"start":{"line":396,"column":4},"end":{"line":398,"column":7}},"50":{"start":{"line":397,"column":6},"end":{"line":397,"column":74}},"51":{"start":{"line":399,"column":4},"end":{"line":399,"column":86}},"52":{"start":{"line":402,"column":4},"end":{"line":402,"column":90}},"53":{"start":{"line":403,"column":4},"end":{"line":403,"column":90}},"54":{"start":{"line":406,"column":4},"end":{"line":406,"column":84}},"55":{"start":{"line":409,"column":4},"end":{"line":409,"column":88}},"56":{"start":{"line":410,"column":4},"end":{"line":412,"column":7}},"57":{"start":{"line":411,"column":6},"end":{"line":411,"column":48}},"58":{"start":{"line":411,"column":29},"end":{"line":411,"column":48}},"59":{"start":{"line":413,"column":4},"end":{"line":418,"column":7}},"60":{"start":{"line":414,"column":6},"end":{"line":417,"column":9}},"61":{"start":{"line":415,"column":24},"end":{"line":415,"column":64}},"62":{"start":{"line":416,"column":8},"end":{"line":416,"column":76}},"63":{"start":{"line":416,"column":23},"end":{"line":416,"column":54}},"64":{"start":{"line":416,"column":55},"end":{"line":416,"column":74}},"65":{"start":{"line":421,"column":4},"end":{"line":421,"column":93}},"66":{"start":{"line":422,"column":4},"end":{"line":422,"column":92}},"67":{"start":{"line":424,"column":4},"end":{"line":433,"column":7}},"68":{"start":{"line":425,"column":6},"end":{"line":432,"column":9}},"69":{"start":{"line":426,"column":8},"end":{"line":426,"column":93}},"70":{"start":{"line":426,"column":63},"end":{"line":426,"column":91}},"71":{"start":{"line":427,"column":8},"end":{"line":427,"column":36}},"72":{"start":{"line":428,"column":8},"end":{"line":431,"column":9}},"73":{"start":{"line":429,"column":10},"end":{"line":429,"column":52}},"74":{"start":{"line":430,"column":10},"end":{"line":430,"column":27}},"75":{"start":{"line":435,"column":4},"end":{"line":441,"column":7}},"76":{"start":{"line":436,"column":6},"end":{"line":440,"column":7}},"77":{"start":{"line":437,"column":8},"end":{"line":437,"column":46}},"78":{"start":{"line":438,"column":8},"end":{"line":438,"column":122}},"79":{"start":{"line":439,"column":8},"end":{"line":439,"column":30}},"80":{"start":{"line":443,"column":4},"end":{"line":449,"column":7}},"81":{"start":{"line":444,"column":6},"end":{"line":448,"column":7}},"82":{"start":{"line":445,"column":8},"end":{"line":445,"column":50}},"83":{"start":{"line":446,"column":8},"end":{"line":446,"column":122}},"84":{"start":{"line":447,"column":8},"end":{"line":447,"column":30}},"85":{"start":{"line":451,"column":4},"end":{"line":454,"column":7}},"86":{"start":{"line":452,"column":6},"end":{"line":452,"column":75}},"87":{"start":{"line":453,"column":6},"end":{"line":453,"column":68}},"88":{"start":{"line":453,"column":21},"end":{"line":453,"column":68}},"89":{"start":{"line":456,"column":4},"end":{"line":459,"column":7}},"90":{"start":{"line":457,"column":6},"end":{"line":457,"column":70}},"91":{"start":{"line":458,"column":6},"end":{"line":458,"column":73}},"92":{"start":{"line":458,"column":21},"end":{"line":458,"column":73}},"93":{"start":{"line":461,"column":4},"end":{"line":467,"column":7}},"94":{"start":{"line":462,"column":6},"end":{"line":462,"column":75}},"95":{"start":{"line":463,"column":6},"end":{"line":466,"column":7}},"96":{"start":{"line":464,"column":8},"end":{"line":464,"column":60}},"97":{"start":{"line":465,"column":8},"end":{"line":465,"column":25}},"98":{"start":{"line":470,"column":4},"end":{"line":476,"column":7}},"99":{"start":{"line":471,"column":6},"end":{"line":475,"column":9}},"100":{"start":{"line":472,"column":8},"end":{"line":472,"column":96}},"101":{"start":{"line":472,"column":66},"end":{"line":472,"column":94}},"102":{"start":{"line":473,"column":8},"end":{"line":473,"column":36}},"103":{"start":{"line":474,"column":8},"end":{"line":474,"column":32}},"104":{"start":{"line":478,"column":4},"end":{"line":481,"column":7}},"105":{"start":{"line":479,"column":6},"end":{"line":479,"column":97}},"106":{"start":{"line":480,"column":6},"end":{"line":480,"column":30}},"107":{"start":{"line":484,"column":4},"end":{"line":484,"column":87}},"108":{"start":{"line":485,"column":4},"end":{"line":492,"column":7}},"109":{"start":{"line":486,"column":6},"end":{"line":486,"column":23}},"110":{"start":{"line":487,"column":6},"end":{"line":487,"column":26}},"111":{"start":{"line":488,"column":18},"end":{"line":488,"column":57}},"112":{"start":{"line":489,"column":6},"end":{"line":489,"column":48}},"113":{"start":{"line":489,"column":15},"end":{"line":489,"column":48}},"114":{"start":{"line":490,"column":19},"end":{"line":490,"column":87}},"115":{"start":{"line":491,"column":6},"end":{"line":491,"column":30}},"116":{"start":{"line":493,"column":4},"end":{"line":498,"column":7}},"117":{"start":{"line":494,"column":6},"end":{"line":494,"column":29}},"118":{"start":{"line":495,"column":19},"end":{"line":495,"column":83}},"119":{"start":{"line":496,"column":18},"end":{"line":496,"column":57}},"120":{"start":{"line":497,"column":6},"end":{"line":497,"column":75}},"121":{"start":{"line":497,"column":15},"end":{"line":497,"column":75}},"122":{"start":{"line":499,"column":4},"end":{"line":504,"column":7}},"123":{"start":{"line":500,"column":6},"end":{"line":500,"column":74}},"124":{"start":{"line":501,"column":6},"end":{"line":501,"column":23}},"125":{"start":{"line":502,"column":6},"end":{"line":502,"column":26}},"126":{"start":{"line":503,"column":6},"end":{"line":503,"column":54}},"127":{"start":{"line":505,"column":4},"end":{"line":508,"column":7}},"128":{"start":{"line":506,"column":17},"end":{"line":506,"column":45}},"129":{"start":{"line":507,"column":6},"end":{"line":507,"column":112}},"130":{"start":{"line":515,"column":19},"end":{"line":515,"column":59}},"131":{"start":{"line":516,"column":4},"end":{"line":516,"column":24}},"132":{"start":{"line":516,"column":17},"end":{"line":516,"column":24}},"133":{"start":{"line":517,"column":16},"end":{"line":517,"column":39}},"134":{"start":{"line":518,"column":4},"end":{"line":518,"column":21}},"135":{"start":{"line":518,"column":14},"end":{"line":518,"column":21}},"136":{"start":{"line":519,"column":14},"end":{"line":519,"column":26}},"137":{"start":{"line":519,"column":32},"end":{"line":519,"column":45}},"138":{"start":{"line":521,"column":15},"end":{"line":521,"column":79}},"139":{"start":{"line":522,"column":21},"end":{"line":522,"column":82}},"140":{"start":{"line":523,"column":14},"end":{"line":523,"column":78}},"141":{"start":{"line":524,"column":21},"end":{"line":524,"column":45}},"142":{"start":{"line":525,"column":15},"end":{"line":525,"column":38}},"143":{"start":{"line":526,"column":15},"end":{"line":526,"column":38}},"144":{"start":{"line":528,"column":20},"end":{"line":528,"column":32}},"145":{"start":{"line":529,"column":17},"end":{"line":529,"column":36}},"146":{"start":{"line":530,"column":18},"end":{"line":530,"column":30}},"147":{"start":{"line":532,"column":22},"end":{"line":532,"column":63}},"148":{"start":{"line":533,"column":4},"end":{"line":535,"column":5}},"149":{"start":{"line":534,"column":6},"end":{"line":534,"column":173}},"150":{"start":{"line":537,"column":19},"end":{"line":537,"column":21}},"151":{"start":{"line":538,"column":19},"end":{"line":538,"column":56}},"152":{"start":{"line":539,"column":19},"end":{"line":539,"column":61}},"153":{"start":{"line":540,"column":18},"end":{"line":540,"column":42}},"154":{"start":{"line":542,"column":4},"end":{"line":542,"column":65}},"155":{"start":{"line":542,"column":26},"end":{"line":542,"column":65}},"156":{"start":{"line":544,"column":18},"end":{"line":544,"column":20}},"157":{"start":{"line":545,"column":12},"end":{"line":545,"column":13}},"158":{"start":{"line":546,"column":15},"end":{"line":546,"column":19}},"159":{"start":{"line":549,"column":6},"end":{"line":549,"column":32}},"160":{"start":{"line":550,"column":6},"end":{"line":550,"column":31}},"161":{"start":{"line":552,"column":6},"end":{"line":552,"column":49}},"162":{"start":{"line":553,"column":6},"end":{"line":553,"column":24}},"163":{"start":{"line":554,"column":6},"end":{"line":554,"column":113}},"164":{"start":{"line":554,"column":19},"end":{"line":554,"column":25}},"165":{"start":{"line":554,"column":45},"end":{"line":554,"column":61}},"166":{"start":{"line":554,"column":62},"end":{"line":554,"column":79}},"167":{"start":{"line":554,"column":80},"end":{"line":554,"column":97}},"168":{"start":{"line":554,"column":98},"end":{"line":554,"column":111}},"169":{"start":{"line":555,"column":6},"end":{"line":555,"column":113}},"170":{"start":{"line":555,"column":19},"end":{"line":555,"column":25}},"171":{"start":{"line":555,"column":45},"end":{"line":555,"column":61}},"172":{"start":{"line":555,"column":62},"end":{"line":555,"column":79}},"173":{"start":{"line":555,"column":80},"end":{"line":555,"column":97}},"174":{"start":{"line":555,"column":98},"end":{"line":555,"column":111}},"175":{"start":{"line":557,"column":6},"end":{"line":557,"column":34}},"176":{"start":{"line":558,"column":6},"end":{"line":558,"column":24}},"177":{"start":{"line":559,"column":6},"end":{"line":559,"column":22}},"178":{"start":{"line":560,"column":6},"end":{"line":560,"column":32}},"179":{"start":{"line":561,"column":6},"end":{"line":561,"column":32}},"180":{"start":{"line":562,"column":6},"end":{"line":562,"column":19}},"181":{"start":{"line":564,"column":6},"end":{"line":564,"column":34}},"182":{"start":{"line":565,"column":6},"end":{"line":565,"column":26}},"183":{"start":{"line":566,"column":6},"end":{"line":566,"column":22}},"184":{"start":{"line":567,"column":6},"end":{"line":572,"column":7}},"185":{"start":{"line":567,"column":19},"end":{"line":567,"column":20}},"186":{"start":{"line":568,"column":19},"end":{"line":568,"column":46}},"187":{"start":{"line":569,"column":19},"end":{"line":569,"column":50}},"188":{"start":{"line":570,"column":8},"end":{"line":571,"column":32}},"189":{"start":{"line":570,"column":21},"end":{"line":570,"column":40}},"190":{"start":{"line":571,"column":13},"end":{"line":571,"column":32}},"191":{"start":{"line":573,"column":6},"end":{"line":573,"column":19}},"192":{"start":{"line":575,"column":16},"end":{"line":575,"column":22}},"193":{"start":{"line":576,"column":16},"end":{"line":576,"column":40}},"194":{"start":{"line":578,"column":6},"end":{"line":604,"column":7}},"195":{"start":{"line":579,"column":8},"end":{"line":579,"column":29}},"196":{"start":{"line":580,"column":19},"end":{"line":580,"column":37}},"197":{"start":{"line":581,"column":19},"end":{"line":581,"column":41}},"198":{"start":{"line":583,"column":8},"end":{"line":583,"column":24}},"199":{"start":{"line":584,"column":8},"end":{"line":584,"column":43}},"200":{"start":{"line":585,"column":8},"end":{"line":585,"column":34}},"201":{"start":{"line":586,"column":8},"end":{"line":586,"column":19}},"202":{"start":{"line":587,"column":8},"end":{"line":587,"column":36}},"203":{"start":{"line":588,"column":8},"end":{"line":588,"column":26}},"204":{"start":{"line":589,"column":8},"end":{"line":589,"column":21}},"205":{"start":{"line":591,"column":8},"end":{"line":591,"column":16}},"206":{"start":{"line":592,"column":8},"end":{"line":592,"column":58}},"207":{"start":{"line":594,"column":23},"end":{"line":594,"column":45}},"208":{"start":{"line":595,"column":23},"end":{"line":595,"column":33}},"209":{"start":{"line":596,"column":8},"end":{"line":596,"column":34}},"210":{"start":{"line":597,"column":8},"end":{"line":597,"column":24}},"211":{"start":{"line":598,"column":8},"end":{"line":598,"column":51}},"212":{"start":{"line":599,"column":8},"end":{"line":599,"column":19}},"213":{"start":{"line":601,"column":8},"end":{"line":601,"column":34}},"214":{"start":{"line":602,"column":8},"end":{"line":602,"column":44}},"215":{"start":{"line":603,"column":8},"end":{"line":603,"column":72}},"216":{"start":{"line":607,"column":4},"end":{"line":607,"column":14}},"217":{"start":{"line":615,"column":6},"end":{"line":615,"column":25}},"218":{"start":{"line":616,"column":6},"end":{"line":616,"column":26}},"219":{"start":{"line":617,"column":6},"end":{"line":617,"column":26}},"220":{"start":{"line":618,"column":6},"end":{"line":618,"column":31}},"221":{"start":{"line":619,"column":6},"end":{"line":619,"column":33}},"222":{"start":{"line":620,"column":6},"end":{"line":620,"column":27}},"223":{"start":{"line":621,"column":6},"end":{"line":621,"column":31}},"224":{"start":{"line":622,"column":6},"end":{"line":622,"column":21}},"225":{"start":{"line":623,"column":6},"end":{"line":623,"column":30}},"226":{"start":{"line":624,"column":6},"end":{"line":624,"column":23}},"227":{"start":{"line":625,"column":6},"end":{"line":625,"column":25}},"228":{"start":{"line":626,"column":6},"end":{"line":626,"column":26}},"229":{"start":{"line":630,"column":6},"end":{"line":630,"column":21}},"230":{"start":{"line":631,"column":21},"end":{"line":631,"column":52}},"231":{"start":{"line":632,"column":6},"end":{"line":634,"column":8}},"232":{"start":{"line":633,"column":8},"end":{"line":633,"column":87}},"233":{"start":{"line":633,"column":54},"end":{"line":633,"column":86}},"234":{"start":{"line":635,"column":6},"end":{"line":635,"column":51}},"235":{"start":{"line":637,"column":21},"end":{"line":637,"column":53}},"236":{"start":{"line":638,"column":6},"end":{"line":640,"column":8}},"237":{"start":{"line":639,"column":8},"end":{"line":639,"column":87}},"238":{"start":{"line":639,"column":54},"end":{"line":639,"column":86}},"239":{"start":{"line":641,"column":6},"end":{"line":641,"column":51}},"240":{"start":{"line":645,"column":6},"end":{"line":645,"column":26}},"241":{"start":{"line":646,"column":6},"end":{"line":646,"column":26}},"242":{"start":{"line":650,"column":6},"end":{"line":650,"column":23}},"243":{"start":{"line":651,"column":16},"end":{"line":651,"column":19}},"244":{"start":{"line":652,"column":6},"end":{"line":688,"column":7}},"245":{"start":{"line":653,"column":8},"end":{"line":657,"column":9}},"246":{"start":{"line":653,"column":21},"end":{"line":653,"column":22}},"247":{"start":{"line":654,"column":20},"end":{"line":654,"column":40}},"248":{"start":{"line":655,"column":24},"end":{"line":655,"column":51}},"249":{"start":{"line":656,"column":10},"end":{"line":656,"column":87}},"250":{"start":{"line":658,"column":8},"end":{"line":662,"column":9}},"251":{"start":{"line":658,"column":21},"end":{"line":658,"column":22}},"252":{"start":{"line":659,"column":20},"end":{"line":659,"column":47}},"253":{"start":{"line":660,"column":24},"end":{"line":660,"column":51}},"254":{"start":{"line":661,"column":10},"end":{"line":661,"column":87}},"255":{"start":{"line":663,"column":13},"end":{"line":688,"column":7}},"256":{"start":{"line":664,"column":8},"end":{"line":666,"column":9}},"257":{"start":{"line":664,"column":21},"end":{"line":664,"column":22}},"258":{"start":{"line":665,"column":10},"end":{"line":665,"column":117}},"259":{"start":{"line":667,"column":8},"end":{"line":669,"column":9}},"260":{"start":{"line":667,"column":21},"end":{"line":667,"column":22}},"261":{"start":{"line":668,"column":10},"end":{"line":668,"column":115}},"262":{"start":{"line":670,"column":13},"end":{"line":688,"column":7}},"263":{"start":{"line":671,"column":8},"end":{"line":676,"column":9}},"264":{"start":{"line":671,"column":21},"end":{"line":671,"column":22}},"265":{"start":{"line":672,"column":21},"end":{"line":672,"column":48}},"266":{"start":{"line":673,"column":21},"end":{"line":673,"column":48}},"267":{"start":{"line":674,"column":20},"end":{"line":674,"column":41}},"268":{"start":{"line":675,"column":10},"end":{"line":675,"column":42}},"269":{"start":{"line":677,"column":13},"end":{"line":688,"column":7}},"270":{"start":{"line":678,"column":8},"end":{"line":682,"column":9}},"271":{"start":{"line":678,"column":21},"end":{"line":678,"column":22}},"272":{"start":{"line":679,"column":20},"end":{"line":679,"column":39}},"273":{"start":{"line":680,"column":24},"end":{"line":680,"column":51}},"274":{"start":{"line":681,"column":10},"end":{"line":681,"column":87}},"275":{"start":{"line":683,"column":8},"end":{"line":687,"column":9}},"276":{"start":{"line":683,"column":21},"end":{"line":683,"column":22}},"277":{"start":{"line":684,"column":20},"end":{"line":684,"column":39}},"278":{"start":{"line":685,"column":24},"end":{"line":685,"column":61}},"279":{"start":{"line":686,"column":10},"end":{"line":686,"column":87}},"280":{"start":{"line":692,"column":6},"end":{"line":692,"column":60}},"281":{"start":{"line":692,"column":38},"end":{"line":692,"column":60}},"282":{"start":{"line":693,"column":6},"end":{"line":693,"column":58}},"283":{"start":{"line":693,"column":38},"end":{"line":693,"column":58}},"284":{"start":{"line":694,"column":6},"end":{"line":694,"column":100}},"285":{"start":{"line":694,"column":41},"end":{"line":694,"column":100}},"286":{"start":{"line":695,"column":6},"end":{"line":695,"column":72}},"287":{"start":{"line":695,"column":44},"end":{"line":695,"column":72}},"288":{"start":{"line":696,"column":6},"end":{"line":696,"column":15}},"289":{"start":{"line":700,"column":6},"end":{"line":700,"column":59}},"290":{"start":{"line":700,"column":38},"end":{"line":700,"column":59}},"291":{"start":{"line":701,"column":6},"end":{"line":701,"column":55}},"292":{"start":{"line":701,"column":38},"end":{"line":701,"column":55}},"293":{"start":{"line":702,"column":6},"end":{"line":702,"column":60}},"294":{"start":{"line":702,"column":41},"end":{"line":702,"column":60}},"295":{"start":{"line":703,"column":6},"end":{"line":703,"column":68}},"296":{"start":{"line":703,"column":44},"end":{"line":703,"column":68}},"297":{"start":{"line":704,"column":6},"end":{"line":704,"column":15}},"298":{"start":{"line":708,"column":6},"end":{"line":708,"column":65}},"299":{"start":{"line":712,"column":17},"end":{"line":712,"column":43}},"300":{"start":{"line":713,"column":17},"end":{"line":713,"column":43}},"301":{"start":{"line":714,"column":6},"end":{"line":717,"column":7}},"302":{"start":{"line":714,"column":19},"end":{"line":714,"column":20}},"303":{"start":{"line":715,"column":8},"end":{"line":715,"column":69}},"304":{"start":{"line":716,"column":8},"end":{"line":716,"column":34}},"305":{"start":{"line":718,"column":15},"end":{"line":718,"column":25}},"306":{"start":{"line":719,"column":6},"end":{"line":721,"column":7}},"307":{"start":{"line":719,"column":19},"end":{"line":719,"column":20}},"308":{"start":{"line":720,"column":8},"end":{"line":720,"column":36}},"309":{"start":{"line":722,"column":19},"end":{"line":722,"column":35}},"310":{"start":{"line":723,"column":6},"end":{"line":723,"column":34}},"311":{"start":{"line":727,"column":6},"end":{"line":727,"column":45}},"312":{"start":{"line":731,"column":16},"end":{"line":731,"column":34}},"313":{"start":{"line":732,"column":22},"end":{"line":732,"column":23}},"314":{"start":{"line":734,"column":18},"end":{"line":734,"column":98}},"315":{"start":{"line":734,"column":63},"end":{"line":734,"column":97}},"316":{"start":{"line":735,"column":18},"end":{"line":735,"column":52}},"317":{"start":{"line":736,"column":18},"end":{"line":736,"column":99}},"318":{"start":{"line":736,"column":64},"end":{"line":736,"column":98}},"319":{"start":{"line":737,"column":18},"end":{"line":737,"column":52}},"320":{"start":{"line":739,"column":6},"end":{"line":765,"column":7}},"321":{"start":{"line":739,"column":19},"end":{"line":739,"column":20}},"322":{"start":{"line":740,"column":30},"end":{"line":740,"column":44}},"323":{"start":{"line":741,"column":33},"end":{"line":741,"column":59}},"324":{"start":{"line":744,"column":20},"end":{"line":744,"column":24}},"325":{"start":{"line":745,"column":21},"end":{"line":745,"column":85}},"326":{"start":{"line":746,"column":8},"end":{"line":746,"column":26}},"327":{"start":{"line":749,"column":20},"end":{"line":749,"column":28}},"328":{"start":{"line":751,"column":8},"end":{"line":753,"column":9}},"329":{"start":{"line":751,"column":21},"end":{"line":751,"column":22}},"330":{"start":{"line":752,"column":10},"end":{"line":752,"column":41}},"331":{"start":{"line":754,"column":8},"end":{"line":754,"column":26}},"332":{"start":{"line":757,"column":8},"end":{"line":764,"column":9}},"333":{"start":{"line":757,"column":21},"end":{"line":757,"column":22}},"334":{"start":{"line":758,"column":22},"end":{"line":758,"column":41}},"335":{"start":{"line":759,"column":22},"end":{"line":759,"column":55}},"336":{"start":{"line":761,"column":10},"end":{"line":761,"column":38}},"337":{"start":{"line":762,"column":10},"end":{"line":762,"column":38}},"338":{"start":{"line":763,"column":10},"end":{"line":763,"column":28}},"339":{"start":{"line":768,"column":6},"end":{"line":780,"column":7}},"340":{"start":{"line":769,"column":8},"end":{"line":773,"column":9}},"341":{"start":{"line":769,"column":21},"end":{"line":769,"column":22}},"342":{"start":{"line":770,"column":10},"end":{"line":770,"column":54}},"343":{"start":{"line":771,"column":10},"end":{"line":771,"column":54}},"344":{"start":{"line":772,"column":10},"end":{"line":772,"column":54}},"345":{"start":{"line":774,"column":13},"end":{"line":780,"column":7}},"346":{"start":{"line":775,"column":8},"end":{"line":779,"column":9}},"347":{"start":{"line":775,"column":21},"end":{"line":775,"column":22}},"348":{"start":{"line":776,"column":10},"end":{"line":776,"column":65}},"349":{"start":{"line":777,"column":10},"end":{"line":777,"column":65}},"350":{"start":{"line":778,"column":10},"end":{"line":778,"column":65}},"351":{"start":{"line":783,"column":6},"end":{"line":788,"column":7}},"352":{"start":{"line":783,"column":19},"end":{"line":783,"column":20}},"353":{"start":{"line":784,"column":8},"end":{"line":784,"column":55}},"354":{"start":{"line":785,"column":8},"end":{"line":785,"column":55}},"355":{"start":{"line":786,"column":8},"end":{"line":786,"column":49}},"356":{"start":{"line":787,"column":8},"end":{"line":787,"column":55}},"357":{"start":{"line":789,"column":6},"end":{"line":789,"column":47}},"358":{"start":{"line":791,"column":6},"end":{"line":791,"column":19}},"359":{"start":{"line":792,"column":6},"end":{"line":792,"column":27}},"360":{"start":{"line":797,"column":4},"end":{"line":797,"column":36}},"361":{"start":{"line":798,"column":4},"end":{"line":798,"column":27}},"362":{"start":{"line":802,"column":4},"end":{"line":802,"column":29}},"363":{"start":{"line":803,"column":16},"end":{"line":803,"column":59}},"364":{"start":{"line":804,"column":4},"end":{"line":807,"column":5}},"365":{"start":{"line":805,"column":6},"end":{"line":805,"column":77}},"366":{"start":{"line":806,"column":6},"end":{"line":806,"column":64}},"367":{"start":{"line":808,"column":4},"end":{"line":810,"column":5}},"368":{"start":{"line":809,"column":6},"end":{"line":809,"column":26}},"369":{"start":{"line":814,"column":4},"end":{"line":819,"column":5}},"370":{"start":{"line":815,"column":6},"end":{"line":815,"column":30}},"371":{"start":{"line":816,"column":6},"end":{"line":816,"column":29}},"372":{"start":{"line":817,"column":6},"end":{"line":817,"column":64}},"373":{"start":{"line":818,"column":6},"end":{"line":818,"column":68}},"374":{"start":{"line":823,"column":4},"end":{"line":823,"column":42}},"375":{"start":{"line":823,"column":35},"end":{"line":823,"column":42}},"376":{"start":{"line":826,"column":15},"end":{"line":826,"column":16}},"377":{"start":{"line":827,"column":4},"end":{"line":829,"column":5}},"378":{"start":{"line":827,"column":17},"end":{"line":827,"column":18}},"379":{"start":{"line":828,"column":6},"end":{"line":828,"column":35}},"380":{"start":{"line":831,"column":20},"end":{"line":831,"column":59}},"381":{"start":{"line":832,"column":19},"end":{"line":832,"column":57}},"382":{"start":{"line":833,"column":4},"end":{"line":833,"column":63}},"383":{"start":{"line":833,"column":17},"end":{"line":833,"column":63}},"384":{"start":{"line":834,"column":4},"end":{"line":834,"column":53}},"385":{"start":{"line":834,"column":16},"end":{"line":834,"column":53}},"386":{"start":{"line":836,"column":4},"end":{"line":836,"column":27}},"387":{"start":{"line":837,"column":4},"end":{"line":837,"column":67}},"388":{"start":{"line":841,"column":19},"end":{"line":841,"column":62}},"389":{"start":{"line":842,"column":4},"end":{"line":842,"column":38}},"390":{"start":{"line":842,"column":31},"end":{"line":842,"column":38}},"391":{"start":{"line":843,"column":16},"end":{"line":843,"column":39}},"392":{"start":{"line":844,"column":4},"end":{"line":844,"column":21}},"393":{"start":{"line":844,"column":14},"end":{"line":844,"column":21}},"394":{"start":{"line":846,"column":14},"end":{"line":846,"column":26}},"395":{"start":{"line":846,"column":32},"end":{"line":846,"column":45}},"396":{"start":{"line":847,"column":20},"end":{"line":847,"column":22}},"397":{"start":{"line":848,"column":18},"end":{"line":848,"column":29}},"398":{"start":{"line":849,"column":18},"end":{"line":849,"column":29}},"399":{"start":{"line":852,"column":4},"end":{"line":866,"column":5}},"400":{"start":{"line":852,"column":18},"end":{"line":852,"column":19}},"401":{"start":{"line":853,"column":6},"end":{"line":865,"column":7}},"402":{"start":{"line":853,"column":20},"end":{"line":853,"column":21}},"403":{"start":{"line":854,"column":19},"end":{"line":854,"column":41}},"404":{"start":{"line":855,"column":19},"end":{"line":855,"column":41}},"405":{"start":{"line":856,"column":21},"end":{"line":856,"column":46}},"406":{"start":{"line":859,"column":18},"end":{"line":859,"column":58}},"407":{"start":{"line":860,"column":18},"end":{"line":860,"column":60}},"408":{"start":{"line":861,"column":18},"end":{"line":861,"column":59}},"409":{"start":{"line":863,"column":8},"end":{"line":863,"column":55}},"410":{"start":{"line":864,"column":8},"end":{"line":864,"column":71}},"411":{"start":{"line":869,"column":4},"end":{"line":869,"column":46}},"412":{"start":{"line":870,"column":4},"end":{"line":870,"column":22}},"413":{"start":{"line":871,"column":4},"end":{"line":871,"column":20}},"414":{"start":{"line":872,"column":4},"end":{"line":872,"column":25}},"415":{"start":{"line":872,"column":26},"end":{"line":872,"column":47}},"416":{"start":{"line":873,"column":4},"end":{"line":873,"column":25}},"417":{"start":{"line":873,"column":26},"end":{"line":873,"column":47}},"418":{"start":{"line":874,"column":4},"end":{"line":874,"column":17}},"419":{"start":{"line":877,"column":4},"end":{"line":888,"column":7}},"420":{"start":{"line":878,"column":17},"end":{"line":878,"column":37}},"421":{"start":{"line":879,"column":17},"end":{"line":879,"column":37}},"422":{"start":{"line":881,"column":6},"end":{"line":881,"column":22}},"423":{"start":{"line":882,"column":6},"end":{"line":882,"column":43}},"424":{"start":{"line":883,"column":6},"end":{"line":883,"column":56}},"425":{"start":{"line":884,"column":6},"end":{"line":884,"column":17}},"426":{"start":{"line":885,"column":6},"end":{"line":885,"column":34}},"427":{"start":{"line":886,"column":6},"end":{"line":886,"column":26}},"428":{"start":{"line":887,"column":6},"end":{"line":887,"column":19}},"429":{"start":{"line":892,"column":16},"end":{"line":892,"column":63}},"430":{"start":{"line":893,"column":4},"end":{"line":893,"column":35}},"431":{"start":{"line":893,"column":28},"end":{"line":893,"column":35}},"432":{"start":{"line":895,"column":4},"end":{"line":903,"column":5}},"433":{"start":{"line":896,"column":6},"end":{"line":896,"column":181}},"434":{"start":{"line":897,"column":11},"end":{"line":903,"column":5}},"435":{"start":{"line":898,"column":6},"end":{"line":898,"column":172}},"436":{"start":{"line":899,"column":11},"end":{"line":903,"column":5}},"437":{"start":{"line":900,"column":6},"end":{"line":900,"column":141}},"438":{"start":{"line":902,"column":6},"end":{"line":902,"column":165}},"439":{"start":{"line":909,"column":22},"end":{"line":950,"column":3}},"440":{"start":{"line":911,"column":17},"end":{"line":911,"column":31}},"441":{"start":{"line":912,"column":20},"end":{"line":912,"column":33}},"442":{"start":{"line":917,"column":17},"end":{"line":917,"column":39}},"443":{"start":{"line":918,"column":32},"end":{"line":918,"column":54}},"444":{"start":{"line":918,"column":56},"end":{"line":918,"column":75}},"445":{"start":{"line":923,"column":17},"end":{"line":923,"column":29}},"446":{"start":{"line":924,"column":20},"end":{"line":924,"column":49}},"447":{"start":{"line":929,"column":17},"end":{"line":929,"column":37}},"448":{"start":{"line":930,"column":20},"end":{"line":930,"column":36}},"449":{"start":{"line":935,"column":17},"end":{"line":935,"column":100}},"450":{"start":{"line":937,"column":18},"end":{"line":937,"column":74}},"451":{"start":{"line":938,"column":22},"end":{"line":938,"column":34}},"452":{"start":{"line":939,"column":8},"end":{"line":939,"column":115}},"453":{"start":{"line":945,"column":17},"end":{"line":945,"column":18}},"454":{"start":{"line":946,"column":19},"end":{"line":946,"column":20}},"455":{"start":{"line":953,"column":19},"end":{"line":953,"column":59}},"456":{"start":{"line":954,"column":4},"end":{"line":954,"column":24}},"457":{"start":{"line":954,"column":17},"end":{"line":954,"column":24}},"458":{"start":{"line":955,"column":16},"end":{"line":955,"column":39}},"459":{"start":{"line":956,"column":4},"end":{"line":956,"column":21}},"460":{"start":{"line":956,"column":14},"end":{"line":956,"column":21}},"461":{"start":{"line":958,"column":14},"end":{"line":958,"column":26}},"462":{"start":{"line":958,"column":32},"end":{"line":958,"column":45}},"463":{"start":{"line":959,"column":22},"end":{"line":959,"column":70}},"464":{"start":{"line":960,"column":19},"end":{"line":960,"column":61}},"465":{"start":{"line":961,"column":16},"end":{"line":961,"column":55}},"466":{"start":{"line":963,"column":19},"end":{"line":963,"column":86}},"467":{"start":{"line":964,"column":20},"end":{"line":964,"column":34}},"468":{"start":{"line":965,"column":19},"end":{"line":965,"column":36}},"469":{"start":{"line":967,"column":4},"end":{"line":967,"column":77}},"470":{"start":{"line":968,"column":4},"end":{"line":968,"column":75}},"471":{"start":{"line":969,"column":4},"end":{"line":969,"column":75}},"472":{"start":{"line":970,"column":4},"end":{"line":970,"column":77}},"473":{"start":{"line":973,"column":4},"end":{"line":973,"column":30}},"474":{"start":{"line":974,"column":4},"end":{"line":974,"column":29}},"475":{"start":{"line":976,"column":17},"end":{"line":976,"column":22}},"476":{"start":{"line":976,"column":31},"end":{"line":976,"column":36}},"477":{"start":{"line":977,"column":19},"end":{"line":977,"column":25}},"478":{"start":{"line":978,"column":19},"end":{"line":978,"column":24}},"479":{"start":{"line":981,"column":4},"end":{"line":981,"column":46}},"480":{"start":{"line":982,"column":4},"end":{"line":982,"column":22}},"481":{"start":{"line":983,"column":4},"end":{"line":986,"column":5}},"482":{"start":{"line":983,"column":17},"end":{"line":983,"column":19}},"483":{"start":{"line":984,"column":17},"end":{"line":984,"column":34}},"484":{"start":{"line":985,"column":6},"end":{"line":985,"column":22}},"485":{"start":{"line":985,"column":23},"end":{"line":985,"column":41}},"486":{"start":{"line":985,"column":42},"end":{"line":985,"column":60}},"487":{"start":{"line":985,"column":61},"end":{"line":985,"column":74}},"488":{"start":{"line":987,"column":4},"end":{"line":990,"column":5}},"489":{"start":{"line":987,"column":17},"end":{"line":987,"column":19}},"490":{"start":{"line":988,"column":17},"end":{"line":988,"column":34}},"491":{"start":{"line":989,"column":6},"end":{"line":989,"column":22}},"492":{"start":{"line":989,"column":23},"end":{"line":989,"column":41}},"493":{"start":{"line":989,"column":42},"end":{"line":989,"column":60}},"494":{"start":{"line":989,"column":61},"end":{"line":989,"column":74}},"495":{"start":{"line":993,"column":4},"end":{"line":993,"column":32}},"496":{"start":{"line":994,"column":4},"end":{"line":994,"column":24}},"497":{"start":{"line":995,"column":4},"end":{"line":995,"column":20}},"498":{"start":{"line":995,"column":21},"end":{"line":995,"column":41}},"499":{"start":{"line":995,"column":42},"end":{"line":995,"column":62}},"500":{"start":{"line":995,"column":63},"end":{"line":995,"column":76}},"501":{"start":{"line":996,"column":4},"end":{"line":996,"column":20}},"502":{"start":{"line":996,"column":21},"end":{"line":996,"column":41}},"503":{"start":{"line":996,"column":42},"end":{"line":996,"column":62}},"504":{"start":{"line":996,"column":63},"end":{"line":996,"column":76}},"505":{"start":{"line":999,"column":4},"end":{"line":999,"column":48}},"506":{"start":{"line":1000,"column":4},"end":{"line":1000,"column":22}},"507":{"start":{"line":1001,"column":4},"end":{"line":1001,"column":28}},"508":{"start":{"line":1002,"column":4},"end":{"line":1002,"column":20}},"509":{"start":{"line":1003,"column":4},"end":{"line":1009,"column":5}},"510":{"start":{"line":1003,"column":18},"end":{"line":1003,"column":19}},"511":{"start":{"line":1004,"column":16},"end":{"line":1004,"column":36}},"512":{"start":{"line":1005,"column":17},"end":{"line":1005,"column":29}},"513":{"start":{"line":1006,"column":17},"end":{"line":1006,"column":35}},"514":{"start":{"line":1007,"column":6},"end":{"line":1008,"column":30}},"515":{"start":{"line":1007,"column":20},"end":{"line":1007,"column":39}},"516":{"start":{"line":1008,"column":11},"end":{"line":1008,"column":30}},"517":{"start":{"line":1010,"column":4},"end":{"line":1010,"column":17}},"518":{"start":{"line":1011,"column":4},"end":{"line":1011,"column":24}},"519":{"start":{"line":1014,"column":4},"end":{"line":1014,"column":32}},"520":{"start":{"line":1015,"column":4},"end":{"line":1015,"column":22}},"521":{"start":{"line":1016,"column":4},"end":{"line":1016,"column":20}},"522":{"start":{"line":1017,"column":4},"end":{"line":1023,"column":5}},"523":{"start":{"line":1017,"column":18},"end":{"line":1017,"column":19}},"524":{"start":{"line":1018,"column":16},"end":{"line":1018,"column":36}},"525":{"start":{"line":1019,"column":16},"end":{"line":1019,"column":25}},"526":{"start":{"line":1020,"column":17},"end":{"line":1020,"column":34}},"527":{"start":{"line":1021,"column":6},"end":{"line":1022,"column":30}},"528":{"start":{"line":1021,"column":20},"end":{"line":1021,"column":39}},"529":{"start":{"line":1022,"column":11},"end":{"line":1022,"column":30}},"530":{"start":{"line":1024,"column":4},"end":{"line":1024,"column":17}},"531":{"start":{"line":1027,"column":21},"end":{"line":1027,"column":43}},"532":{"start":{"line":1028,"column":21},"end":{"line":1028,"column":44}},"533":{"start":{"line":1029,"column":4},"end":{"line":1029,"column":20}},"534":{"start":{"line":1030,"column":4},"end":{"line":1030,"column":51}},"535":{"start":{"line":1031,"column":4},"end":{"line":1031,"column":30}},"536":{"start":{"line":1032,"column":4},"end":{"line":1032,"column":15}},"537":{"start":{"line":1033,"column":4},"end":{"line":1033,"column":32}},"538":{"start":{"line":1034,"column":4},"end":{"line":1034,"column":22}},"539":{"start":{"line":1035,"column":4},"end":{"line":1035,"column":17}},"540":{"start":{"line":1038,"column":4},"end":{"line":1038,"column":40}},"541":{"start":{"line":1039,"column":4},"end":{"line":1039,"column":30}},"542":{"start":{"line":1040,"column":4},"end":{"line":1040,"column":35}},"543":{"start":{"line":1041,"column":4},"end":{"line":1041,"column":30}},"544":{"start":{"line":1042,"column":4},"end":{"line":1042,"column":49}},"545":{"start":{"line":1049,"column":15},"end":{"line":1049,"column":66}},"546":{"start":{"line":1050,"column":15},"end":{"line":1050,"column":66}},"547":{"start":{"line":1051,"column":17},"end":{"line":1051,"column":55}},"548":{"start":{"line":1052,"column":20},"end":{"line":1052,"column":61}},"549":{"start":{"line":1053,"column":4},"end":{"line":1053,"column":22}},"550":{"start":{"line":1053,"column":15},"end":{"line":1053,"column":22}},"551":{"start":{"line":1055,"column":21},"end":{"line":1055,"column":44}},"552":{"start":{"line":1056,"column":21},"end":{"line":1056,"column":44}},"553":{"start":{"line":1058,"column":22},"end":{"line":1058,"column":24}},"554":{"start":{"line":1059,"column":18},"end":{"line":1059,"column":49}},"555":{"start":{"line":1060,"column":4},"end":{"line":1060,"column":38}},"556":{"start":{"line":1062,"column":20},"end":{"line":1062,"column":37}},"557":{"start":{"line":1063,"column":4},"end":{"line":1063,"column":50}},"558":{"start":{"line":1064,"column":4},"end":{"line":1064,"column":81}},"559":{"start":{"line":1064,"column":28},"end":{"line":1064,"column":77}},"560":{"start":{"line":1066,"column":4},"end":{"line":1078,"column":7}},"561":{"start":{"line":1067,"column":18},"end":{"line":1067,"column":35}},"562":{"start":{"line":1068,"column":6},"end":{"line":1068,"column":52}},"563":{"start":{"line":1069,"column":6},"end":{"line":1077,"column":9}},"564":{"start":{"line":1070,"column":25},"end":{"line":1070,"column":105}},"565":{"start":{"line":1070,"column":49},"end":{"line":1070,"column":95}},"566":{"start":{"line":1071,"column":8},"end":{"line":1071,"column":33}},"567":{"start":{"line":1072,"column":21},"end":{"line":1072,"column":37}},"568":{"start":{"line":1073,"column":27},"end":{"line":1073,"column":68}},"569":{"start":{"line":1074,"column":8},"end":{"line":1074,"column":36}},"570":{"start":{"line":1075,"column":8},"end":{"line":1075,"column":62}},"571":{"start":{"line":1076,"column":8},"end":{"line":1076,"column":38}},"572":{"start":{"line":1080,"column":4},"end":{"line":1080,"column":24}},"573":{"start":{"line":1081,"column":4},"end":{"line":1081,"column":28}},"574":{"start":{"line":1083,"column":19},"end":{"line":1083,"column":21}},"575":{"start":{"line":1084,"column":4},"end":{"line":1084,"column":66}},"576":{"start":{"line":1084,"column":29},"end":{"line":1084,"column":62}},"577":{"start":{"line":1086,"column":21},"end":{"line":1086,"column":78}},"578":{"start":{"line":1086,"column":43},"end":{"line":1086,"column":70}},"579":{"start":{"line":1087,"column":22},"end":{"line":1087,"column":49}},"580":{"start":{"line":1089,"column":4},"end":{"line":1094,"column":5}},"581":{"start":{"line":1090,"column":6},"end":{"line":1093,"column":8}},"582":{"start":{"line":1091,"column":73},"end":{"line":1091,"column":105}},"583":{"start":{"line":1100,"column":24},"end":{"line":1112,"column":3}},"584":{"start":{"line":1115,"column":19},"end":{"line":1115,"column":54}},"585":{"start":{"line":1116,"column":20},"end":{"line":1116,"column":56}},"586":{"start":{"line":1117,"column":16},"end":{"line":1117,"column":48}},"587":{"start":{"line":1118,"column":20},"end":{"line":1118,"column":58}},"588":{"start":{"line":1119,"column":4},"end":{"line":1119,"column":24}},"589":{"start":{"line":1119,"column":17},"end":{"line":1119,"column":24}},"590":{"start":{"line":1121,"column":15},"end":{"line":1121,"column":39}},"591":{"start":{"line":1122,"column":4},"end":{"line":1122,"column":53}},"592":{"start":{"line":1122,"column":17},"end":{"line":1122,"column":53}},"593":{"start":{"line":1123,"column":4},"end":{"line":1123,"column":52}},"594":{"start":{"line":1123,"column":13},"end":{"line":1123,"column":52}},"595":{"start":{"line":1125,"column":18},"end":{"line":1125,"column":111}},"596":{"start":{"line":1125,"column":42},"end":{"line":1125,"column":67}},"597":{"start":{"line":1127,"column":4},"end":{"line":1133,"column":5}},"598":{"start":{"line":1128,"column":21},"end":{"line":1128,"column":78}},"599":{"start":{"line":1129,"column":6},"end":{"line":1132,"column":8}},"600":{"start":{"line":1140,"column":19},"end":{"line":1140,"column":56}},"601":{"start":{"line":1141,"column":18},"end":{"line":1141,"column":58}},"602":{"start":{"line":1142,"column":4},"end":{"line":1142,"column":34}},"603":{"start":{"line":1142,"column":27},"end":{"line":1142,"column":34}},"604":{"start":{"line":1143,"column":16},"end":{"line":1143,"column":39}},"605":{"start":{"line":1144,"column":4},"end":{"line":1144,"column":21}},"606":{"start":{"line":1144,"column":14},"end":{"line":1144,"column":21}},"607":{"start":{"line":1145,"column":14},"end":{"line":1145,"column":26}},"608":{"start":{"line":1145,"column":32},"end":{"line":1145,"column":45}},"609":{"start":{"line":1146,"column":17},"end":{"line":1146,"column":52}},"610":{"start":{"line":1148,"column":4},"end":{"line":1148,"column":30}},"611":{"start":{"line":1149,"column":4},"end":{"line":1149,"column":29}},"612":{"start":{"line":1151,"column":17},"end":{"line":1151,"column":22}},"613":{"start":{"line":1151,"column":31},"end":{"line":1151,"column":36}},"614":{"start":{"line":1152,"column":19},"end":{"line":1152,"column":21}},"615":{"start":{"line":1152,"column":32},"end":{"line":1152,"column":34}},"616":{"start":{"line":1155,"column":4},"end":{"line":1155,"column":46}},"617":{"start":{"line":1156,"column":4},"end":{"line":1156,"column":22}},"618":{"start":{"line":1157,"column":4},"end":{"line":1157,"column":127}},"619":{"start":{"line":1157,"column":18},"end":{"line":1157,"column":31}},"620":{"start":{"line":1157,"column":57},"end":{"line":1157,"column":73}},"621":{"start":{"line":1157,"column":74},"end":{"line":1157,"column":92}},"622":{"start":{"line":1157,"column":93},"end":{"line":1157,"column":111}},"623":{"start":{"line":1157,"column":112},"end":{"line":1157,"column":125}},"624":{"start":{"line":1158,"column":4},"end":{"line":1158,"column":127}},"625":{"start":{"line":1158,"column":18},"end":{"line":1158,"column":31}},"626":{"start":{"line":1158,"column":57},"end":{"line":1158,"column":73}},"627":{"start":{"line":1158,"column":74},"end":{"line":1158,"column":92}},"628":{"start":{"line":1158,"column":93},"end":{"line":1158,"column":111}},"629":{"start":{"line":1158,"column":112},"end":{"line":1158,"column":125}},"630":{"start":{"line":1161,"column":4},"end":{"line":1161,"column":32}},"631":{"start":{"line":1162,"column":4},"end":{"line":1162,"column":24}},"632":{"start":{"line":1163,"column":4},"end":{"line":1163,"column":20}},"633":{"start":{"line":1163,"column":21},"end":{"line":1163,"column":41}},"634":{"start":{"line":1163,"column":42},"end":{"line":1163,"column":62}},"635":{"start":{"line":1163,"column":63},"end":{"line":1163,"column":76}},"636":{"start":{"line":1164,"column":4},"end":{"line":1164,"column":20}},"637":{"start":{"line":1164,"column":21},"end":{"line":1164,"column":41}},"638":{"start":{"line":1164,"column":42},"end":{"line":1164,"column":62}},"639":{"start":{"line":1164,"column":63},"end":{"line":1164,"column":76}},"640":{"start":{"line":1167,"column":4},"end":{"line":1167,"column":30}},"641":{"start":{"line":1168,"column":4},"end":{"line":1168,"column":40}},"642":{"start":{"line":1169,"column":4},"end":{"line":1175,"column":5}},"643":{"start":{"line":1169,"column":17},"end":{"line":1169,"column":20}},"644":{"start":{"line":1170,"column":6},"end":{"line":1170,"column":28}},"645":{"start":{"line":1170,"column":19},"end":{"line":1170,"column":28}},"646":{"start":{"line":1171,"column":17},"end":{"line":1171,"column":34}},"647":{"start":{"line":1172,"column":6},"end":{"line":1172,"column":81}},"648":{"start":{"line":1172,"column":36},"end":{"line":1172,"column":79}},"649":{"start":{"line":1173,"column":17},"end":{"line":1173,"column":34}},"650":{"start":{"line":1174,"column":6},"end":{"line":1174,"column":80}},"651":{"start":{"line":1174,"column":36},"end":{"line":1174,"column":78}},"652":{"start":{"line":1178,"column":4},"end":{"line":1210,"column":5}},"653":{"start":{"line":1179,"column":6},"end":{"line":1179,"column":34}},"654":{"start":{"line":1180,"column":6},"end":{"line":1180,"column":26}},"655":{"start":{"line":1181,"column":6},"end":{"line":1181,"column":22}},"656":{"start":{"line":1182,"column":20},"end":{"line":1182,"column":25}},"657":{"start":{"line":1184,"column":6},"end":{"line":1200,"column":7}},"658":{"start":{"line":1184,"column":20},"end":{"line":1184,"column":21}},"659":{"start":{"line":1185,"column":18},"end":{"line":1185,"column":38}},"660":{"start":{"line":1187,"column":8},"end":{"line":1190,"column":29}},"661":{"start":{"line":1189,"column":10},"end":{"line":1189,"column":70}},"662":{"start":{"line":1190,"column":18},"end":{"line":1190,"column":27}},"663":{"start":{"line":1192,"column":8},"end":{"line":1195,"column":9}},"664":{"start":{"line":1193,"column":10},"end":{"line":1193,"column":26}},"665":{"start":{"line":1194,"column":10},"end":{"line":1194,"column":19}},"666":{"start":{"line":1197,"column":19},"end":{"line":1197,"column":36}},"667":{"start":{"line":1198,"column":8},"end":{"line":1199,"column":32}},"668":{"start":{"line":1198,"column":24},"end":{"line":1198,"column":43}},"669":{"start":{"line":1198,"column":44},"end":{"line":1198,"column":59}},"670":{"start":{"line":1199,"column":13},"end":{"line":1199,"column":32}},"671":{"start":{"line":1201,"column":6},"end":{"line":1201,"column":19}},"672":{"start":{"line":1203,"column":6},"end":{"line":1203,"column":32}},"673":{"start":{"line":1204,"column":6},"end":{"line":1204,"column":47}},"674":{"start":{"line":1205,"column":6},"end":{"line":1205,"column":42}},"675":{"start":{"line":1207,"column":6},"end":{"line":1207,"column":32}},"676":{"start":{"line":1208,"column":6},"end":{"line":1208,"column":42}},"677":{"start":{"line":1209,"column":6},"end":{"line":1209,"column":56}},"678":{"start":{"line":1216,"column":26},"end":{"line":1229,"column":3}},"679":{"start":{"line":1232,"column":22},"end":{"line":1232,"column":66}},"680":{"start":{"line":1233,"column":4},"end":{"line":1233,"column":27}},"681":{"start":{"line":1233,"column":20},"end":{"line":1233,"column":27}},"682":{"start":{"line":1235,"column":4},"end":{"line":1242,"column":16}},"683":{"start":{"line":1235,"column":54},"end":{"line":1242,"column":5}},"684":{"start":{"line":1248,"column":18},"end":{"line":1248,"column":20}},"685":{"start":{"line":1249,"column":20},"end":{"line":1249,"column":25}},"686":{"start":{"line":1250,"column":18},"end":{"line":1250,"column":23}},"687":{"start":{"line":1251,"column":24},"end":{"line":1251,"column":25}},"688":{"start":{"line":1252,"column":18},"end":{"line":1252,"column":19}},"689":{"start":{"line":1255,"column":4},"end":{"line":1255,"column":26}},"690":{"start":{"line":1259,"column":4},"end":{"line":1259,"column":19}},"691":{"start":{"line":1260,"column":4},"end":{"line":1262,"column":5}},"692":{"start":{"line":1260,"column":17},"end":{"line":1260,"column":18}},"693":{"start":{"line":1261,"column":6},"end":{"line":1261,"column":58}},"694":{"start":{"line":1263,"column":4},"end":{"line":1263,"column":24}},"695":{"start":{"line":1264,"column":4},"end":{"line":1264,"column":18}},"696":{"start":{"line":1265,"column":4},"end":{"line":1265,"column":22}},"697":{"start":{"line":1266,"column":4},"end":{"line":1266,"column":21}},"698":{"start":{"line":1270,"column":22},"end":{"line":1270,"column":66}},"699":{"start":{"line":1271,"column":4},"end":{"line":1271,"column":27}},"700":{"start":{"line":1271,"column":20},"end":{"line":1271,"column":27}},"701":{"start":{"line":1272,"column":4},"end":{"line":1285,"column":16}},"702":{"start":{"line":1273,"column":21},"end":{"line":1273,"column":44}},"703":{"start":{"line":1274,"column":21},"end":{"line":1274,"column":43}},"704":{"start":{"line":1275,"column":21},"end":{"line":1275,"column":41}},"705":{"start":{"line":1276,"column":20},"end":{"line":1276,"column":33}},"706":{"start":{"line":1278,"column":16},"end":{"line":1278,"column":26}},"707":{"start":{"line":1279,"column":6},"end":{"line":1282,"column":40}},"708":{"start":{"line":1279,"column":17},"end":{"line":1279,"column":33}},"709":{"start":{"line":1280,"column":11},"end":{"line":1282,"column":40}},"710":{"start":{"line":1280,"column":23},"end":{"line":1280,"column":42}},"711":{"start":{"line":1281,"column":11},"end":{"line":1282,"column":40}},"712":{"start":{"line":1281,"column":23},"end":{"line":1281,"column":43}},"713":{"start":{"line":1282,"column":11},"end":{"line":1282,"column":40}},"714":{"start":{"line":1282,"column":23},"end":{"line":1282,"column":40}},"715":{"start":{"line":1284,"column":6},"end":{"line":1284,"column":112}},"716":{"start":{"line":1289,"column":19},"end":{"line":1289,"column":66}},"717":{"start":{"line":1290,"column":19},"end":{"line":1290,"column":60}},"718":{"start":{"line":1291,"column":4},"end":{"line":1291,"column":61}},"719":{"start":{"line":1291,"column":16},"end":{"line":1291,"column":61}},"720":{"start":{"line":1292,"column":4},"end":{"line":1292,"column":55}},"721":{"start":{"line":1292,"column":16},"end":{"line":1292,"column":55}},"722":{"start":{"line":1296,"column":19},"end":{"line":1296,"column":61}},"723":{"start":{"line":1297,"column":4},"end":{"line":1297,"column":52}},"724":{"start":{"line":1300,"column":16},"end":{"line":1300,"column":71}},"725":{"start":{"line":1300,"column":24},"end":{"line":1300,"column":71}},"726":{"start":{"line":1300,"column":47},"end":{"line":1300,"column":70}},"727":{"start":{"line":1303,"column":4},"end":{"line":1309,"column":5}},"728":{"start":{"line":1304,"column":6},"end":{"line":1304,"column":23}},"729":{"start":{"line":1305,"column":6},"end":{"line":1305,"column":26}},"730":{"start":{"line":1306,"column":18},"end":{"line":1306,"column":57}},"731":{"start":{"line":1307,"column":6},"end":{"line":1307,"column":48}},"732":{"start":{"line":1307,"column":15},"end":{"line":1307,"column":48}},"733":{"start":{"line":1308,"column":6},"end":{"line":1308,"column":13}},"734":{"start":{"line":1311,"column":17},"end":{"line":1311,"column":73}},"735":{"start":{"line":1312,"column":4},"end":{"line":1312,"column":23}},"736":{"start":{"line":1313,"column":4},"end":{"line":1313,"column":22}},"737":{"start":{"line":1314,"column":4},"end":{"line":1314,"column":24}},"738":{"start":{"line":1315,"column":4},"end":{"line":1315,"column":18}},"739":{"start":{"line":1316,"column":4},"end":{"line":1316,"column":22}},"740":{"start":{"line":1318,"column":16},"end":{"line":1318,"column":55}},"741":{"start":{"line":1319,"column":4},"end":{"line":1319,"column":46}},"742":{"start":{"line":1319,"column":13},"end":{"line":1319,"column":46}},"743":{"start":{"line":1321,"column":4},"end":{"line":1324,"column":63}},"744":{"start":{"line":1321,"column":27},"end":{"line":1321,"column":46}},"745":{"start":{"line":1322,"column":9},"end":{"line":1324,"column":63}},"746":{"start":{"line":1322,"column":35},"end":{"line":1322,"column":57}},"747":{"start":{"line":1323,"column":9},"end":{"line":1324,"column":63}},"748":{"start":{"line":1323,"column":31},"end":{"line":1323,"column":78}},"749":{"start":{"line":1324,"column":9},"end":{"line":1324,"column":63}},"750":{"start":{"line":1324,"column":39},"end":{"line":1324,"column":63}},"751":{"start":{"line":1326,"column":4},"end":{"line":1326,"column":24}},"752":{"start":{"line":1327,"column":4},"end":{"line":1327,"column":46}},"753":{"start":{"line":1327,"column":13},"end":{"line":1327,"column":46}},"754":{"start":{"line":1328,"column":4},"end":{"line":1330,"column":5}},"755":{"start":{"line":1329,"column":6},"end":{"line":1329,"column":57}},"756":{"start":{"line":1329,"column":53},"end":{"line":1329,"column":54}},"757":{"start":{"line":1334,"column":14},"end":{"line":1334,"column":30}},"758":{"start":{"line":1335,"column":26},"end":{"line":1335,"column":28}},"759":{"start":{"line":1336,"column":4},"end":{"line":1355,"column":5}},"760":{"start":{"line":1336,"column":17},"end":{"line":1336,"column":18}},"761":{"start":{"line":1337,"column":6},"end":{"line":1353,"column":7}},"762":{"start":{"line":1337,"column":19},"end":{"line":1337,"column":20}},"763":{"start":{"line":1338,"column":8},"end":{"line":1338,"column":30}},"764":{"start":{"line":1338,"column":23},"end":{"line":1338,"column":30}},"765":{"start":{"line":1339,"column":8},"end":{"line":1339,"column":26}},"766":{"start":{"line":1340,"column":8},"end":{"line":1340,"column":26}},"767":{"start":{"line":1341,"column":8},"end":{"line":1341,"column":54}},"768":{"start":{"line":1342,"column":8},"end":{"line":1342,"column":36}},"769":{"start":{"line":1344,"column":8},"end":{"line":1352,"column":9}},"770":{"start":{"line":1345,"column":10},"end":{"line":1345,"column":22}},"771":{"start":{"line":1346,"column":10},"end":{"line":1346,"column":28}},"772":{"start":{"line":1347,"column":23},"end":{"line":1347,"column":35}},"773":{"start":{"line":1348,"column":10},"end":{"line":1348,"column":42}},"774":{"start":{"line":1349,"column":10},"end":{"line":1349,"column":34}},"775":{"start":{"line":1350,"column":10},"end":{"line":1350,"column":56}},"776":{"start":{"line":1351,"column":10},"end":{"line":1351,"column":38}},"777":{"start":{"line":1354,"column":6},"end":{"line":1354,"column":36}},"778":{"start":{"line":1359,"column":14},"end":{"line":1359,"column":30}},"779":{"start":{"line":1360,"column":26},"end":{"line":1360,"column":28}},"780":{"start":{"line":1361,"column":4},"end":{"line":1384,"column":5}},"781":{"start":{"line":1361,"column":17},"end":{"line":1361,"column":18}},"782":{"start":{"line":1362,"column":19},"end":{"line":1362,"column":20}},"783":{"start":{"line":1363,"column":6},"end":{"line":1373,"column":7}},"784":{"start":{"line":1363,"column":19},"end":{"line":1363,"column":24}},"785":{"start":{"line":1364,"column":8},"end":{"line":1364,"column":30}},"786":{"start":{"line":1364,"column":23},"end":{"line":1364,"column":30}},"787":{"start":{"line":1365,"column":8},"end":{"line":1365,"column":26}},"788":{"start":{"line":1366,"column":8},"end":{"line":1366,"column":26}},"789":{"start":{"line":1367,"column":8},"end":{"line":1367,"column":55}},"790":{"start":{"line":1368,"column":8},"end":{"line":1368,"column":36}},"791":{"start":{"line":1370,"column":8},"end":{"line":1372,"column":9}},"792":{"start":{"line":1371,"column":10},"end":{"line":1371,"column":21}},"793":{"start":{"line":1374,"column":6},"end":{"line":1382,"column":7}},"794":{"start":{"line":1375,"column":8},"end":{"line":1375,"column":20}},"795":{"start":{"line":1376,"column":8},"end":{"line":1376,"column":26}},"796":{"start":{"line":1377,"column":21},"end":{"line":1377,"column":33}},"797":{"start":{"line":1378,"column":8},"end":{"line":1378,"column":41}},"798":{"start":{"line":1379,"column":8},"end":{"line":1379,"column":33}},"799":{"start":{"line":1380,"column":8},"end":{"line":1380,"column":55}},"800":{"start":{"line":1381,"column":8},"end":{"line":1381,"column":36}},"801":{"start":{"line":1383,"column":6},"end":{"line":1383,"column":28}},"802":{"start":{"line":1388,"column":4},"end":{"line":1392,"column":5}},"803":{"start":{"line":1389,"column":17},"end":{"line":1389,"column":43}},"804":{"start":{"line":1390,"column":6},"end":{"line":1390,"column":41}},"805":{"start":{"line":1391,"column":6},"end":{"line":1391,"column":42}},"806":{"start":{"line":1396,"column":18},"end":{"line":1396,"column":33}},"807":{"start":{"line":1397,"column":12},"end":{"line":1397,"column":19}},"808":{"start":{"line":1398,"column":4},"end":{"line":1415,"column":5}},"809":{"start":{"line":1398,"column":17},"end":{"line":1398,"column":20}},"810":{"start":{"line":1399,"column":6},"end":{"line":1399,"column":32}},"811":{"start":{"line":1399,"column":21},"end":{"line":1399,"column":32}},"812":{"start":{"line":1400,"column":6},"end":{"line":1400,"column":24}},"813":{"start":{"line":1401,"column":6},"end":{"line":1401,"column":24}},"814":{"start":{"line":1402,"column":6},"end":{"line":1402,"column":40}},"815":{"start":{"line":1403,"column":6},"end":{"line":1403,"column":34}},"816":{"start":{"line":1405,"column":6},"end":{"line":1414,"column":7}},"817":{"start":{"line":1406,"column":8},"end":{"line":1406,"column":12}},"818":{"start":{"line":1407,"column":8},"end":{"line":1407,"column":20}},"819":{"start":{"line":1408,"column":8},"end":{"line":1408,"column":26}},"820":{"start":{"line":1409,"column":21},"end":{"line":1409,"column":33}},"821":{"start":{"line":1410,"column":8},"end":{"line":1410,"column":36}},"822":{"start":{"line":1411,"column":8},"end":{"line":1411,"column":28}},"823":{"start":{"line":1412,"column":8},"end":{"line":1412,"column":45}},"824":{"start":{"line":1413,"column":8},"end":{"line":1413,"column":36}},"825":{"start":{"line":1416,"column":4},"end":{"line":1416,"column":16}},"826":{"start":{"line":1417,"column":4},"end":{"line":1417,"column":22}},"827":{"start":{"line":1418,"column":17},"end":{"line":1418,"column":33}},"828":{"start":{"line":1419,"column":4},"end":{"line":1419,"column":39}},"829":{"start":{"line":1420,"column":4},"end":{"line":1420,"column":27}},"830":{"start":{"line":1421,"column":4},"end":{"line":1421,"column":42}},"831":{"start":{"line":1422,"column":4},"end":{"line":1422,"column":32}},"832":{"start":{"line":1423,"column":4},"end":{"line":1423,"column":17}},"833":{"start":{"line":1427,"column":4},"end":{"line":1427,"column":36}},"834":{"start":{"line":1427,"column":29},"end":{"line":1427,"column":34}},"835":{"start":{"line":1428,"column":4},"end":{"line":1428,"column":21}},"836":{"start":{"line":1429,"column":4},"end":{"line":1429,"column":21}},"837":{"start":{"line":1431,"column":19},"end":{"line":1431,"column":74}},"838":{"start":{"line":1432,"column":15},"end":{"line":1432,"column":16}},"839":{"start":{"line":1432,"column":26},"end":{"line":1432,"column":46}},"840":{"start":{"line":1434,"column":4},"end":{"line":1450,"column":5}},"841":{"start":{"line":1435,"column":18},"end":{"line":1435,"column":48}},"842":{"start":{"line":1436,"column":6},"end":{"line":1436,"column":24}},"843":{"start":{"line":1437,"column":6},"end":{"line":1437,"column":24}},"844":{"start":{"line":1438,"column":6},"end":{"line":1438,"column":49}},"845":{"start":{"line":1439,"column":6},"end":{"line":1439,"column":38}},"846":{"start":{"line":1441,"column":6},"end":{"line":1444,"column":7}},"847":{"start":{"line":1442,"column":8},"end":{"line":1442,"column":38}},"848":{"start":{"line":1443,"column":8},"end":{"line":1443,"column":15}},"849":{"start":{"line":1445,"column":6},"end":{"line":1449,"column":7}},"850":{"start":{"line":1446,"column":8},"end":{"line":1446,"column":23}},"851":{"start":{"line":1448,"column":8},"end":{"line":1448,"column":24}},"852":{"start":{"line":1454,"column":17},"end":{"line":1454,"column":73}},"853":{"start":{"line":1455,"column":19},"end":{"line":1455,"column":64}},"854":{"start":{"line":1456,"column":20},"end":{"line":1456,"column":66}},"855":{"start":{"line":1457,"column":18},"end":{"line":1457,"column":63}},"856":{"start":{"line":1459,"column":4},"end":{"line":1475,"column":5}},"857":{"start":{"line":1460,"column":6},"end":{"line":1460,"column":55}},"858":{"start":{"line":1460,"column":18},"end":{"line":1460,"column":55}},"859":{"start":{"line":1461,"column":6},"end":{"line":1461,"column":58}},"860":{"start":{"line":1461,"column":19},"end":{"line":1461,"column":58}},"861":{"start":{"line":1462,"column":6},"end":{"line":1462,"column":158}},"862":{"start":{"line":1462,"column":17},"end":{"line":1462,"column":158}},"863":{"start":{"line":1463,"column":11},"end":{"line":1475,"column":5}},"864":{"start":{"line":1464,"column":6},"end":{"line":1464,"column":60}},"865":{"start":{"line":1464,"column":18},"end":{"line":1464,"column":60}},"866":{"start":{"line":1465,"column":6},"end":{"line":1465,"column":58}},"867":{"start":{"line":1465,"column":19},"end":{"line":1465,"column":58}},"868":{"start":{"line":1466,"column":6},"end":{"line":1466,"column":169}},"869":{"start":{"line":1466,"column":17},"end":{"line":1466,"column":169}},"870":{"start":{"line":1467,"column":11},"end":{"line":1475,"column":5}},"871":{"start":{"line":1468,"column":6},"end":{"line":1468,"column":55}},"872":{"start":{"line":1468,"column":18},"end":{"line":1468,"column":55}},"873":{"start":{"line":1469,"column":6},"end":{"line":1469,"column":58}},"874":{"start":{"line":1469,"column":19},"end":{"line":1469,"column":58}},"875":{"start":{"line":1470,"column":6},"end":{"line":1470,"column":141}},"876":{"start":{"line":1470,"column":17},"end":{"line":1470,"column":141}},"877":{"start":{"line":1471,"column":11},"end":{"line":1475,"column":5}},"878":{"start":{"line":1472,"column":6},"end":{"line":1472,"column":57}},"879":{"start":{"line":1472,"column":18},"end":{"line":1472,"column":57}},"880":{"start":{"line":1473,"column":6},"end":{"line":1473,"column":58}},"881":{"start":{"line":1473,"column":19},"end":{"line":1473,"column":58}},"882":{"start":{"line":1474,"column":6},"end":{"line":1474,"column":151}},"883":{"start":{"line":1474,"column":17},"end":{"line":1474,"column":151}},"884":{"start":{"line":1482,"column":4},"end":{"line":1482,"column":11}},"885":{"start":{"line":1483,"column":20},"end":{"line":1483,"column":68}},"886":{"start":{"line":1484,"column":4},"end":{"line":1494,"column":5}},"887":{"start":{"line":1485,"column":6},"end":{"line":1485,"column":37}},"888":{"start":{"line":1486,"column":24},"end":{"line":1486,"column":43}},"889":{"start":{"line":1487,"column":6},"end":{"line":1487,"column":120}},"890":{"start":{"line":1487,"column":61},"end":{"line":1487,"column":118}},"891":{"start":{"line":1488,"column":6},"end":{"line":1488,"column":128}},"892":{"start":{"line":1488,"column":69},"end":{"line":1488,"column":126}},"893":{"start":{"line":1489,"column":6},"end":{"line":1489,"column":31}},"894":{"start":{"line":1490,"column":6},"end":{"line":1490,"column":53}},"895":{"start":{"line":1490,"column":30},"end":{"line":1490,"column":53}},"896":{"start":{"line":1491,"column":6},"end":{"line":1491,"column":63}},"897":{"start":{"line":1491,"column":39},"end":{"line":1491,"column":63}},"898":{"start":{"line":1492,"column":6},"end":{"line":1492,"column":55}},"899":{"start":{"line":1492,"column":38},"end":{"line":1492,"column":55}},"900":{"start":{"line":1493,"column":6},"end":{"line":1493,"column":51}},"901":{"start":{"line":1493,"column":32},"end":{"line":1493,"column":51}},"902":{"start":{"line":
[...]
n":26}}],"line":706},"60":{"loc":{"start":{"line":719,"column":13},"end":{"line":722,"column":7}},"type":"cond-expr","locations":[{"start":{"line":719,"column":19},"end":{"line":719,"column":34}},{"start":{"line":719,"column":37},"end":{"line":722,"column":7}}],"line":719},"61":{"loc":{"start":{"line":738,"column":4},"end":{"line":738,"column":23}},"type":"if","locations":[{"start":{"line":738,"column":4},"end":{"line":738,"column":23}},{"start":{},"end":{}}],"line":738},"62":{"loc":{"start":{"line":744,"column":15},"end":{"line":744,"column":44}},"type":"binary-expr","locations":[{"start":{"line":744,"column":15},"end":{"line":744,"column":31}},{"start":{"line":744,"column":35},"end":{"line":744,"column":44}}],"line":744},"63":{"loc":{"start":{"line":745,"column":16},"end":{"line":745,"column":41}},"type":"binary-expr","locations":[{"start":{"line":745,"column":16},"end":{"line":745,"column":32}},{"start":{"line":745,"column":36},"end":{"line":745,"column":41}}],"line":745},"64":{"loc":{"start":{"line":757,"column":4},"end":{"line":757,"column":22}},"type":"if","locations":[{"start":{"line":757,"column":4},"end":{"line":757,"column":22}},{"start":{},"end":{}}],"line":757},"65":{"loc":{"start":{"line":760,"column":4},"end":{"line":763,"column":5}},"type":"if","locations":[{"start":{"line":760,"column":4},"end":{"line":763,"column":5}},{"start":{},"end":{}}],"line":760},"66":{"loc":{"start":{"line":766,"column":33},"end":{"line":766,"column":53}},"type":"cond-expr","locations":[{"start":{"line":766,"column":42},"end":{"line":766,"column":48}},{"start":{"line":766,"column":51},"end":{"line":766,"column":53}}],"line":766},"67":{"loc":{"start":{"line":768,"column":35},"end":{"line":768,"column":58}},"type":"cond-expr","locations":[{"start":{"line":768,"column":44},"end":{"line":768,"column":53}},{"start":{"line":768,"column":56},"end":{"line":768,"column":58}}],"line":768},"68":{"loc":{"start":{"line":790,"column":8},"end":{"line":798,"column":9}},"type":"if","locations":[{"start":{"line":790,"column":8},"end":{"line":798,"column":9}},{"start":{},"end":{}}],"line":790},"69":{"loc":{"start":{"line":794,"column":10},"end":{"line":797,"column":11}},"type":"if","locations":[{"start":{"line":794,"column":10},"end":{"line":797,"column":11}},{"start":{},"end":{}}],"line":794},"70":{"loc":{"start":{"line":796,"column":12},"end":{"line":796,"column":100}},"type":"if","locations":[{"start":{"line":796,"column":12},"end":{"line":796,"column":100}},{"start":{},"end":{}}],"line":796},"71":{"loc":{"start":{"line":807,"column":8},"end":{"line":814,"column":9}},"type":"if","locations":[{"start":{"line":807,"column":8},"end":{"line":814,"column":9}},{"start":{},"end":{}}],"line":807},"72":{"loc":{"start":{"line":810,"column":10},"end":{"line":813,"column":11}},"type":"if","locations":[{"start":{"line":810,"column":10},"end":{"line":813,"column":11}},{"start":{},"end":{}}],"line":810},"73":{"loc":{"start":{"line":834,"column":4},"end":{"line":836,"column":5}},"type":"if","locations":[{"start":{"line":834,"column":4},"end":{"line":836,"column":5}},{"start":{},"end":{}}],"line":834},"74":{"loc":{"start":{"line":835,"column":22},"end":{"line":835,"column":76}},"type":"binary-expr","locations":[{"start":{"line":835,"column":22},"end":{"line":835,"column":70}},{"start":{"line":835,"column":74},"end":{"line":835,"column":76}}],"line":835},"75":{"loc":{"start":{"line":842,"column":4},"end":{"line":845,"column":5}},"type":"if","locations":[{"start":{"line":842,"column":4},"end":{"line":845,"column":5}},{"start":{},"end":{}}],"line":842},"76":{"loc":{"start":{"line":844,"column":6},"end":{"line":844,"column":30}},"type":"if","locations":[{"start":{"line":844,"column":6},"end":{"line":844,"column":30}},{"start":{},"end":{}}],"line":844},"77":{"loc":{"start":{"line":850,"column":4},"end":{"line":850,"column":48}},"type":"if","locations":[{"start":{"line":850,"column":4},"end":{"line":850,"column":48}},{"start":{},"end":{}}],"line":850},"78":{"loc":{"start":{"line":862,"column":4},"end":{"line":865,"column":5}},"type":"if","locations":[{"start":{"line":862,"column":4},"end":{"line":865,"column":5}},{"start":{},"end":{}}],"line":862},"79":{"loc":{"start":{"line":862,"column":8},"end":{"line":862,"column":82}},"type":"binary-expr","locations":[{"start":{"line":862,"column":9},"end":{"line":862,"column":18}},{"start":{"line":862,"column":22},"end":{"line":862,"column":31}},{"start":{"line":862,"column":36},"end":{"line":862,"column":46}},{"start":{"line":862,"column":51},"end":{"line":862,"column":64}},{"start":{"line":862,"column":68},"end":{"line":862,"column":81}}],"line":862}},"s":{"0":1,"1":1,"2":1,"3":1,"4":1,"5":1,"6":1,"7":1,"8":1,"9":1,"10":1,"11":1,"12":1,"13":1,"14":4,"15":0,"16":4,"17":4,"18":4,"19":4,"20":4,"21":4,"22":4,"23":4,"24":4,"25":4,"26":4,"27":0,"28":0,"29":4,"30":0,"31":0,"32":4,"33":24,"34":0,"35":0,"36":4,"37":12,"38":0,"39":0,"40":0,"41":0,"42":4,"43":4,"44":4,"45":4,"46":1,"47":4,"48":0,"49":0,"50":0,"51":0,"52":0,"53":0,"54":0,"55":0,"56":0,"57":4,"58":0,"59":0,"60":0,"61":4,"62":0,"63":0,"64":0,"65":4,"66":4,"67":0,"68":4,"69":0,"70":4,"71":0,"72":4,"73":0,"74":4,"75":0,"76":0,"77":0,"78":4,"79":16,"80":0,"81":0,"82":4,"83":4,"84":0,"85":0,"86":4,"87":20,"88":0,"89":0,"90":0,"91":0,"92":4,"93":4,"94":4,"95":4,"96":4,"97":0,"98":0,"99":3,"100":3,"101":18,"102":3,"103":18,"104":3,"105":1,"106":3,"107":0,"108":3,"109":0,"110":0,"111":0,"112":0,"113":0,"114":0,"115":0,"116":0,"117":0,"118":0,"119":0,"120":0,"121":0,"122":0,"123":0,"124":0,"125":0,"126":0,"127":0,"128":0,"129":0,"130":0,"131":0,"132":0,"133":0,"134":0,"135":0,"136":0,"137":0,"138":0,"139":0,"140":0,"141":0,"142":0,"143":0,"144":0,"145":0,"146":0,"147":0,"148":0,"149":0,"150":0,"151":0,"152":0,"153":0,"154":0,"155":0,"156":0,"157":0,"158":0,"159":0,"160":0,"161":1,"162":1,"163":0,"164":1,"165":0,"166":1,"167":1,"168":1,"169":1,"170":1,"171":1,"172":1,"173":1,"174":1,"175":1,"176":1,"177":1,"178":1,"179":0,"180":0,"181":0,"182":0,"183":0,"184":0,"185":0,"186":0,"187":0,"188":0,"189":0,"190":0,"191":0,"192":0,"193":0,"194":0,"195":0,"196":0,"197":0,"198":0,"199":0,"200":0,"201":0,"202":0,"203":0,"204":0,"205":0,"206":0,"207":0,"208":0,"209":0,"210":0,"211":0,"212":0,"213":0,"214":0,"215":0,"216":0,"217":0,"218":0,"219":0,"220":0,"221":0,"222":0,"223":0,"224":0,"225":0,"226":0,"227":0,"228":0,"229":0,"230":0,"231":0,"232":0,"233":0,"234":0,"235":0,"236":0,"237":0,"238":0,"239":0,"240":0,"241":0,"242":0,"243":0,"244":0,"245":0,"246":0,"247":0,"248":0,"249":1,"250":1,"251":0,"252":0,"253":0,"254":0,"255":0,"256":0,"257":0,"258":0,"259":0,"260":0,"261":0,"262":0,"263":0,"264":0,"265":0,"266":0,"267":0,"268":0,"269":0,"270":0,"271":0,"272":0,"273":0,"274":0,"275":0,"276":0,"277":0,"278":0,"279":0,"280":0,"281":0,"282":0,"283":0,"284":0,"285":0,"286":0,"287":0,"288":0,"289":0,"290":0,"291":0,"292":0,"293":0,"294":0,"295":0,"296":0,"297":0,"298":0,"299":0,"300":0,"301":0,"302":0,"303":0,"304":0,"305":0,"306":0,"307":0,"308":0,"309":0,"310":0,"311":0,"312":0,"313":0,"314":0,"315":0,"316":0,"317":0,"318":0,"319":0,"320":0,"321":0,"322":0,"323":0,"324":0,"325":0,"326":0,"327":0,"328":0,"329":0,"330":0,"331":0,"332":0,"333":0,"334":0,"335":0,"336":0,"337":0,"338":0,"339":0,"340":0,"341":0,"342":0,"343":0,"344":0,"345":0,"346":0,"347":0,"348":4,"349":4,"350":4,"351":4,"352":4,"353":4,"354":4,"355":4,"356":2,"357":1,"358":1,"359":1,"360":1,"361":1,"362":0,"363":0,"364":0,"365":1},"f":{"0":1,"1":4,"2":4,"3":0,"4":0,"5":24,"6":0,"7":12,"8":0,"9":0,"10":1,"11":0,"12":0,"13":0,"14":0,"15":0,"16":0,"17":0,"18":0,"19":16,"20":0,"21":0,"22":20,"23":0,"24":0,"25":0,"26":3,"27":18,"28":18,"29":0,"30":0,"31":0,"32":0,"33":0,"34":0,"35":1,"36":0,"37":0,"38":0,"39":0,"40":0,"41":0,"42":0,"43":0,"44":0,"45":0,"46":0,"47":0,"48":0,"49":0,"50":0,"51":0,"52":0,"53":0,"54":0,"55":0,"56":0,"57":0,"58":0,"59":0,"60":0,"61":4,"62":4,"63":1,"64":0},"b":{"0":[0,4],"1":[0,0],"2":[0,0],"3":[0,0],"4":[0,0],"5":[0,0],"6":[0,0],"7":[0,0],"8":[0,0],"9":[0,0],"10":[1,2],"11":[0,3],"12":[0,3],"13":[0,0],"14":[0,0],"15":[0,0],"16":[0,0],"17":[0,0],"18":[0,0],"19":[0,0],"20":[0,0],"21":[0,0],"22":[0,0],"23":[0,0],"24":[1,0],"25":[0,1],"26":[0,1],"27":[1,0],"28":[1,0],"29":[1,0],"30":[1,0],"31":[0,0],"32":[0,0],"33":[0,0],"34":[0,0],"35":[0,0,0],"36":[0,0],"37":[0,0],"38":[0,0],"39":[0,0],"40":[0,0],"41":[0,0],"42":[0,0],"43":[0,0],"44":[0,0],"45":[0,0],"46":[0,0],"47":[0,0],"48":[0,0],"49":[0,0],"50":[0,0],"51":[0,0],"52":[0,0],"53":[0,0],"54":[0,0],"55":[0,0],"56":[0,0],"57":[0,0],"58":[0,0],"59":[0,0],"60":[0,0],"61":[0,0],"62":[0,0],"63":[0,0],"64":[0,0],"65":[0,0],"66":[0,0],"67":[0,0],"68":[0,0],"69":[0,0],"70":[0,0],"71":[0,0],"72":[0,0],"73":[4,0],"74":[4,4],"75":[4,0],"76":[2,2],"77":[1,0],"78":[0,0],"79":[0,0,0,0,0]},"_coverageSchema":"1a1c01bbd47fc00a2c39e90264f33305004495a9","hash":"7237f94af32a6aab34e112de6885cb97f2f02158"}
,"C:\\Users\\User\\OneDrive\\Desktop\\SchoolAI\\js\\socratic-tutor.js": {"path":"C:\\Users\\User\\OneDrive\\Desktop\\SchoolAI\\js\\socratic-tutor.js","statementMap":{"0":{"start":{"line":7,"column":0},"end":{"line":166,"column":5}},"1":{"start":{"line":10,"column":22},"end":{"line":10,"column":46}},"2":{"start":{"line":12,"column":24},"end":{"line":12,"column":69}},"3":{"start":{"line":15,"column":32},"end":{"line":26,"column":1}},"4":{"start":{"line":31,"column":25},"end":{"line":52,"column":3}},"5":{"start":{"line":55,"column":4},"end":{"line":55,"column":27}},"6":{"start":{"line":55,"column":15},"end":{"line":55,"column":27}},"7":{"start":{"line":56,"column":4},"end":{"line":60,"column":5}},"8":{"start":{"line":57,"column":6},"end":{"line":59,"column":7}},"9":{"start":{"line":58,"column":8},"end":{"line":58,"column":17}},"10":{"start":{"line":61,"column":4},"end":{"line":61,"column":16}},"11":{"start":{"line":68,"column":22},"end":{"line":68,"column":51}},"12":{"start":{"line":69,"column":4},"end":{"line":69,"column":47}},"13":{"start":{"line":70,"column":4},"end":{"line":81,"column":6}},"14":{"start":{"line":83,"column":4},"end":{"line":109,"column":7}},"15":{"start":{"line":84,"column":6},"end":{"line":108,"column":9}},"16":{"start":{"line":85,"column":22},"end":{"line":85,"column":39}},"17":{"start":{"line":86,"column":8},"end":{"line":86,"column":95}},"18":{"start":{"line":86,"column":65},"end":{"line":86,"column":93}},"19":{"start":{"line":87,"column":8},"end":{"line":87,"column":36}},"20":{"start":{"line":89,"column":22},"end":{"line":89,"column":54}},"21":{"start":{"line":90,"column":8},"end":{"line":90,"column":27}},"22":{"start":{"line":90,"column":20},"end":{"line":90,"column":27}},"23":{"start":{"line":92,"column":21},"end":{"line":92,"column":23}},"24":{"start":{"line":93,"column":8},"end":{"line":101,"column":9}},"25":{"start":{"line":94,"column":10},"end":{"line":94,"column":162}},"26":{"start":{"line":95,"column":15},"end":{"line":101,"column":9}},"27":{"start":{"line":96,"column":10},"end":{"line":96,"column":133}},"28":{"start":{"line":97,"column":15},"end":{"line":101,"column":9}},"29":{"start":{"line":98,"column":10},"end":{"line":98,"column":131}},"30":{"start":{"line":99,"column":15},"end":{"line":101,"column":9}},"31":{"start":{"line":100,"column":10},"end":{"line":100,"column":151}},"32":{"start":{"line":103,"column":8},"end":{"line":103,"column":29}},"33":{"start":{"line":104,"column":21},"end":{"line":104,"column":56}},"34":{"start":{"line":105,"column":8},"end":{"line":107,"column":9}},"35":{"start":{"line":106,"column":10},"end":{"line":106,"column":72}},"36":{"start":{"line":111,"column":4},"end":{"line":111,"column":21}},"37":{"start":{"line":119,"column":25},"end":{"line":119,"column":99}},"38":{"start":{"line":120,"column":4},"end":{"line":136,"column":5}},"39":{"start":{"line":121,"column":19},"end":{"line":121,"column":51}},"40":{"start":{"line":122,"column":6},"end":{"line":122,"column":37}},"41":{"start":{"line":123,"column":6},"end":{"line":123,"column":81}},"42":{"start":{"line":124,"column":6},"end":{"line":124,"column":68}},"43":{"start":{"line":125,"column":6},"end":{"line":125,"column":115}},"44":{"start":{"line":127,"column":6},"end":{"line":133,"column":9}},"45":{"start":{"line":128,"column":8},"end":{"line":128,"column":27}},"46":{"start":{"line":129,"column":8},"end":{"line":129,"column":43}},"47":{"start":{"line":130,"column":8},"end":{"line":130,"column":78}},"48":{"start":{"line":131,"column":8},"end":{"line":131,"column":57}},"49":{"start":{"line":132,"column":8},"end":{"line":132,"column":139}},"50":{"start":{"line":135,"column":6},"end":{"line":135,"column":37}},"51":{"start":{"line":141,"column":4},"end":{"line":141,"column":56}},"52":{"start":{"line":145,"column":4},"end":{"line":145,"column":27}},"53":{"start":{"line":149,"column":4},"end":{"line":149,"column":71}},"54":{"start":{"line":150,"column":4},"end":{"line":150,"column":74}},"55":{"start":{"line":151,"column":17},"end":{"line":151,"column":62}},"56":{"start":{"line":152,"column":4},"end":{"line":152,"column":63}},"57":{"start":{"line":152,"column":14},"end":{"line":152,"column":63}},"58":{"start":{"line":153,"column":4},"end":{"line":153,"column":27}},"59":{"start":{"line":157,"column":2},"end":{"line":163,"column":4}},"60":{"start":{"line":165,"column":2},"end":{"line":165,"column":56}}},"fnMap":{"0":{"name":"(anonymous_0)","decl":{"start":{"line":7,"column":1},"end":{"line":7,"column":2}},"loc":{"start":{"line":7,"column":13},"end":{"line":166,"column":1}},"line":7},"1":{"name":"detectMisconception","decl":{"start":{"line":54,"column":11},"end":{"line":54,"column":30}},"loc":{"start":{"line":54,"column":37},"end":{"line":62,"column":3}},"line":54},"2":{"name":"generateScaffoldingUI","decl":{"start":{"line":67,"column":11},"end":{"line":67,"column":32}},"loc":{"start":{"line":67,"column":49},"end":{"line":112,"column":3}},"line":67},"3":{"name":"(anonymous_3)","decl":{"start":{"line":83,"column":56},"end":{"line":83,"column":57}},"loc":{"start":{"line":83,"column":63},"end":{"line":109,"column":5}},"line":83},"4":{"name":"(anonymous_4)","decl":{"start":{"line":84,"column":36},"end":{"line":84,"column":37}},"loc":{"start":{"line":84,"column":42},"end":{"line":108,"column":7}},"line":84},"5":{"name":"(anonymous_5)","decl":{"start":{"line":86,"column":60},"end":{"line":86,"column":61}},"loc":{"start":{"line":86,"column":65},"end":{"line":86,"column":93}},"line":86},"6":{"name":"initUI","decl":{"start":{"line":117,"column":11},"end":{"line":117,"column":17}},"loc":{"start":{"line":117,"column":20},"end":{"line":137,"column":3}},"line":117},"7":{"name":"(anonymous_7)","decl":{"start":{"line":127,"column":37},"end":{"line":127,"column":38}},"loc":{"start":{"line":127,"column":44},"end":{"line":133,"column":7}},"line":127},"8":{"name":"getSocraticPrompt","decl":{"start":{"line":140,"column":11},"end":{"line":140,"column":28}},"loc":{"start":{"line":140,"column":31},"end":{"line":142,"column":3}},"line":140},"9":{"name":"isEnabled","decl":{"start":{"line":144,"column":11},"end":{"line":144,"column":20}},"loc":{"start":{"line":144,"column":23},"end":{"line":146,"column":3}},"line":144},"10":{"name":"toggle","decl":{"start":{"line":148,"column":11},"end":{"line":148,"column":17}},"loc":{"start":{"line":148,"column":26},"end":{"line":154,"column":3}},"line":148}},"branchMap":{"0":{"loc":{"start":{"line":55,"column":4},"end":{"line":55,"column":27}},"type":"if","locations":[{"start":{"line":55,"column":4},"end":{"line":55,"column":27}},{"start":{},"end":{}}],"line":55},"1":{"loc":{"start":{"line":57,"column":6},"end":{"line":59,"column":7}},"type":"if","locations":[{"start":{"line":57,"column":6},"end":{"line":59,"column":7}},{"start":{},"end":{}}],"line":57},"2":{"loc":{"start":{"line":90,"column":8},"end":{"line":90,"column":27}},"type":"if","locations":[{"start":{"line":90,"column":8},"end":{"line":90,"column":27}},{"start":{},"end":{}}],"line":90},"3":{"loc":{"start":{"line":93,"column":8},"end":{"line":101,"column":9}},"type":"if","locations":[{"start":{"line":93,"column":8},"end":{"line":101,"column":9}},{"start":{"line":95,"column":15},"end":{"line":101,"column":9}}],"line":93},"4":{"loc":{"start":{"line":95,"column":15},"end":{"line":101,"column":9}},"type":"if","locations":[{"start":{"line":95,"column":15},"end":{"line":101,"column":9}},{"start":{"line":97,"column":15},"end":{"line":101,"column":9}}],"line":95},"5":{"loc":{"start":{"line":97,"column":15},"end":{"line":101,"column":9}},"type":"if","locations":[{"start":{"line":97,"column":15},"end":{"line":101,"column":9}},{"start":{"line":99,"column":15},"end":{"line":101,"column":9}}],"line":97},"6":{"loc":{"start":{"line":99,"column":15},"end":{"line":101,"column":9}},"type":"if","locations":[{"start":{"line":99,"column":15},"end":{"line":101,"column":9}},{"start":{},"end":{}}],"line":99},"7":{"loc":{"start":{"line":105,"column":8},"end":{"line":107,"column":9}},"type":"if","locations":[{"start":{"line":105,"column":8},"end":{"line":107,"column":9}},{"start":{},"end":{}}],"line":105},"8":{"loc":{"start":{"line":120,"column":4},"end":{"line":136,"column":5}},"type":"if","locations":[{"start":{"line":120,"column":4},"end":{"line":136,"column":5}},{"start":{},"end":{}}],"line":120},"9":{"loc":{"start":{"line":120,"column":8},"end":{"line":120,"column":70}},"type":"binary-expr","locations":[{"start":{"line":120,"column":8},"end":{"line":120,"column":20}},{"start":{"line":120,"column":24},"end":{"line":120,"column":70}}],"line":120},"10":{"loc":{"start":{"line":123,"column":47},"end":{"line":123,"column":78}},"type":"cond-expr","locations":[{"start":{"line":123,"column":65},"end":{"line":123,"column":73}},{"start":{"line":123,"column":76},"end":{"line":123,"column":78}}],"line":123},"11":{"loc":{"start":{"line":130,"column":42},"end":{"line":130,"column":76}},"type":"cond-expr","locations":[{"start":{"line":130,"column":60},"end":{"line":130,"column":66}},{"start":{"line":130,"column":69},"end":{"line":130,"column":76}}],"line":130},"12":{"loc":{"start":{"line":132,"column":27},"end":{"line":132,"column":137}},"type":"cond-expr","locations":[{"start":{"line":132,"column":45},"end":{"line":132,"column":104}},{"start":{"line":132,"column":107},"end":{"line":132,"column":137}}],"line":132},"13":{"loc":{"start":{"line":141,"column":11},"end":{"line":141,"column":55}},"type":"cond-expr","locations":[{"start":{"line":141,"column":29},"end":{"line":141,"column":50}},{"start":{"line":141,"column":53},"end":{"line":141,"column":55}}],"line":141},"14":{"loc":{"start":{"line":149,"column":22},"end":{"line":149,"column":70}},"type":"cond-expr","locations":[{"start":{"line":149,"column":45},"end":{"line":149,"column":51}},{"start":{"line":149,"column":54},"end":{"line":149,"column":70}}],"line":149},"15":{"loc":{"start":{"line":150,"column":38},"end":{"line":150,"column":72}},"type":"cond-expr","locations":[{"start":{"line":150,"column":56},"end":{"line":150,"column":62}},{"start":{"line":150,"column":65},"end":{"line":150,"column":72}}],"line":150},"16":{"loc":{"start":{"line":152,"column":4},"end":{"line":152,"column":63}},"type":"if","locations":[{"start":{"line":152,"column":4},"end":{"line":152,"column":63}},{"start":{},"end":{}}],"line":152}},"s":{"0":1,"1":1,"2":1,"3":1,"4":1,"5":2,"6":0,"7":2,"8":4,"9":2,"10":0,"11":0,"12":0,"13":0,"14":0,"15":0,"16":0,"17":0,"18":0,"19":0,"20":0,"21":0,"22":0,"23":0,"24":0,"25":0,"26":0,"27":0,"28":0,"29":0,"30":0,"31":0,"32":0,"33":0,"34":0,"35":0,"36":0,"37":0,"38":0,"39":0,"40":0,"41":0,"42":0,"43":0,"44":0,"45":0,"46":0,"47":0,"48":0,"49":0,"50":0,"51":0,"52":1,"53":0,"54":0,"55":0,"56":0,"57":0,"58":0,"59":1,"60":1},"f":{"0":1,"1":2,"2":0,"3":0,"4":0,"5":0,"6":0,"7":0,"8":0,"9":1,"10":0},"b":{"0":[0,2],"1":[2,2],"2":[0,0],"3":[0,0],"4":[0,0],"5":[0,0],"6":[0,0],"7":[0,0],"8":[0,0],"9":[0,0],"10":[0,0],"11":[0,0],"12":[0,0],"13":[0,0],"14":[0,0],"15":[0,0],"16":[0,0]},"_coverageSchema":"1a1c01bbd47fc00a2c39e90264f33305004495a9","hash":"e6ca18945ac3f464a07db61289e0cb4ab5eb7533"}
}
