TN:
SF:js\essay-coach.js
FN:7,(anonymous_0)
FN:10,init
FN:115,wireEvents
FN:118,(anonymous_3)
FN:120,(anonymous_4)
FN:131,updateTextMetrics
FN:145,analyzeEssay
FN:156,(anonymous_7)
FN:193,loadSampleEssay
FN:210,open
FN:216,close
FNF:11
FNH:10
FNDA:1,(anonymous_0)
FNDA:2,init
FNDA:2,wireEvents
FNDA:1,(anonymous_3)
FNDA:0,(anonymous_4)
FNDA:1,updateTextMetrics
FNDA:1,analyzeEssay
FNDA:4,(anonymous_7)
FNDA:1,loadSampleEssay
FNDA:2,open
FNDA:1,close
DA:7,1
DA:11,2
DA:13,2
DA:14,2
DA:15,2
DA:16,2
DA:111,2
DA:112,2
DA:116,2
DA:117,2
DA:118,2
DA:120,2
DA:121,0
DA:124,2
DA:125,2
DA:127,2
DA:128,2
DA:132,1
DA:133,1
DA:134,1
DA:136,1
DA:137,1
DA:138,1
DA:140,1
DA:141,1
DA:142,1
DA:146,1
DA:147,1
DA:148,1
DA:150,1
DA:151,0
DA:152,0
DA:155,1
DA:156,4
DA:159,1
DA:160,1
DA:161,1
DA:162,1
DA:164,1
DA:167,1
DA:168,1
DA:170,1
DA:171,1
DA:173,1
DA:174,1
DA:176,1
DA:177,1
DA:179,1
DA:180,1
DA:183,1
DA:184,1
DA:185,1
DA:194,1
DA:195,1
DA:196,1
DA:197,1
DA:198,1
DA:206,1
DA:207,1
DA:211,2
DA:212,2
DA:213,2
DA:217,1
DA:218,1
DA:221,1
DA:223,1
LF:66
LH:63
BRDA:11,0,0,0
BRDA:11,0,1,2
BRDA:118,1,0,0
BRDA:118,1,1,1
BRDA:121,2,0,0
BRDA:121,2,1,0
BRDA:121,3,0,0
BRDA:121,3,1,0
BRDA:133,4,0,0
BRDA:133,4,1,1
BRDA:136,5,0,1
BRDA:136,5,1,0
BRDA:137,6,0,1
BRDA:137,6,1,0
BRDA:137,7,0,1
BRDA:137,7,1,0
BRDA:147,8,0,0
BRDA:147,8,1,1
BRDA:150,9,0,0
BRDA:150,9,1,1
BRDA:151,10,0,0
BRDA:151,10,1,0
BRDA:159,11,0,1
BRDA:159,11,1,0
BRDA:159,12,0,0
BRDA:159,12,1,1
BRDA:160,13,0,1
BRDA:160,13,1,0
BRDA:160,14,0,1
BRDA:160,14,1,1
BRDA:160,14,2,1
BRDA:160,14,3,0
BRDA:161,15,0,1
BRDA:161,15,1,0
BRDA:161,16,0,0
BRDA:161,16,1,0
BRDA:162,17,0,0
BRDA:162,17,1,1
BRDA:168,18,0,0
BRDA:168,18,1,1
BRDA:168,19,0,1
BRDA:168,19,1,0
BRDA:184,20,0,1
BRDA:184,20,1,0
BRDA:187,21,0,0
BRDA:187,21,1,1
BRDA:196,22,0,1
BRDA:196,22,1,0
BRDA:197,23,0,1
BRDA:197,23,1,0
BRDA:213,24,0,2
BRDA:213,24,1,0
BRDA:218,25,0,1
BRDA:218,25,1,0
BRF:54
BRH:24
end_of_record
TN:
SF:js\interactive-lab.js
FN:13,(anonymous_0)
FN:25,init
FN:367,wireEvents
FN:370,(anonymous_3)
FN:372,(anonymous_4)
FN:376,(anonymous_5)
FN:377,(anonymous_6)
FN:379,(anonymous_7)
FN:380,(anonymous_8)
FN:390,(anonymous_9)
FN:393,(anonymous_10)
FN:396,(anonymous_11)
FN:410,(anonymous_12)
FN:413,(anonymous_13)
FN:414,(anonymous_14)
FN:424,(anonymous_15)
FN:425,(anonymous_16)
FN:426,(anonymous_17)
FN:435,(anonymous_18)
FN:443,(anonymous_19)
FN:451,(anonymous_20)
FN:456,(anonymous_21)
FN:461,(anonymous_22)
FN:470,(anonymous_23)
FN:471,(anonymous_24)
FN:472,(anonymous_25)
FN:478,(anonymous_26)
FN:485,(anonymous_27)
FN:493,(anonymous_28)
FN:499,(anonymous_29)
FN:505,(anonymous_30)
FN:514,fireProjectile
FN:548,animate
FN:614,(anonymous_33)
FN:629,(anonymous_34)
FN:632,(anonymous_35)
FN:633,(anonymous_36)
FN:638,(anonymous_37)
FN:639,(anonymous_38)
FN:644,(anonymous_39)
FN:649,(anonymous_40)
FN:691,(anonymous_41)
FN:699,(anonymous_42)
FN:707,(anonymous_43)
FN:711,(anonymous_44)
FN:726,(anonymous_45)
FN:730,(anonymous_46)
FN:734,(anonymous_47)
FN:736,(anonymous_48)
FN:796,initAILab
FN:801,toggleAITraining
FN:813,resetAINetwork
FN:822,runAITrainingLoop
FN:840,drawDecisionBoundary
FN:877,(anonymous_54)
FN:891,updateAIExplanation
FN:911,(anonymous_56)
FN:912,(anonymous_57)
FN:917,(anonymous_58)
FN:918,(anonymous_59)
FN:923,(anonymous_60)
FN:924,(anonymous_61)
FN:929,(anonymous_62)
FN:930,(anonymous_63)
FN:935,(anonymous_64)
FN:936,(anonymous_65)
FN:945,(anonymous_66)
FN:946,(anonymous_67)
FN:952,renderActivationGraph
FN:1048,renderPunnettSquare
FN:1064,(anonymous_70)
FN:1066,(anonymous_71)
FN:1069,(anonymous_72)
FN:1070,(anonymous_73)
FN:1084,(anonymous_74)
FN:1086,(anonymous_75)
FN:1091,(anonymous_76)
FN:1114,updatePhDisplay
FN:1125,(anonymous_78)
FN:1139,plotMathFunction
FN:1231,renderTimeline
FN:1235,(anonymous_81)
FN:1254,initAlgoLab
FN:1258,generateAlgoArray
FN:1269,renderAlgoBars
FN:1272,(anonymous_85)
FN:1288,updateAlgoStats
FN:1295,getAlgoDelay
FN:1300,(anonymous_88)
FN:1300,(anonymous_89)
FN:1302,startAlgorithm
FN:1329,(anonymous_91)
FN:1333,bubbleSort
FN:1358,selectionSort
FN:1387,quickSortHelper
FN:1395,partition
FN:1426,binarySearchSim
FN:1427,(anonymous_97)
FN:1453,updateAlgoComplexity
FN:1481,open
FN:1487,(anonymous_100)
FN:1488,(anonymous_101)
FN:1497,close
FN:1514,(anonymous_103)
FNF:104
FNH:39
FNDA:1,(anonymous_0)
FNDA:3,init
FNDA:2,wireEvents
FNDA:0,(anonymous_3)
FNDA:0,(anonymous_4)
FNDA:16,(anonymous_5)
FNDA:0,(anonymous_6)
FNDA:0,(anonymous_7)
FNDA:0,(anonymous_8)
FNDA:0,(anonymous_9)
FNDA:0,(anonymous_10)
FNDA:0,(anonymous_11)
FNDA:0,(anonymous_12)
FNDA:14,(anonymous_13)
FNDA:0,(anonymous_14)
FNDA:8,(anonymous_15)
FNDA:0,(anonymous_16)
FNDA:0,(anonymous_17)
FNDA:0,(anonymous_18)
FNDA:0,(anonymous_19)
FNDA:0,(anonymous_20)
FNDA:0,(anonymous_21)
FNDA:0,(anonymous_22)
FNDA:12,(anonymous_23)
FNDA:0,(anonymous_24)
FNDA:0,(anonymous_25)
FNDA:0,(anonymous_26)
FNDA:0,(anonymous_27)
FNDA:0,(anonymous_28)
FNDA:0,(anonymous_29)
FNDA:0,(anonymous_30)
FNDA:0,fireProjectile
FNDA:0,animate
FNDA:2,(anonymous_33)
FNDA:2,(anonymous_34)
FNDA:4,(anonymous_35)
FNDA:24,(anonymous_36)
FNDA:12,(anonymous_37)
FNDA:12,(anonymous_38)
FNDA:0,(anonymous_39)
FNDA:2,(anonymous_40)
FNDA:0,(anonymous_41)
FNDA:0,(anonymous_42)
FNDA:0,(anonymous_43)
FNDA:0,(anonymous_44)
FNDA:0,(anonymous_45)
FNDA:0,(anonymous_46)
FNDA:0,(anonymous_47)
FNDA:0,(anonymous_48)
FNDA:2,initAILab
FNDA:0,toggleAITraining
FNDA:0,resetAINetwork
FNDA:0,runAITrainingLoop
FNDA:3,drawDecisionBoundary
FNDA:0,(anonymous_54)
FNDA:0,updateAIExplanation
FNDA:0,(anonymous_56)
FNDA:0,(anonymous_57)
FNDA:0,(anonymous_58)
FNDA:0,(anonymous_59)
FNDA:0,(anonymous_60)
FNDA:0,(anonymous_61)
FNDA:0,(anonymous_62)
FNDA:0,(anonymous_63)
FNDA:0,(anonymous_64)
FNDA:0,(anonymous_65)
FNDA:0,(anonymous_66)
FNDA:0,(anonymous_67)
FNDA:3,renderActivationGraph
FNDA:2,renderPunnettSquare
FNDA:4,(anonymous_70)
FNDA:4,(anonymous_71)
FNDA:8,(anonymous_72)
FNDA:8,(anonymous_73)
FNDA:8,(anonymous_74)
FNDA:8,(anonymous_75)
FNDA:8,(anonymous_76)
FNDA:2,updatePhDisplay
FNDA:12,(anonymous_78)
FNDA:2,plotMathFunction
FNDA:2,renderTimeline
FNDA:24,(anonymous_81)
FNDA:2,initAlgoLab
FNDA:2,generateAlgoArray
FNDA:2,renderAlgoBars
FNDA:36,(anonymous_85)
FNDA:2,updateAlgoStats
FNDA:0,getAlgoDelay
FNDA:0,(anonymous_88)
FNDA:0,(anonymous_89)
FNDA:0,startAlgorithm
FNDA:0,(anonymous_91)
FNDA:0,bubbleSort
FNDA:0,selectionSort
FNDA:0,quickSortHelper
FNDA:0,partition
FNDA:0,binarySearchSim
FNDA:0,(anonymous_97)
FNDA:0,updateAlgoComplexity
FNDA:3,open
FNDA:24,(anonymous_100)
FNDA:24,(anonymous_101)
FNDA:2,close
FNDA:0,(anonymous_103)
DA:13,1
DA:16,1
DA:17,1
DA:18,1
DA:19,1
DA:20,1
DA:26,3
DA:28,2
DA:29,2
DA:30,2
DA:31,2
DA:353,2
DA:354,2
DA:355,2
DA:356,2
DA:357,2
DA:358,2
DA:359,2
DA:360,2
DA:361,2
DA:368,2
DA:369,2
DA:370,2
DA:372,2
DA:373,0
DA:376,2
DA:377,16
DA:378,0
DA:379,0
DA:380,0
DA:381,0
DA:382,0
DA:383,0
DA:384,0
DA:385,0
DA:390,2
DA:391,0
DA:393,2
DA:394,0
DA:396,2
DA:397,0
DA:399,2
DA:402,2
DA:403,2
DA:406,2
DA:409,2
DA:410,2
DA:411,0
DA:413,2
DA:414,14
DA:415,0
DA:416,0
DA:421,2
DA:422,2
DA:424,2
DA:425,8
DA:426,0
DA:427,0
DA:428,0
DA:429,0
DA:430,0
DA:435,2
DA:436,0
DA:437,0
DA:438,0
DA:439,0
DA:443,2
DA:444,0
DA:445,0
DA:446,0
DA:447,0
DA:451,2
DA:452,0
DA:453,0
DA:456,2
DA:457,0
DA:458,0
DA:461,2
DA:462,0
DA:463,0
DA:464,0
DA:465,0
DA:470,2
DA:471,12
DA:472,0
DA:473,0
DA:474,0
DA:478,2
DA:479,0
DA:480,0
DA:484,2
DA:485,2
DA:486,0
DA:487,0
DA:488,0
DA:489,0
DA:490,0
DA:491,0
DA:493,2
DA:494,0
DA:495,0
DA:496,0
DA:497,0
DA:499,2
DA:500,0
DA:501,0
DA:502,0
DA:503,0
DA:505,2
DA:506,0
DA:507,0
DA:515,0
DA:516,0
DA:517,0
DA:518,0
DA:519,0
DA:521,0
DA:522,0
DA:523,0
DA:524,0
DA:525,0
DA:526,0
DA:528,0
DA:529,0
DA:530,0
DA:532,0
DA:533,0
DA:534,0
DA:537,0
DA:538,0
DA:539,0
DA:540,0
DA:542,0
DA:544,0
DA:545,0
DA:546,0
DA:549,0
DA:550,0
DA:552,0
DA:553,0
DA:554,0
DA:555,0
DA:557,0
DA:558,0
DA:559,0
DA:560,0
DA:561,0
DA:562,0
DA:564,0
DA:565,0
DA:566,0
DA:567,0
DA:568,0
DA:569,0
DA:570,0
DA:571,0
DA:573,0
DA:575,0
DA:576,0
DA:578,0
DA:579,0
DA:580,0
DA:581,0
DA:583,0
DA:584,0
DA:585,0
DA:586,0
DA:587,0
DA:588,0
DA:589,0
DA:591,0
DA:592,0
DA:594,0
DA:595,0
DA:596,0
DA:597,0
DA:598,0
DA:599,0
DA:601,0
DA:602,0
DA:603,0
DA:607,0
DA:615,2
DA:616,2
DA:617,2
DA:618,2
DA:619,2
DA:620,2
DA:621,2
DA:622,2
DA:623,2
DA:624,2
DA:625,2
DA:626,2
DA:630,2
DA:631,2
DA:632,2
DA:633,24
DA:635,2
DA:637,2
DA:638,2
DA:639,12
DA:641,2
DA:645,0
DA:646,0
DA:650,2
DA:651,2
DA:652,2
DA:653,2
DA:654,120
DA:655,120
DA:656,120
DA:658,2
DA:659,120
DA:660,120
DA:661,120
DA:663,0
DA:664,0
DA:665,0
DA:667,0
DA:668,0
DA:670,0
DA:671,0
DA:672,0
DA:673,0
DA:674,0
DA:675,0
DA:677,0
DA:678,0
DA:679,0
DA:680,0
DA:681,0
DA:683,0
DA:684,0
DA:685,0
DA:686,0
DA:692,0
DA:693,0
DA:694,0
DA:695,0
DA:696,0
DA:700,0
DA:701,0
DA:702,0
DA:703,0
DA:704,0
DA:708,0
DA:712,0
DA:713,0
DA:714,0
DA:715,0
DA:716,0
DA:718,0
DA:719,0
DA:720,0
DA:722,0
DA:723,0
DA:727,0
DA:731,0
DA:732,0
DA:734,0
DA:735,0
DA:736,0
DA:737,0
DA:739,0
DA:740,0
DA:741,0
DA:744,0
DA:745,0
DA:746,0
DA:749,0
DA:751,0
DA:752,0
DA:754,0
DA:757,0
DA:758,0
DA:759,0
DA:761,0
DA:762,0
DA:763,0
DA:768,0
DA:769,0
DA:770,0
DA:771,0
DA:772,0
DA:774,0
DA:775,0
DA:776,0
DA:777,0
DA:778,0
DA:783,0
DA:784,0
DA:785,0
DA:786,0
DA:787,0
DA:789,0
DA:791,0
DA:792,0
DA:797,2
DA:798,2
DA:802,0
DA:803,0
DA:804,0
DA:805,0
DA:806,0
DA:808,0
DA:809,0
DA:814,0
DA:815,0
DA:816,0
DA:817,0
DA:818,0
DA:823,0
DA:826,0
DA:827,0
DA:828,0
DA:831,0
DA:832,0
DA:833,0
DA:834,0
DA:836,0
DA:837,0
DA:841,3
DA:842,3
DA:843,3
DA:844,3
DA:846,0
DA:847,0
DA:848,0
DA:849,0
DA:852,0
DA:853,0
DA:854,0
DA:855,0
DA:856,0
DA:859,0
DA:860,0
DA:861,0
DA:863,0
DA:864,0
DA:869,0
DA:870,0
DA:871,0
DA:872,0
DA:873,0
DA:874,0
DA:877,0
DA:878,0
DA:879,0
DA:881,0
DA:882,0
DA:883,0
DA:884,0
DA:885,0
DA:886,0
DA:887,0
DA:892,0
DA:893,0
DA:895,0
DA:896,0
DA:897,0
DA:898,0
DA:899,0
DA:900,0
DA:902,0
DA:909,1
DA:911,0
DA:912,0
DA:917,0
DA:918,0
DA:923,0
DA:924,0
DA:929,0
DA:930,0
DA:935,0
DA:937,0
DA:938,0
DA:939,0
DA:945,0
DA:946,0
DA:953,3
DA:954,3
DA:955,3
DA:956,3
DA:958,0
DA:959,0
DA:960,0
DA:961,0
DA:963,0
DA:964,0
DA:965,0
DA:967,0
DA:968,0
DA:969,0
DA:970,0
DA:973,0
DA:974,0
DA:976,0
DA:977,0
DA:978,0
DA:981,0
DA:982,0
DA:983,0
DA:984,0
DA:985,0
DA:987,0
DA:988,0
DA:989,0
DA:993,0
DA:994,0
DA:995,0
DA:996,0
DA:999,0
DA:1000,0
DA:1001,0
DA:1002,0
DA:1003,0
DA:1004,0
DA:1005,0
DA:1006,0
DA:1007,0
DA:1008,0
DA:1010,0
DA:1011,0
DA:1014,0
DA:1015,0
DA:1016,0
DA:1017,0
DA:1018,0
DA:1019,0
DA:1020,0
DA:1021,0
DA:1022,0
DA:1024,0
DA:1027,0
DA:1028,0
DA:1029,0
DA:1030,0
DA:1031,0
DA:1032,0
DA:1033,0
DA:1034,0
DA:1035,0
DA:1038,0
DA:1039,0
DA:1040,0
DA:1041,0
DA:1042,0
DA:1049,2
DA:1050,2
DA:1051,2
DA:1052,2
DA:1053,2
DA:1055,2
DA:1056,2
DA:1058,2
DA:1059,2
DA:1060,2
DA:1062,2
DA:1063,2
DA:1064,4
DA:1066,2
DA:1067,4
DA:1068,4
DA:1069,4
DA:1070,8
DA:1071,8
DA:1072,8
DA:1073,8
DA:1074,8
DA:1075,8
DA:1076,8
DA:1080,2
DA:1081,2
DA:1083,2
DA:1084,8
DA:1086,8
DA:1087,2
DA:1089,2
DA:1090,2
DA:1091,8
DA:1100,1
DA:1115,2
DA:1116,2
DA:1117,2
DA:1118,2
DA:1119,2
DA:1121,2
DA:1122,2
DA:1123,2
DA:1125,12
DA:1127,2
DA:1128,2
DA:1129,2
DA:1140,2
DA:1141,2
DA:1142,2
DA:1143,2
DA:1144,2
DA:1145,0
DA:1146,0
DA:1148,0
DA:1149,0
DA:1151,0
DA:1152,0
DA:1155,0
DA:1156,0
DA:1157,0
DA:1158,0
DA:1161,0
DA:1162,0
DA:1163,0
DA:1164,0
DA:1167,0
DA:1168,0
DA:1169,0
DA:1170,0
DA:1171,0
DA:1172,0
DA:1173,0
DA:1174,0
DA:1178,0
DA:1179,0
DA:1180,0
DA:1181,0
DA:1182,0
DA:1184,0
DA:1185,0
DA:1187,0
DA:1189,0
DA:1190,0
DA:1192,0
DA:1193,0
DA:1194,0
DA:1197,0
DA:1198,0
DA:1199,0
DA:1201,0
DA:1203,0
DA:1204,0
DA:1205,0
DA:1207,0
DA:1208,0
DA:1209,0
DA:1216,1
DA:1232,2
DA:1233,2
DA:1235,24
DA:1248,1
DA:1249,1
DA:1250,1
DA:1251,1
DA:1252,1
DA:1255,2
DA:1259,2
DA:1260,2
DA:1261,36
DA:1263,2
DA:1264,2
DA:1265,2
DA:1266,2
DA:1270,2
DA:1271,2
DA:1272,2
DA:1273,36
DA:1274,36
DA:1275,36
DA:1276,36
DA:1278,36
DA:1279,36
DA:1280,36
DA:1281,36
DA:1282,36
DA:1284,36
DA:1289,2
DA:1290,2
DA:1291,2
DA:1292,2
DA:1296,0
DA:1297,0
DA:1300,1
DA:1303,0
DA:1304,0
DA:1305,0
DA:1306,0
DA:1307,0
DA:1308,0
DA:1311,0
DA:1312,0
DA:1313,0
DA:1314,0
DA:1315,0
DA:1316,0
DA:1318,0
DA:1319,0
DA:1321,0
DA:1322,0
DA:1323,0
DA:1324,0
DA:1326,0
DA:1327,0
DA:1328,0
DA:1329,0
DA:1334,0
DA:1335,0
DA:1336,0
DA:1337,0
DA:1338,0
DA:1339,0
DA:1340,0
DA:1341,0
DA:1342,0
DA:1344,0
DA:1345,0
DA:1346,0
DA:1347,0
DA:1348,0
DA:1349,0
DA:1350,0
DA:1351,0
DA:1354,0
DA:1359,0
DA:1360,0
DA:1361,0
DA:1362,0
DA:1363,0
DA:1364,0
DA:1365,0
DA:1366,0
DA:1367,0
DA:1368,0
DA:1370,0
DA:1371,0
DA:1374,0
DA:1375,0
DA:1376,0
DA:1377,0
DA:1378,0
DA:1379,0
DA:1380,0
DA:1381,0
DA:1383,0
DA:1388,0
DA:1389,0
DA:1390,0
DA:1391,0
DA:1396,0
DA:1397,0
DA:1398,0
DA:1399,0
DA:1400,0
DA:1401,0
DA:1402,0
DA:1403,0
DA:1405,0
DA:1406,0
DA:1407,0
DA:1408,0
DA:1409,0
DA:1410,0
DA:1411,0
DA:1412,0
DA:1413,0
DA:1416,0
DA:1417,0
DA:1418,0
DA:1419,0
DA:1420,0
DA:1421,0
DA:1422,0
DA:1423,0
DA:1427,0
DA:1428,0
DA:1429,0
DA:1431,0
DA:1432,0
DA:1434,0
DA:1435,0
DA:1436,0
DA:1437,0
DA:1438,0
DA:1439,0
DA:1441,0
DA:1442,0
DA:1443,0
DA:1445,0
DA:1446,0
DA:1448,0
DA:1454,0
DA:1455,0
DA:1456,0
DA:1457,0
DA:1459,0
DA:1460,0
DA:1461,0
DA:1462,0
DA:1463,0
DA:1464,0
DA:1465,0
DA:1466,0
DA:1467,0
DA:1468,0
DA:1469,0
DA:1470,0
DA:1471,0
DA:1472,0
DA:1473,0
DA:1474,0
DA:1482,3
DA:1483,3
DA:1484,3
DA:1485,3
DA:1486,3
DA:1487,24
DA:1488,24
DA:1489,3
DA:1490,3
DA:1491,3
DA:1492,3
DA:1493,3
DA:1498,2
DA:1499,2
DA:1500,2
DA:1501,2
DA:1502,2
DA:1503,2
DA:1504,2
DA:1505,2
DA:1506,2
DA:1507,2
DA:1508,2
DA:1511,1
DA:1514,1
DA:1515,0
DA:1516,0
DA:1517,0
DA:1521,1
LF:737
LH:209
BRDA:26,0,0,1
BRDA:26,0,1,2
BRDA:370,1,0,0
BRDA:370,1,1,0
BRDA:373,2,0,0
BRDA:373,2,1,0
BRDA:373,3,0,0
BRDA:373,3,1,0
BRDA:382,4,0,0
BRDA:382,4,1,0
BRDA:383,5,0,0
BRDA:383,5,1,0
BRDA:384,6,0,0
BRDA:384,6,1,0
BRDA:385,7,0,0
BRDA:385,7,1,0
BRDA:411,8,0,0
BRDA:411,8,1,0
BRDA:416,9,0,0
BRDA:416,9,1,0
BRDA:428,10,0,0
BRDA:428,10,1,0
BRDA:436,11,0,0
BRDA:436,11,1,0
BRDA:444,12,0,0
BRDA:444,12,1,0
BRDA:453,13,0,0
BRDA:453,13,1,0
BRDA:458,14,0,0
BRDA:458,14,1,0
BRDA:463,15,0,0
BRDA:463,15,1,0
BRDA:489,16,0,0
BRDA:489,16,1,0
BRDA:490,17,0,0
BRDA:490,17,1,0
BRDA:497,18,0,0
BRDA:497,18,1,0
BRDA:497,19,0,0
BRDA:497,19,1,0
BRDA:507,20,0,0
BRDA:507,20,1,0
BRDA:507,21,0,0
BRDA:507,21,1,0
BRDA:516,22,0,0
BRDA:516,22,1,0
BRDA:518,23,0,0
BRDA:518,23,1,0
BRDA:521,24,0,0
BRDA:521,24,1,0
BRDA:522,25,0,0
BRDA:522,25,1,0
BRDA:523,26,0,0
BRDA:523,26,1,0
BRDA:533,27,0,0
BRDA:533,27,1,0
BRDA:542,28,0,0
BRDA:542,28,1,0
BRDA:570,29,0,0
BRDA:570,29,1,0
BRDA:578,30,0,0
BRDA:578,30,1,0
BRDA:578,31,0,0
BRDA:578,31,1,0
BRDA:652,32,0,2
BRDA:652,32,1,0
BRDA:663,33,0,0
BRDA:663,33,1,0
BRDA:670,34,0,0
BRDA:670,34,1,0
BRDA:674,35,0,0
BRDA:674,35,1,0
BRDA:677,36,0,0
BRDA:677,36,1,0
BRDA:692,37,0,0
BRDA:692,37,1,0
BRDA:693,38,0,0
BRDA:693,38,1,0
BRDA:694,39,0,0
BRDA:694,39,1,0
BRDA:695,40,0,0
BRDA:695,40,1,0
BRDA:695,41,0,0
BRDA:695,41,1,0
BRDA:700,42,0,0
BRDA:700,42,1,0
BRDA:700,43,0,0
BRDA:700,43,1,0
BRDA:701,44,0,0
BRDA:701,44,1,0
BRDA:702,45,0,0
BRDA:702,45,1,0
BRDA:703,46,0,0
BRDA:703,46,1,0
BRDA:703,47,0,0
BRDA:703,47,1,0
BRDA:768,48,0,0
BRDA:768,48,1,0
BRDA:774,49,0,0
BRDA:774,49,1,0
BRDA:804,50,0,0
BRDA:804,50,1,0
BRDA:805,51,0,0
BRDA:805,51,1,0
BRDA:806,52,0,0
BRDA:806,52,1,0
BRDA:808,53,0,0
BRDA:808,53,1,0
BRDA:814,54,0,0
BRDA:814,54,1,0
BRDA:823,55,0,0
BRDA:823,55,1,0
BRDA:823,56,0,0
BRDA:823,56,1,0
BRDA:833,57,0,0
BRDA:833,57,1,0
BRDA:834,58,0,0
BRDA:834,58,1,0
BRDA:842,59,0,0
BRDA:842,59,1,3
BRDA:842,60,0,3
BRDA:842,60,1,3
BRDA:844,61,0,3
BRDA:844,61,1,0
BRDA:883,62,0,0
BRDA:883,62,1,0
BRDA:893,63,0,0
BRDA:893,63,1,0
BRDA:893,64,0,0
BRDA:893,64,1,0
BRDA:895,65,0,0
BRDA:895,65,1,0
BRDA:895,66,0,0
BRDA:895,66,1,0
BRDA:897,67,0,0
BRDA:897,67,1,0
BRDA:897,68,0,0
BRDA:897,68,1,0
BRDA:899,69,0,0
BRDA:899,69,1,0
BRDA:912,70,0,0
BRDA:912,70,1,0
BRDA:929,71,0,0
BRDA:929,71,1,0
BRDA:930,72,0,0
BRDA:930,72,1,0
BRDA:954,73,0,0
BRDA:954,73,1,3
BRDA:956,74,0,3
BRDA:956,74,1,0
BRDA:960,75,0,0
BRDA:960,75,1,0
BRDA:961,76,0,0
BRDA:961,76,1,0
BRDA:963,77,0,0
BRDA:963,77,1,0
BRDA:1007,78,0,0
BRDA:1007,78,1,0
BRDA:1021,79,0,0
BRDA:1021,79,1,0
BRDA:1049,80,0,2
BRDA:1049,80,1,0
BRDA:1050,81,0,2
BRDA:1050,81,1,0
BRDA:1053,82,0,0
BRDA:1053,82,1,2
BRDA:1055,83,0,2
BRDA:1055,83,1,0
BRDA:1056,84,0,2
BRDA:1056,84,1,0
BRDA:1075,85,0,4
BRDA:1075,85,1,4
BRDA:1084,86,0,8
BRDA:1084,86,1,8
BRDA:1089,87,0,2
BRDA:1089,87,1,0
BRDA:1119,88,0,0
BRDA:1119,88,1,2
BRDA:1122,89,0,2
BRDA:1122,89,1,0
BRDA:1123,90,0,2
BRDA:1123,90,1,0
BRDA:1125,91,0,2
BRDA:1125,91,1,0
BRDA:1125,92,0,12
BRDA:1125,92,1,12
BRDA:1127,93,0,2
BRDA:1127,93,1,0
BRDA:1128,94,0,0
BRDA:1128,94,1,2
BRDA:1128,95,0,0
BRDA:1128,95,1,2
BRDA:1142,96,0,0
BRDA:1142,96,1,2
BRDA:1142,97,0,2
BRDA:1142,97,1,2
BRDA:1144,98,0,2
BRDA:1144,98,1,0
BRDA:1146,99,0,0
BRDA:1146,99,1,0
BRDA:1170,100,0,0
BRDA:1170,100,1,0
BRDA:1172,101,0,0
BRDA:1172,101,1,0
BRDA:1172,102,0,0
BRDA:1172,102,1,0
BRDA:1174,103,0,0
BRDA:1174,103,1,0
BRDA:1174,104,0,0
BRDA:1174,104,1,0
BRDA:1192,105,0,0
BRDA:1192,105,1,0
BRDA:1192,106,0,0
BRDA:1192,106,1,0
BRDA:1198,107,0,0
BRDA:1198,107,1,0
BRDA:1233,108,0,0
BRDA:1233,108,1,2
BRDA:1258,109,0,0
BRDA:1269,110,0,2
BRDA:1269,111,0,2
BRDA:1269,112,0,2
BRDA:1269,113,0,2
BRDA:1271,114,0,0
BRDA:1271,114,1,2
BRDA:1279,115,0,0
BRDA:1279,115,1,36
BRDA:1280,116,0,0
BRDA:1280,116,1,36
BRDA:1281,117,0,0
BRDA:1281,117,1,36
BRDA:1282,118,0,0
BRDA:1282,118,1,36
BRDA:1291,119,0,2
BRDA:1291,119,1,0
BRDA:1292,120,0,2
BRDA:1292,120,1,0
BRDA:1297,121,0,0
BRDA:1297,121,1,0
BRDA:1303,122,0,0
BRDA:1303,122,1,0
BRDA:1307,123,0,0
BRDA:1307,123,1,0
BRDA:1311,124,0,0
BRDA:1311,124,1,0
BRDA:1319,125,0,0
BRDA:1319,125,1,0
BRDA:1321,126,0,0
BRDA:1321,126,1,0
BRDA:1322,127,0,0
BRDA:1322,127,1,0
BRDA:1323,128,0,0
BRDA:1323,128,1,0
BRDA:1324,129,0,0
BRDA:1324,129,1,0
BRDA:1327,130,0,0
BRDA:1327,130,1,0
BRDA:1328,131,0,0
BRDA:1328,131,1,0
BRDA:1338,132,0,0
BRDA:1338,132,1,0
BRDA:1344,133,0,0
BRDA:1344,133,1,0
BRDA:1364,134,0,0
BRDA:1364,134,1,0
BRDA:1370,135,0,0
BRDA:1370,135,1,0
BRDA:1374,136,0,0
BRDA:1374,136,1,0
BRDA:1388,137,0,0
BRDA:1388,137,1,0
BRDA:1388,138,0,0
BRDA:1388,138,1,0
BRDA:1399,139,0,0
BRDA:1399,139,1,0
BRDA:1405,140,0,0
BRDA:1405,140,1,0
BRDA:1434,141,0,0
BRDA:1434,141,1,0
BRDA:1441,142,0,0
BRDA:1441,142,1,0
BRDA:1445,143,0,0
BRDA:1445,143,1,0
BRDA:1454,144,0,0
BRDA:1454,144,1,0
BRDA:1459,145,0,0
BRDA:1459,145,1,0
BRDA:1460,146,0,0
BRDA:1460,146,1,0
BRDA:1461,147,0,0
BRDA:1461,147,1,0
BRDA:1462,148,0,0
BRDA:1462,148,1,0
BRDA:1463,149,0,0
BRDA:1463,149,1,0
BRDA:1464,150,0,0
BRDA:1464,150,1,0
BRDA:1465,151,0,0
BRDA:1465,151,1,0
BRDA:1466,152,0,0
BRDA:1466,152,1,0
BRDA:1467,153,0,0
BRDA:1467,153,1,0
BRDA:1468,154,0,0
BRDA:1468,154,1,0
BRDA:1469,155,0,0
BRDA:1469,155,1,0
BRDA:1470,156,0,0
BRDA:1470,156,1,0
BRDA:1471,157,0,0
BRDA:1471,157,1,0
BRDA:1472,158,0,0
BRDA:1472,158,1,0
BRDA:1473,159,0,0
BRDA:1473,159,1,0
BRDA:1474,160,0,0
BRDA:1474,160,1,0
BRDA:1484,161,0,3
BRDA:1484,161,1,0
BRDA:1486,162,0,3
BRDA:1486,162,1,0
BRDA:1490,163,0,1
BRDA:1490,163,1,2
BRDA:1491,164,0,1
BRDA:1491,164,1,2
BRDA:1492,165,0,0
BRDA:1492,165,1,3
BRDA:1493,166,0,0
BRDA:1493,166,1,3
BRDA:1499,167,0,2
BRDA:1499,167,1,0
BRDA:1500,168,0,0
BRDA:1500,168,1,2
BRDA:1501,169,0,0
BRDA:1501,169,1,2
BRDA:1506,170,0,2
BRDA:1506,170,1,0
BRDA:1508,171,0,2
BRDA:1508,171,1,0
BRDA:1515,172,0,0
BRDA:1515,172,1,0
BRDA:1515,173,0,0
BRDA:1515,173,1,0
BRDA:1515,173,2,0
BRDA:1515,173,3,0
BRDA:1515,173,4,0
BRF:346
BRH:57
end_of_record
TN:
SF:js\school-os.js
FN:13,(anonymous_0)
FN:71,init
FN:310,wireEventListeners
FN:315,(anonymous_3)
FN:320,(anonymous_4)
FN:327,(anonymous_5)
FN:328,(anonymous_6)
FN:335,(anonymous_7)
FN:336,(anonymous_8)
FN:337,(anonymous_9)
FN:348,(anonymous_10)
FN:352,(anonymous_11)
FN:366,(anonymous_12)
FN:373,(anonymous_13)
FN:382,(anonymous_14)
FN:386,(anonymous_15)
FN:390,(anonymous_16)
FN:391,(anonymous_17)
FN:393,(anonymous_18)
FN:400,(anonymous_19)
FN:401,(anonymous_20)
FN:408,(anonymous_21)
FN:413,(anonymous_22)
FN:414,(anonymous_23)
FN:415,(anonymous_24)
FN:427,(anonymous_25)
FN:435,switchTab
FN:437,(anonymous_27)
FN:440,(anonymous_28)
FN:452,setPomodoroMode
FN:465,updatePomodoroDisplay
FN:472,togglePomodoro
FN:481,(anonymous_32)
FN:496,resetPomodoro
FN:502,playChime
FN:522,renderFlashcard
FN:540,nextFlashcard
FN:549,playSoundscape
FN:601,(anonymous_38)
FN:611,stopSoundscape
FN:621,(anonymous_40)
FN:667,setupConverterUnits
FN:675,(anonymous_42)
FN:676,(anonymous_43)
FN:681,calculateConversion
FN:703,(anonymous_45)
FN:704,(anonymous_46)
FN:716,getPlannerTasks
FN:728,savePlannerTasks
FN:732,addPlannerTask
FN:755,renderPlannerTasks
FN:765,(anonymous_51)
FN:785,(anonymous_52)
FN:786,(anonymous_53)
FN:789,(anonymous_54)
FN:803,(anonymous_55)
FN:804,(anonymous_56)
FN:806,(anonymous_57)
FN:819,(anonymous_58)
FN:820,(anonymous_59)
FN:822,(anonymous_60)
FN:832,loadSavedData
FN:839,open
FN:848,close
FN:861,(anonymous_64)
FNF:65
FNH:15
FNDA:1,(anonymous_0)
FNDA:4,init
FNDA:4,wireEventListeners
FNDA:0,(anonymous_3)
FNDA:0,(anonymous_4)
FNDA:24,(anonymous_5)
FNDA:0,(anonymous_6)
FNDA:12,(anonymous_7)
FNDA:0,(anonymous_8)
FNDA:0,(anonymous_9)
FNDA:1,(anonymous_10)
FNDA:0,(anonymous_11)
FNDA:0,(anonymous_12)
FNDA:0,(anonymous_13)
FNDA:0,(anonymous_14)
FNDA:0,(anonymous_15)
FNDA:0,(anonymous_16)
FNDA:0,(anonymous_17)
FNDA:0,(anonymous_18)
FNDA:16,(anonymous_19)
FNDA:0,(anonymous_20)
FNDA:0,(anonymous_21)
FNDA:20,(anonymous_22)
FNDA:0,(anonymous_23)
FNDA:0,(anonymous_24)
FNDA:0,(anonymous_25)
FNDA:3,switchTab
FNDA:18,(anonymous_27)
FNDA:18,(anonymous_28)
FNDA:0,setPomodoroMode
FNDA:0,updatePomodoroDisplay
FNDA:0,togglePomodoro
FNDA:0,(anonymous_32)
FNDA:0,resetPomodoro
FNDA:0,playChime
FNDA:1,renderFlashcard
FNDA:0,nextFlashcard
FNDA:0,playSoundscape
FNDA:0,(anonymous_38)
FNDA:0,stopSoundscape
FNDA:0,(anonymous_40)
FNDA:0,setupConverterUnits
FNDA:0,(anonymous_42)
FNDA:0,(anonymous_43)
FNDA:0,calculateConversion
FNDA:0,(anonymous_45)
FNDA:0,(anonymous_46)
FNDA:0,getPlannerTasks
FNDA:0,savePlannerTasks
FNDA:0,addPlannerTask
FNDA:0,renderPlannerTasks
FNDA:0,(anonymous_51)
FNDA:0,(anonymous_52)
FNDA:0,(anonymous_53)
FNDA:0,(anonymous_54)
FNDA:0,(anonymous_55)
FNDA:0,(anonymous_56)
FNDA:0,(anonymous_57)
FNDA:0,(anonymous_58)
FNDA:0,(anonymous_59)
FNDA:0,(anonymous_60)
FNDA:4,loadSavedData
FNDA:4,open
FNDA:1,close
FNDA:0,(anonymous_64)
DA:13,1
DA:19,1
DA:26,1
DA:27,1
DA:28,1
DA:29,1
DA:30,1
DA:33,1
DA:34,1
DA:35,1
DA:36,1
DA:39,1
DA:65,1
DA:66,1
DA:72,4
DA:74,4
DA:75,4
DA:76,4
DA:77,4
DA:302,4
DA:303,4
DA:304,4
DA:311,4
DA:312,4
DA:314,4
DA:315,4
DA:316,0
DA:320,4
DA:321,0
DA:322,0
DA:327,4
DA:328,24
DA:329,0
DA:330,0
DA:335,4
DA:336,12
DA:337,0
DA:338,0
DA:339,0
DA:343,4
DA:344,4
DA:347,4
DA:348,4
DA:349,1
DA:352,4
DA:353,0
DA:354,0
DA:355,0
DA:356,0
DA:358,0
DA:359,0
DA:360,0
DA:361,0
DA:362,0
DA:366,4
DA:367,0
DA:368,0
DA:369,0
DA:373,4
DA:374,0
DA:375,0
DA:376,0
DA:381,4
DA:382,4
DA:383,0
DA:386,4
DA:387,0
DA:390,4
DA:391,4
DA:393,4
DA:394,0
DA:395,0
DA:396,0
DA:400,4
DA:401,16
DA:402,0
DA:403,0
DA:407,4
DA:408,4
DA:409,0
DA:413,4
DA:414,20
DA:415,0
DA:416,0
DA:417,0
DA:421,4
DA:422,4
DA:423,4
DA:426,4
DA:427,4
DA:428,0
DA:436,3
DA:437,3
DA:438,18
DA:440,3
DA:441,18
DA:444,3
DA:445,3
DA:446,3
DA:453,0
DA:454,0
DA:455,0
DA:456,0
DA:458,0
DA:459,0
DA:460,0
DA:462,0
DA:466,0
DA:467,0
DA:468,0
DA:469,0
DA:473,0
DA:474,0
DA:475,0
DA:476,0
DA:477,0
DA:479,0
DA:480,0
DA:481,0
DA:482,0
DA:483,0
DA:484,0
DA:486,0
DA:487,0
DA:488,0
DA:489,0
DA:490,0
DA:497,0
DA:498,0
DA:499,0
DA:503,0
DA:504,0
DA:505,0
DA:506,0
DA:507,0
DA:508,0
DA:509,0
DA:510,0
DA:511,0
DA:512,0
DA:513,0
DA:514,0
DA:515,0
DA:523,1
DA:524,1
DA:525,1
DA:527,1
DA:528,1
DA:529,1
DA:531,1
DA:532,1
DA:533,1
DA:535,1
DA:536,1
DA:537,1
DA:541,0
DA:542,0
DA:543,0
DA:550,0
DA:551,0
DA:552,0
DA:553,0
DA:554,0
DA:555,0
DA:556,0
DA:558,0
DA:560,0
DA:561,0
DA:562,0
DA:563,0
DA:565,0
DA:566,0
DA:568,0
DA:569,0
DA:570,0
DA:571,0
DA:572,0
DA:573,0
DA:574,0
DA:575,0
DA:578,0
DA:579,0
DA:580,0
DA:582,0
DA:583,0
DA:584,0
DA:586,0
DA:587,0
DA:588,0
DA:589,0
DA:590,0
DA:592,0
DA:593,0
DA:594,0
DA:595,0
DA:596,0
DA:597,0
DA:600,0
DA:601,0
DA:602,0
DA:604,0
DA:605,0
DA:607,0
DA:612,0
DA:613,0
DA:614,0
DA:616,0
DA:617,0
DA:618,0
DA:620,0
DA:621,0
DA:622,0
DA:623,0
DA:629,1
DA:665,1
DA:668,0
DA:669,0
DA:670,0
DA:671,0
DA:673,0
DA:675,0
DA:676,0
DA:678,0
DA:682,0
DA:683,0
DA:684,0
DA:685,0
DA:687,0
DA:689,0
DA:690,0
DA:691,0
DA:692,0
DA:694,0
DA:695,0
DA:696,0
DA:698,0
DA:699,0
DA:702,0
DA:703,0
DA:704,0
DA:706,0
DA:707,0
DA:708,0
DA:709,0
DA:717,0
DA:718,0
DA:719,0
DA:724,0
DA:729,0
DA:733,0
DA:734,0
DA:735,0
DA:737,0
DA:738,0
DA:740,0
DA:741,0
DA:749,0
DA:750,0
DA:751,0
DA:752,0
DA:756,0
DA:757,0
DA:759,0
DA:760,0
DA:761,0
DA:762,0
DA:765,0
DA:785,0
DA:786,0
DA:787,0
DA:788,0
DA:789,0
DA:790,0
DA:791,0
DA:792,0
DA:793,0
DA:794,0
DA:795,0
DA:796,0
DA:803,0
DA:804,0
DA:805,0
DA:806,0
DA:807,0
DA:808,0
DA:809,0
DA:810,0
DA:811,0
DA:812,0
DA:819,0
DA:820,0
DA:821,0
DA:822,0
DA:823,0
DA:824,0
DA:833,4
DA:834,4
DA:835,4
DA:840,4
DA:841,4
DA:842,4
DA:843,4
DA:844,4
DA:849,1
DA:850,1
DA:854,1
DA:861,1
DA:862,0
DA:863,0
DA:864,0
DA:868,1
LF:311
LH:91
BRDA:72,0,0,0
BRDA:72,0,1,4
BRDA:316,1,0,0
BRDA:316,1,1,0
BRDA:321,2,0,0
BRDA:321,2,1,0
BRDA:321,3,0,0
BRDA:321,3,1,0
BRDA:354,4,0,0
BRDA:354,4,1,0
BRDA:360,5,0,0
BRDA:360,5,1,0
BRDA:367,6,0,0
BRDA:367,6,1,0
BRDA:374,7,0,0
BRDA:374,7,1,0
BRDA:409,8,0,0
BRDA:409,8,1,0
BRDA:428,9,0,0
BRDA:428,9,1,0
BRDA:444,10,0,1
BRDA:444,10,1,2
BRDA:445,11,0,0
BRDA:445,11,1,3
BRDA:446,12,0,0
BRDA:446,12,1,3
BRDA:458,13,0,0
BRDA:458,13,1,0
BRDA:459,14,0,0
BRDA:459,14,1,0
BRDA:460,15,0,0
BRDA:460,15,1,0
BRDA:469,16,0,0
BRDA:469,16,1,0
BRDA:474,17,0,0
BRDA:474,17,1,0
BRDA:477,18,0,0
BRDA:477,18,1,0
BRDA:480,19,0,0
BRDA:480,19,1,0
BRDA:482,20,0,0
BRDA:482,20,1,0
BRDA:489,21,0,0
BRDA:489,21,1,0
BRDA:490,22,0,0
BRDA:490,22,1,0
BRDA:504,23,0,0
BRDA:504,23,1,0
BRDA:523,24,0,1
BRDA:523,24,1,0
BRDA:524,25,0,0
BRDA:524,25,1,1
BRDA:525,26,0,0
BRDA:525,26,1,1
BRDA:529,27,0,1
BRDA:529,27,1,0
BRDA:535,28,0,1
BRDA:535,28,1,0
BRDA:536,29,0,1
BRDA:536,29,1,0
BRDA:537,30,0,1
BRDA:537,30,1,0
BRDA:541,31,0,0
BRDA:541,31,1,0
BRDA:552,32,0,0
BRDA:552,32,1,0
BRDA:554,33,0,0
BRDA:554,33,1,0
BRDA:558,34,0,0
BRDA:558,34,1,0
BRDA:558,35,0,0
BRDA:558,35,1,0
BRDA:558,35,2,0
BRDA:583,36,0,0
BRDA:583,36,1,0
BRDA:583,37,0,0
BRDA:583,37,1,0
BRDA:584,38,0,0
BRDA:584,38,1,0
BRDA:584,39,0,0
BRDA:584,39,1,0
BRDA:590,40,0,0
BRDA:590,40,1,0
BRDA:605,41,0,0
BRDA:605,41,1,0
BRDA:612,42,0,0
BRDA:612,42,1,0
BRDA:616,43,0,0
BRDA:616,43,1,0
BRDA:623,44,0,0
BRDA:623,44,1,0
BRDA:669,45,0,0
BRDA:669,45,1,0
BRDA:673,46,0,0
BRDA:673,46,1,0
BRDA:673,47,0,0
BRDA:673,47,1,0
BRDA:676,48,0,0
BRDA:676,48,1,0
BRDA:682,49,0,0
BRDA:682,49,1,0
BRDA:687,50,0,0
BRDA:687,50,1,0
BRDA:687,51,0,0
BRDA:687,51,1,0
BRDA:689,52,0,0
BRDA:689,52,1,0
BRDA:691,53,0,0
BRDA:691,53,1,0
BRDA:692,54,0,0
BRDA:692,54,1,0
BRDA:695,55,0,0
BRDA:695,55,1,0
BRDA:696,56,0,0
BRDA:696,56,1,0
BRDA:702,57,0,0
BRDA:702,57,1,0
BRDA:706,58,0,0
BRDA:706,58,1,0
BRDA:706,59,0,0
BRDA:706,59,1,0
BRDA:719,60,0,0
BRDA:719,60,1,0
BRDA:738,61,0,0
BRDA:738,61,1,0
BRDA:744,62,0,0
BRDA:744,62,1,0
BRDA:745,63,0,0
BRDA:745,63,1,0
BRDA:757,64,0,0
BRDA:757,64,1,0
BRDA:760,65,0,0
BRDA:760,65,1,0
BRDA:766,66,0,0
BRDA:766,66,1,0
BRDA:768,67,0,0
BRDA:768,67,1,0
BRDA:790,68,0,0
BRDA:790,68,1,0
BRDA:794,69,0,0
BRDA:794,69,1,0
BRDA:796,70,0,0
BRDA:796,70,1,0
BRDA:807,71,0,0
BRDA:807,71,1,0
BRDA:810,72,0,0
BRDA:810,72,1,0
BRDA:834,73,0,4
BRDA:834,73,1,0
BRDA:835,74,0,4
BRDA:835,74,1,4
BRDA:842,75,0,4
BRDA:842,75,1,0
BRDA:844,76,0,2
BRDA:844,76,1,2
BRDA:850,77,0,1
BRDA:850,77,1,0
BRDA:862,78,0,0
BRDA:862,78,1,0
BRDA:862,79,0,0
BRDA:862,79,1,0
BRDA:862,79,2,0
BRDA:862,79,3,0
BRDA:862,79,4,0
BRF:164
BRH:19
end_of_record
TN:
SF:js\socratic-tutor.js
FN:7,(anonymous_0)
FN:54,detectMisconception
FN:67,generateScaffoldingUI
FN:83,(anonymous_3)
FN:84,(anonymous_4)
FN:86,(anonymous_5)
FN:117,initUI
FN:127,(anonymous_7)
FN:140,getSocraticPrompt
FN:144,isEnabled
FN:148,toggle
FNF:11
FNH:3
FNDA:1,(anonymous_0)
FNDA:2,detectMisconception
FNDA:0,generateScaffoldingUI
FNDA:0,(anonymous_3)
FNDA:0,(anonymous_4)
FNDA:0,(anonymous_5)
FNDA:0,initUI
FNDA:0,(anonymous_7)
FNDA:0,getSocraticPrompt
FNDA:1,isEnabled
FNDA:0,toggle
DA:7,1
DA:10,1
DA:12,1
DA:15,1
DA:31,1
DA:55,2
DA:56,2
DA:57,4
DA:58,2
DA:61,0
DA:68,0
DA:69,0
DA:70,0
DA:83,0
DA:84,0
DA:85,0
DA:86,0
DA:87,0
DA:89,0
DA:90,0
DA:92,0
DA:93,0
DA:94,0
DA:95,0
DA:96,0
DA:97,0
DA:98,0
DA:99,0
DA:100,0
DA:103,0
DA:104,0
DA:105,0
DA:106,0
DA:111,0
DA:119,0
DA:120,0
DA:121,0
DA:122,0
DA:123,0
DA:124,0
DA:125,0
DA:127,0
DA:128,0
DA:129,0
DA:130,0
DA:131,0
DA:132,0
DA:135,0
DA:141,0
DA:145,1
DA:149,0
DA:150,0
DA:151,0
DA:152,0
DA:153,0
DA:157,1
DA:165,1
LF:57
LH:12
BRDA:55,0,0,0
BRDA:55,0,1,2
BRDA:57,1,0,2
BRDA:57,1,1,2
BRDA:90,2,0,0
BRDA:90,2,1,0
BRDA:93,3,0,0
BRDA:93,3,1,0
BRDA:95,4,0,0
BRDA:95,4,1,0
BRDA:97,5,0,0
BRDA:97,5,1,0
BRDA:99,6,0,0
BRDA:99,6,1,0
BRDA:105,7,0,0
BRDA:105,7,1,0
BRDA:120,8,0,0
BRDA:120,8,1,0
BRDA:120,9,0,0
BRDA:120,9,1,0
BRDA:123,10,0,0
BRDA:123,10,1,0
BRDA:130,11,0,0
BRDA:130,11,1,0
BRDA:132,12,0,0
BRDA:132,12,1,0
BRDA:141,13,0,0
BRDA:141,13,1,0
BRDA:149,14,0,0
BRDA:149,14,1,0
BRDA:150,15,0,0
BRDA:150,15,1,0
BRDA:152,16,0,0
BRDA:152,16,1,0
BRF:34
BRH:3
end_of_record
